/tmp/slurmd/job48307797/slurm_script: line 0: unalias: pine: not found
/tmp/slurmd/job48307797/slurm_script: line 0: unalias: quota: not found
/tmp/slurmd/job48307797/slurm_script: line 0: unalias: chsh: not found
/tmp/slurmd/job48307797/slurm_script: line 0: unalias: grpe: not found
/tmp/slurmd/job48307797/slurm_script: line 0: unalias: alloc: not found
/tmp/slurmd/job48307797/slurm_script: line 0: unalias: vi: not found
/tmp/slurmd/job48307797/slurm_script: line 0: unalias: chfn: not found
2018-08-10 17:43:10.381355: I tensorflow/core/platform/cpu_feature_guard.cc:141] Your CPU supports instructions that this TensorFlow binary was not compiled to use: AVX2 FMA
2018-08-10 17:43:10.621702: I tensorflow/core/common_runtime/gpu/gpu_device.cc:1392] Found device 0 with properties: 
name: Tesla K80 major: 3 minor: 7 memoryClockRate(GHz): 0.8235
pciBusID: 0000:89:00.0
totalMemory: 11.17GiB freeMemory: 11.10GiB
2018-08-10 17:43:10.621804: I tensorflow/core/common_runtime/gpu/gpu_device.cc:1471] Adding visible gpu devices: 0
2018-08-10 17:43:10.922206: I tensorflow/core/common_runtime/gpu/gpu_device.cc:952] Device interconnect StreamExecutor with strength 1 edge matrix:
2018-08-10 17:43:10.922294: I tensorflow/core/common_runtime/gpu/gpu_device.cc:958]      0 
2018-08-10 17:43:10.922306: I tensorflow/core/common_runtime/gpu/gpu_device.cc:971] 0:   N 
2018-08-10 17:43:10.922586: I tensorflow/core/common_runtime/gpu/gpu_device.cc:1084] Created TensorFlow device (/job:localhost/replica:0/task:0/device:GPU:0 with 10761 MB memory) -> physical GPU (device: 0, name: Tesla K80, pci bus id: 0000:89:00.0, compute capability: 3.7)
2018-08-11 00:50:52.840716: I tensorflow/core/common_runtime/gpu/gpu_device.cc:1471] Adding visible gpu devices: 0
2018-08-11 00:50:52.842227: I tensorflow/core/common_runtime/gpu/gpu_device.cc:952] Device interconnect StreamExecutor with strength 1 edge matrix:
2018-08-11 00:50:52.842274: I tensorflow/core/common_runtime/gpu/gpu_device.cc:958]      0 
2018-08-11 00:50:52.842292: I tensorflow/core/common_runtime/gpu/gpu_device.cc:971] 0:   N 
2018-08-11 00:50:52.842538: I tensorflow/core/common_runtime/gpu/gpu_device.cc:1084] Created TensorFlow device (/job:localhost/replica:0/task:0/device:GPU:0 with 10761 MB memory) -> physical GPU (device: 0, name: Tesla K80, pci bus id: 0000:89:00.0, compute capability: 3.7)
