/tmp/slurmd/job48401189/slurm_script: line 0: unalias: pine: not found
/tmp/slurmd/job48401189/slurm_script: line 0: unalias: quota: not found
/tmp/slurmd/job48401189/slurm_script: line 0: unalias: chsh: not found
/tmp/slurmd/job48401189/slurm_script: line 0: unalias: grpe: not found
/tmp/slurmd/job48401189/slurm_script: line 0: unalias: alloc: not found
/tmp/slurmd/job48401189/slurm_script: line 0: unalias: vi: not found
/tmp/slurmd/job48401189/slurm_script: line 0: unalias: chfn: not found
2018-08-13 10:57:48.591582: I tensorflow/core/platform/cpu_feature_guard.cc:141] Your CPU supports instructions that this TensorFlow binary was not compiled to use: AVX2 FMA
2018-08-13 10:57:48.821870: I tensorflow/core/common_runtime/gpu/gpu_device.cc:1392] Found device 0 with properties: 
name: Tesla K80 major: 3 minor: 7 memoryClockRate(GHz): 0.8235
pciBusID: 0000:08:00.0
totalMemory: 11.17GiB freeMemory: 11.10GiB
2018-08-13 10:57:48.821934: I tensorflow/core/common_runtime/gpu/gpu_device.cc:1471] Adding visible gpu devices: 0
2018-08-13 10:57:59.447312: I tensorflow/core/common_runtime/gpu/gpu_device.cc:952] Device interconnect StreamExecutor with strength 1 edge matrix:
2018-08-13 10:57:59.447381: I tensorflow/core/common_runtime/gpu/gpu_device.cc:958]      0 
2018-08-13 10:57:59.447396: I tensorflow/core/common_runtime/gpu/gpu_device.cc:971] 0:   N 
2018-08-13 10:57:59.447842: I tensorflow/core/common_runtime/gpu/gpu_device.cc:1084] Created TensorFlow device (/job:localhost/replica:0/task:0/device:GPU:0 with 10760 MB memory) -> physical GPU (device: 0, name: Tesla K80, pci bus id: 0000:08:00.0, compute capability: 3.7)
2018-08-13 10:58:01.886276: I tensorflow/core/common_runtime/gpu/gpu_device.cc:1471] Adding visible gpu devices: 0
2018-08-13 10:58:01.886356: I tensorflow/core/common_runtime/gpu/gpu_device.cc:952] Device interconnect StreamExecutor with strength 1 edge matrix:
2018-08-13 10:58:01.886376: I tensorflow/core/common_runtime/gpu/gpu_device.cc:958]      0 
2018-08-13 10:58:01.886390: I tensorflow/core/common_runtime/gpu/gpu_device.cc:971] 0:   N 
2018-08-13 10:58:01.886581: I tensorflow/core/common_runtime/gpu/gpu_device.cc:1084] Created TensorFlow device (/job:localhost/replica:0/task:0/device:GPU:0 with 10760 MB memory) -> physical GPU (device: 0, name: Tesla K80, pci bus id: 0000:08:00.0, compute capability: 3.7)
2018-08-14 05:17:30.851609: I tensorflow/core/common_runtime/gpu/gpu_device.cc:1471] Adding visible gpu devices: 0
2018-08-14 05:17:30.852641: I tensorflow/core/common_runtime/gpu/gpu_device.cc:952] Device interconnect StreamExecutor with strength 1 edge matrix:
2018-08-14 05:17:30.852674: I tensorflow/core/common_runtime/gpu/gpu_device.cc:958]      0 
2018-08-14 05:17:30.852689: I tensorflow/core/common_runtime/gpu/gpu_device.cc:971] 0:   N 
2018-08-14 05:17:30.852920: I tensorflow/core/common_runtime/gpu/gpu_device.cc:1084] Created TensorFlow device (/job:localhost/replica:0/task:0/device:GPU:0 with 10760 MB memory) -> physical GPU (device: 0, name: Tesla K80, pci bus id: 0000:08:00.0, compute capability: 3.7)
