/tmp/slurmd/job49625061/slurm_script: line 0: unalias: pine: not found
/tmp/slurmd/job49625061/slurm_script: line 0: unalias: quota: not found
/tmp/slurmd/job49625061/slurm_script: line 0: unalias: chsh: not found
/tmp/slurmd/job49625061/slurm_script: line 0: unalias: grpe: not found
/tmp/slurmd/job49625061/slurm_script: line 0: unalias: alloc: not found
/tmp/slurmd/job49625061/slurm_script: line 0: unalias: vi: not found
/tmp/slurmd/job49625061/slurm_script: line 0: unalias: chfn: not found
							 patches_per_record         10000
	 source_dir                 /project/foster/clouds/data/gee/gdrive17AUG2018Afternoon/
 patches_per_record         10000
 patches_per_record         10000
 mode                       pptif
	 mode                       pptif
 fields                     None
					 stride                     [128, 128]
		 out_dir                    /project/foster/clouds/data/gee/4km_pxl
 source_dir                 /project/foster/clouds/data/gee/gdrive17AUG2018Afternoon/
 mode                       pptif
 shape                      [128, 128]
	 patches_per_record         10000
	 fields                     None
 patches_per_record         10000
					 patches_per_record         10000
		 resize                     0.25
			 fields                     None
 patches_per_record         10000
 fields                     None
 patches_per_record         10000
 source_dir                 /project/foster/clouds/data/gee/gdrive17AUG2018Afternoon/
	 mode                       pptif
 shape                      [128, 128]
	 shape                      [128, 128]
 out_dir                    /project/foster/clouds/data/gee/4km_pxl
 out_dir                    /project/foster/clouds/data/gee/4km_pxl
					 shape                      [128, 128]
		 out_dir                    /project/foster/clouds/data/gee/4km_pxl
			 source_dir                 /project/foster/clouds/data/gee/gdrive17AUG2018Afternoon/
 shape                      [128, 128]
 shape                      [128, 128]
 fields                     None
 stride                     [128, 128]
 stride                     [128, 128]
 resize                     0.25
	 source_dir                 /project/foster/clouds/data/gee/gdrive17AUG2018Afternoon/
 shape                      [128, 128]
 shape                      [128, 128]
						 mode                       pptif
			 patches_per_record         10000
 stride                     [128, 128]
 stride                     [128, 128]
 out_dir                    /project/foster/clouds/data/gee/4km_pxl
 mode                       pptif
 stride                     [128, 128]
	 mode                       pptif
 resize                     0.25
 resize                     0.25
					 source_dir                 /project/foster/clouds/data/gee/gdrive17AUG2018Afternoon/
			 out_dir                    /project/foster/clouds/data/gee/4km_pxl
 fields                     None
 out_dir                    /project/foster/clouds/data/gee/4km_pxl
 source_dir                 /project/foster/clouds/data/gee/gdrive17AUG2018Afternoon/
 fields                     None
	 patches_per_record         10000
 stride                     [128, 128]
 source_dir                 /project/foster/clouds/data/gee/gdrive17AUG2018Afternoon/
					 shape                      [128, 128]
			 resize                     0.25
 mode                       pptif
 fields                     None
 stride                     [128, 128]
 source_dir                 /project/foster/clouds/data/gee/gdrive17AUG2018Afternoon/
	 out_dir                    /project/foster/clouds/data/gee/4km_pxl
 patches_per_record         10000
 stride                     [128, 128]
				 fields                     None
			 mode                       pptif
 shape                      [128, 128]
 resize                     0.25
 out_dir                    /project/foster/clouds/data/gee/4km_pxl

 fields                     None
 source_dir                 /project/foster/clouds/data/gee/gdrive17AUG2018Afternoon/
 mode                       pptif
			



 shape                      [128, 128]
 source_dir                 /project/foster/clouds/data/gee/gdrive17AUG2018Afternoon/
 shape                      [128, 128]



	
 stride                     [128, 128]



 stride                     [128, 128]
	 out_dir                    /project/foster/clouds/data/gee/4km_pxl
	 mode                       pptif
	 patches_per_record         10000
	 source_dir                 /project/foster/clouds/data/gee/gdrive17AUG2018Afternoon/
	 shape                      [128, 128]
	 resize                     0.25
			 resize                     0.25
		 resize                     0.25
 resize                     0.25
				 resize                     0.25
		 stride                     [128, 128]
 resize                     0.25
 resize                     0.25
 resize                     0.25
 resize                     0.25
	 fields                     None
 source_dir                 /project/foster/clouds/data/gee/gdrive17AUG2018Afternoon/


			 out_dir                    /project/foster/clouds/data/gee/4km_pxl
		

 source_dir                 /project/foster/clouds/data/gee/gdrive17AUG2018Afternoon/
 stride                     [128, 128]
 stride                     [128, 128]
	 source_dir                 /project/foster/clouds/data/gee/gdrive17AUG2018Afternoon/
 fields                     None
			 fields                     None
		 stride                     [128, 128]
 patches_per_record         10000
 patches_per_record         10000

 out_dir                    /project/foster/clouds/data/gee/4km_pxl
 patches_per_record         10000
			
		 out_dir                    /project/foster/clouds/data/gee/4km_pxl
 mode                       pptif
 out_dir                    /project/foster/clouds/data/gee/4km_pxl
 mode                       pptif
 shape                      [128, 128]
	
			 mode                       pptif

 shape                      [128, 128]
 out_dir                    /project/foster/clouds/data/gee/4km_pxl
		
 shape                      [128, 128]
 source_dir                 /project/foster/clouds/data/gee/gdrive17AUG2018Afternoon/
 stride                     [128, 128]

		
 fields                     None
	 fields                     None


	
 resize                     0.25
 mode                       pptif

	
 mode                       pptif
	 patches_per_record         10000
	 out_dir                    /project/foster/clouds/data/gee/4km_pxl


	 fields                     None


Reading /project/foster/clouds/data/gee/gdrive17AUG2018Afternoon/2017-01-02_MOD09GA_background_removal_zero_inputated_image_with_cf_50perc_grid_size10-0000000000-0000035328.tif
Reading /project/foster/clouds/data/gee/gdrive17AUG2018Afternoon/2017-01-02_MOD09GA_background_removal_zero_inputated_image_with_cf_50perc_grid_size10-0000000000-0000070656.tif
Reading /project/foster/clouds/data/gee/gdrive17AUG2018Afternoon/2017-01-02_MOD09GA_background_removal_zero_inputated_image_with_cf_50perc_grid_size10-0000000000-0000000000.tif
Reading /project/foster/clouds/data/gee/gdrive17AUG2018Afternoon/2017-01-01_MOD09GA_background_removal_zero_inputated_image_with_cf_50perc_grid_size10-0000000000-0000035328.tif
Reading /project/foster/clouds/data/gee/gdrive17AUG2018Afternoon/2017-01-02_MOD09GA_background_removal_zero_inputated_image_with_cf_50perc_grid_size10-0000000000-0000017664.tif
Reading /project/foster/clouds/data/gee/gdrive17AUG2018Afternoon/2017-01-01_MOD09GA_background_removal_zero_inputated_image_with_cf_50perc_grid_size10-0000017664-0000052992.tif
Reading /project/foster/clouds/data/gee/gdrive17AUG2018Afternoon/2017-01-01_MOD09GA_background_removal_zero_inputated_image_with_cf_50perc_grid_size10-0000000000-0000070656.tif
Reading /project/foster/clouds/data/gee/gdrive17AUG2018Afternoon/2017-01-02_MOD09GA_background_removal_zero_inputated_image_with_cf_50perc_grid_size10-0000017664-0000000000.tif
Reading /project/foster/clouds/data/gee/gdrive17AUG2018Afternoon/2017-01-01_MOD09GA_background_removal_zero_inputated_image_with_cf_50perc_grid_size10-0000017664-0000035328.tif
Reading /project/foster/clouds/data/gee/gdrive17AUG2018Afternoon/2017-01-01_MOD09GA_background_removal_zero_inputated_image_with_cf_50perc_grid_size10-0000017664-0000000000.tif
Reading /project/foster/clouds/data/gee/gdrive17AUG2018Afternoon/2017-01-01_MOD09GA_background_removal_zero_inputated_image_with_cf_50perc_grid_size10-0000000000-0000052992.tif
Reading /project/foster/clouds/data/gee/gdrive17AUG2018Afternoon/2017-01-01_MOD09GA_background_removal_zero_inputated_image_with_cf_50perc_grid_size10-0000000000-0000017664.tif
Reading /project/foster/clouds/data/gee/gdrive17AUG2018Afternoon/2017-01-01_MOD09GA_background_removal_zero_inputated_image_with_cf_50perc_grid_size10-0000017664-0000017664.tif
Reading /project/foster/clouds/data/gee/gdrive17AUG2018Afternoon/2017-01-02_MOD09GA_background_removal_zero_inputated_image_with_cf_50perc_grid_size10-0000000000-0000052992.tif
Reading /project/foster/clouds/data/gee/gdrive17AUG2018Afternoon/2017-01-01_MOD09GA_background_removal_zero_inputated_image_with_cf_50perc_grid_size10-0000017664-0000070656.tif
Reading /project/foster/clouds/data/gee/gdrive17AUG2018Afternoon/2017-01-01_MOD09GA_background_removal_zero_inputated_image_with_cf_50perc_grid_size10-0000000000-0000000000.tif
Writing to 9-0.tfrecord
Reading /project/foster/clouds/data/gee/gdrive17AUG2018Afternoon/2017-01-03_MOD09GA_background_removal_zero_inputated_image_with_cf_50perc_grid_size10-0000017664-0000000000.tif
Writing to 5-0.tfrecord
Writing to 15-0.tfrecord
Writing to 8-0.tfrecord
Reading /project/foster/clouds/data/gee/gdrive17AUG2018Afternoon/2017-01-03_MOD09GA_background_removal_zero_inputated_image_with_cf_50perc_grid_size10-0000000000-0000017664.tif
Reading /project/foster/clouds/data/gee/gdrive17AUG2018Afternoon/2017-01-04_MOD09GA_background_removal_zero_inputated_image_with_cf_50perc_grid_size10-0000000000-0000017664.tif
Writing to 7-0.tfrecord
Reading /project/foster/clouds/data/gee/gdrive17AUG2018Afternoon/2017-01-03_MOD09GA_background_removal_zero_inputated_image_with_cf_50perc_grid_size10-0000000000-0000070656.tif
Reading /project/foster/clouds/data/gee/gdrive17AUG2018Afternoon/2017-01-03_MOD09GA_background_removal_zero_inputated_image_with_cf_50perc_grid_size10-0000000000-0000052992.tif
Writing to 6-0.tfrecord
Reading /project/foster/clouds/data/gee/gdrive17AUG2018Afternoon/2017-01-03_MOD09GA_background_removal_zero_inputated_image_with_cf_50perc_grid_size10-0000000000-0000035328.tif
Writing to 14-0.tfrecord
Reading /project/foster/clouds/data/gee/gdrive17AUG2018Afternoon/2017-01-04_MOD09GA_background_removal_zero_inputated_image_with_cf_50perc_grid_size10-0000000000-0000000000.tif
Writing to 4-0.tfrecord
Reading /project/foster/clouds/data/gee/gdrive17AUG2018Afternoon/2017-01-03_MOD09GA_background_removal_zero_inputated_image_with_cf_50perc_grid_size10-0000000000-0000000000.tif
Reading /project/foster/clouds/data/gee/gdrive17AUG2018Afternoon/2017-01-05_MOD09GA_background_removal_zero_inputated_image_with_cf_50perc_grid_size10-0000000000-0000017664.tif
Writing to 0-0.tfrecord
Writing to 10-0.tfrecord
Reading /project/foster/clouds/data/gee/gdrive17AUG2018Afternoon/2017-01-02_MOD09GA_background_removal_zero_inputated_image_with_cf_50perc_grid_size10-0000017664-0000017664.tif
Reading /project/foster/clouds/data/gee/gdrive17AUG2018Afternoon/2017-01-03_MOD09GA_background_removal_zero_inputated_image_with_cf_50perc_grid_size10-0000017664-0000017664.tif
Writing to 12-0.tfrecord
Reading /project/foster/clouds/data/gee/gdrive17AUG2018Afternoon/2017-01-03_MOD09GA_background_removal_zero_inputated_image_with_cf_50perc_grid_size10-0000017664-0000052992.tif
Writing to 2-0.tfrecord
Writing to 11-0.tfrecord
Writing to 1-0.tfrecord
Reading /project/foster/clouds/data/gee/gdrive17AUG2018Afternoon/2017-01-05_MOD09GA_background_removal_zero_inputated_image_with_cf_50perc_grid_size10-0000000000-0000000000.tif
Reading /project/foster/clouds/data/gee/gdrive17AUG2018Afternoon/2017-01-03_MOD09GA_background_removal_zero_inputated_image_with_cf_50perc_grid_size10-0000017664-0000035328.tif
Reading /project/foster/clouds/data/gee/gdrive17AUG2018Afternoon/2017-01-02_MOD09GA_background_removal_zero_inputated_image_with_cf_50perc_grid_size10-0000017664-0000052992.tif
Writing to 13-0.tfrecord
Reading /project/foster/clouds/data/gee/gdrive17AUG2018Afternoon/2017-01-02_MOD09GA_background_removal_zero_inputated_image_with_cf_50perc_grid_size10-0000017664-0000035328.tif
Writing to 3-0.tfrecord
Reading /project/foster/clouds/data/gee/gdrive17AUG2018Afternoon/2017-01-03_MOD09GA_background_removal_zero_inputated_image_with_cf_50perc_grid_size10-0000017664-0000070656.tif
Reading /project/foster/clouds/data/gee/gdrive17AUG2018Afternoon/2017-01-02_MOD09GA_background_removal_zero_inputated_image_with_cf_50perc_grid_size10-0000017664-0000070656.tif
Reading /project/foster/clouds/data/gee/gdrive17AUG2018Afternoon/2017-01-04_MOD09GA_background_removal_zero_inputated_image_with_cf_50perc_grid_size10-0000000000-0000035328.tif
Reading /project/foster/clouds/data/gee/gdrive17AUG2018Afternoon/2017-01-05_MOD09GA_background_removal_zero_inputated_image_with_cf_50perc_grid_size10-0000000000-0000035328.tif
Reading /project/foster/clouds/data/gee/gdrive17AUG2018Afternoon/2017-01-05_MOD09GA_background_removal_zero_inputated_image_with_cf_50perc_grid_size10-0000000000-0000070656.tif
Reading /project/foster/clouds/data/gee/gdrive17AUG2018Afternoon/2017-01-05_MOD09GA_background_removal_zero_inputated_image_with_cf_50perc_grid_size10-0000017664-0000000000.tif
Reading /project/foster/clouds/data/gee/gdrive17AUG2018Afternoon/2017-01-04_MOD09GA_background_removal_zero_inputated_image_with_cf_50perc_grid_size10-0000017664-0000000000.tif
Reading /project/foster/clouds/data/gee/gdrive17AUG2018Afternoon/2017-01-04_MOD09GA_background_removal_zero_inputated_image_with_cf_50perc_grid_size10-0000017664-0000052992.tif
Reading /project/foster/clouds/data/gee/gdrive17AUG2018Afternoon/2017-01-04_MOD09GA_background_removal_zero_inputated_image_with_cf_50perc_grid_size10-0000017664-0000035328.tif
Reading /project/foster/clouds/data/gee/gdrive17AUG2018Afternoon/2017-01-05_MOD09GA_background_removal_zero_inputated_image_with_cf_50perc_grid_size10-0000017664-0000017664.tif
Reading /project/foster/clouds/data/gee/gdrive17AUG2018Afternoon/2017-01-04_MOD09GA_background_removal_zero_inputated_image_with_cf_50perc_grid_size10-0000000000-0000070656.tif
Reading /project/foster/clouds/data/gee/gdrive17AUG2018Afternoon/2017-01-05_MOD09GA_background_removal_zero_inputated_image_with_cf_50perc_grid_size10-0000017664-0000035328.tif
Reading /project/foster/clouds/data/gee/gdrive17AUG2018Afternoon/2017-01-04_MOD09GA_background_removal_zero_inputated_image_with_cf_50perc_grid_size10-0000017664-0000017664.tif
Reading /project/foster/clouds/data/gee/gdrive17AUG2018Afternoon/2017-01-05_MOD09GA_background_removal_zero_inputated_image_with_cf_50perc_grid_size10-0000000000-0000052992.tif
Reading /project/foster/clouds/data/gee/gdrive17AUG2018Afternoon/2017-01-04_MOD09GA_background_removal_zero_inputated_image_with_cf_50perc_grid_size10-0000017664-0000070656.tif
Reading /project/foster/clouds/data/gee/gdrive17AUG2018Afternoon/2017-01-04_MOD09GA_background_removal_zero_inputated_image_with_cf_50perc_grid_size10-0000000000-0000052992.tif
Reading /project/foster/clouds/data/gee/gdrive17AUG2018Afternoon/2017-01-06_MOD09GA_background_removal_zero_inputated_image_with_cf_50perc_grid_size10-0000017664-0000035328.tif
Reading /project/foster/clouds/data/gee/gdrive17AUG2018Afternoon/2017-01-07_MOD09GA_background_removal_zero_inputated_image_with_cf_50perc_grid_size10-0000000000-0000017664.tif
Reading /project/foster/clouds/data/gee/gdrive17AUG2018Afternoon/2017-01-06_MOD09GA_background_removal_zero_inputated_image_with_cf_50perc_grid_size10-0000017664-0000000000.tif
Reading /project/foster/clouds/data/gee/gdrive17AUG2018Afternoon/2017-01-06_MOD09GA_background_removal_zero_inputated_image_with_cf_50perc_grid_size10-0000000000-0000017664.tif
Reading /project/foster/clouds/data/gee/gdrive17AUG2018Afternoon/2017-01-06_MOD09GA_background_removal_zero_inputated_image_with_cf_50perc_grid_size10-0000000000-0000070656.tif
Reading /project/foster/clouds/data/gee/gdrive17AUG2018Afternoon/2017-01-06_MOD09GA_background_removal_zero_inputated_image_with_cf_50perc_grid_size10-0000017664-0000017664.tif
Reading /project/foster/clouds/data/gee/gdrive17AUG2018Afternoon/2017-01-06_MOD09GA_background_removal_zero_inputated_image_with_cf_50perc_grid_size10-0000000000-0000052992.tif
Reading /project/foster/clouds/data/gee/gdrive17AUG2018Afternoon/2017-01-07_MOD09GA_background_removal_zero_inputated_image_with_cf_50perc_grid_size10-0000000000-0000000000.tif
Reading /project/foster/clouds/data/gee/gdrive17AUG2018Afternoon/2017-01-07_MOD09GA_background_removal_zero_inputated_image_with_cf_50perc_grid_size10-0000000000-0000035328.tif
Reading /project/foster/clouds/data/gee/gdrive17AUG2018Afternoon/2017-01-07_MOD09GA_background_removal_zero_inputated_image_with_cf_50perc_grid_size10-0000000000-0000052992.tif
Reading /project/foster/clouds/data/gee/gdrive17AUG2018Afternoon/2017-01-06_MOD09GA_background_removal_zero_inputated_image_with_cf_50perc_grid_size10-0000000000-0000000000.tif
Reading /project/foster/clouds/data/gee/gdrive17AUG2018Afternoon/2017-01-06_MOD09GA_background_removal_zero_inputated_image_with_cf_50perc_grid_size10-0000000000-0000035328.tif
Reading /project/foster/clouds/data/gee/gdrive17AUG2018Afternoon/2017-01-08_MOD09GA_background_removal_zero_inputated_image_with_cf_50perc_grid_size10-0000000000-0000017664.tif
Reading /project/foster/clouds/data/gee/gdrive17AUG2018Afternoon/2017-01-08_MOD09GA_background_removal_zero_inputated_image_with_cf_50perc_grid_size10-0000000000-0000052992.tif
Reading /project/foster/clouds/data/gee/gdrive17AUG2018Afternoon/2017-01-05_MOD09GA_background_removal_zero_inputated_image_with_cf_50perc_grid_size10-0000017664-0000052992.tif
Reading /project/foster/clouds/data/gee/gdrive17AUG2018Afternoon/2017-01-08_MOD09GA_background_removal_zero_inputated_image_with_cf_50perc_grid_size10-0000000000-0000000000.tif
Reading /project/foster/clouds/data/gee/gdrive17AUG2018Afternoon/2017-01-06_MOD09GA_background_removal_zero_inputated_image_with_cf_50perc_grid_size10-0000017664-0000052992.tif
Reading /project/foster/clouds/data/gee/gdrive17AUG2018Afternoon/2017-01-08_MOD09GA_background_removal_zero_inputated_image_with_cf_50perc_grid_size10-0000000000-0000035328.tif
Reading /project/foster/clouds/data/gee/gdrive17AUG2018Afternoon/2017-01-05_MOD09GA_background_removal_zero_inputated_image_with_cf_50perc_grid_size10-0000017664-0000070656.tif
Reading /project/foster/clouds/data/gee/gdrive17AUG2018Afternoon/2017-01-06_MOD09GA_background_removal_zero_inputated_image_with_cf_50perc_grid_size10-0000017664-0000070656.tif
Reading /project/foster/clouds/data/gee/gdrive17AUG2018Afternoon/2017-01-07_MOD09GA_background_removal_zero_inputated_image_with_cf_50perc_grid_size10-0000000000-0000070656.tif
Reading /project/foster/clouds/data/gee/gdrive17AUG2018Afternoon/2017-01-08_MOD09GA_background_removal_zero_inputated_image_with_cf_50perc_grid_size10-0000017664-0000035328.tif
Reading /project/foster/clouds/data/gee/gdrive17AUG2018Afternoon/2017-01-08_MOD09GA_background_removal_zero_inputated_image_with_cf_50perc_grid_size10-0000000000-0000070656.tif
Reading /project/foster/clouds/data/gee/gdrive17AUG2018Afternoon/2017-01-08_MOD09GA_background_removal_zero_inputated_image_with_cf_50perc_grid_size10-0000017664-0000017664.tif
Reading /project/foster/clouds/data/gee/gdrive17AUG2018Afternoon/2017-01-07_MOD09GA_background_removal_zero_inputated_image_with_cf_50perc_grid_size10-0000017664-0000035328.tif
Reading /project/foster/clouds/data/gee/gdrive17AUG2018Afternoon/2017-01-07_MOD09GA_background_removal_zero_inputated_image_with_cf_50perc_grid_size10-0000017664-0000017664.tif
Reading /project/foster/clouds/data/gee/gdrive17AUG2018Afternoon/2017-01-08_MOD09GA_background_removal_zero_inputated_image_with_cf_50perc_grid_size10-0000017664-0000052992.tif
Reading /project/foster/clouds/data/gee/gdrive17AUG2018Afternoon/2017-01-07_MOD09GA_background_removal_zero_inputated_image_with_cf_50perc_grid_size10-0000017664-0000052992.tif
Reading /project/foster/clouds/data/gee/gdrive17AUG2018Afternoon/2017-01-07_MOD09GA_background_removal_zero_inputated_image_with_cf_50perc_grid_size10-0000017664-0000000000.tif
Reading /project/foster/clouds/data/gee/gdrive17AUG2018Afternoon/2017-01-08_MOD09GA_background_removal_zero_inputated_image_with_cf_50perc_grid_size10-0000017664-0000000000.tif
Reading /project/foster/clouds/data/gee/gdrive17AUG2018Afternoon/2017-01-07_MOD09GA_background_removal_zero_inputated_image_with_cf_50perc_grid_size10-0000017664-0000070656.tif
Reading /project/foster/clouds/data/gee/gdrive17AUG2018Afternoon/2017-01-08_MOD09GA_background_removal_zero_inputated_image_with_cf_50perc_grid_size10-0000017664-0000070656.tif
Reading /project/foster/clouds/data/gee/gdrive17AUG2018Afternoon/2017-01-09_MOD09GA_background_removal_zero_inputated_image_with_cf_50perc_grid_size10-0000017664-0000017664.tif
Reading /project/foster/clouds/data/gee/gdrive17AUG2018Afternoon/2017-01-10_MOD09GA_background_removal_zero_inputated_image_with_cf_50perc_grid_size10-0000000000-0000052992.tif
Reading /project/foster/clouds/data/gee/gdrive17AUG2018Afternoon/2017-01-09_MOD09GA_background_removal_zero_inputated_image_with_cf_50perc_grid_size10-0000017664-0000035328.tif
Reading /project/foster/clouds/data/gee/gdrive17AUG2018Afternoon/2017-01-09_MOD09GA_background_removal_zero_inputated_image_with_cf_50perc_grid_size10-0000000000-0000000000.tif
Reading /project/foster/clouds/data/gee/gdrive17AUG2018Afternoon/2017-01-09_MOD09GA_background_removal_zero_inputated_image_with_cf_50perc_grid_size10-0000000000-0000052992.tif
Reading /project/foster/clouds/data/gee/gdrive17AUG2018Afternoon/2017-01-10_MOD09GA_background_removal_zero_inputated_image_with_cf_50perc_grid_size10-0000000000-0000035328.tif
Reading /project/foster/clouds/data/gee/gdrive17AUG2018Afternoon/2017-01-10_MOD09GA_background_removal_zero_inputated_image_with_cf_50perc_grid_size10-0000000000-0000070656.tif
Reading /project/foster/clouds/data/gee/gdrive17AUG2018Afternoon/2017-01-09_MOD09GA_background_removal_zero_inputated_image_with_cf_50perc_grid_size10-0000017664-0000070656.tif
Reading /project/foster/clouds/data/gee/gdrive17AUG2018Afternoon/2017-01-09_MOD09GA_background_removal_zero_inputated_image_with_cf_50perc_grid_size10-0000017664-0000000000.tif
Reading /project/foster/clouds/data/gee/gdrive17AUG2018Afternoon/2017-01-09_MOD09GA_background_removal_zero_inputated_image_with_cf_50perc_grid_size10-0000000000-0000017664.tif
Reading /project/foster/clouds/data/gee/gdrive17AUG2018Afternoon/2017-01-10_MOD09GA_background_removal_zero_inputated_image_with_cf_50perc_grid_size10-0000017664-0000000000.tif
Reading /project/foster/clouds/data/gee/gdrive17AUG2018Afternoon/2017-01-09_MOD09GA_background_removal_zero_inputated_image_with_cf_50perc_grid_size10-0000000000-0000035328.tif
Reading /project/foster/clouds/data/gee/gdrive17AUG2018Afternoon/2017-01-09_MOD09GA_background_removal_zero_inputated_image_with_cf_50perc_grid_size10-0000000000-0000070656.tif
Reading /project/foster/clouds/data/gee/gdrive17AUG2018Afternoon/2017-01-10_MOD09GA_background_removal_zero_inputated_image_with_cf_50perc_grid_size10-0000000000-0000017664.tif
Reading /project/foster/clouds/data/gee/gdrive17AUG2018Afternoon/2017-01-09_MOD09GA_background_removal_zero_inputated_image_with_cf_50perc_grid_size10-0000017664-0000052992.tif
Reading /project/foster/clouds/data/gee/gdrive17AUG2018Afternoon/2017-01-10_MOD09GA_background_removal_zero_inputated_image_with_cf_50perc_grid_size10-0000000000-0000000000.tif
Reading /project/foster/clouds/data/gee/gdrive17AUG2018Afternoon/2017-01-11_MOD09GA_background_removal_zero_inputated_image_with_cf_50perc_grid_size10-0000017664-0000000000.tif
Reading /project/foster/clouds/data/gee/gdrive17AUG2018Afternoon/2017-01-11_MOD09GA_background_removal_zero_inputated_image_with_cf_50perc_grid_size10-0000000000-0000035328.tif
Reading /project/foster/clouds/data/gee/gdrive17AUG2018Afternoon/2017-01-11_MOD09GA_background_removal_zero_inputated_image_with_cf_50perc_grid_size10-0000000000-0000017664.tif
Reading /project/foster/clouds/data/gee/gdrive17AUG2018Afternoon/2017-01-11_MOD09GA_background_removal_zero_inputated_image_with_cf_50perc_grid_size10-0000000000-0000052992.tif
Reading /project/foster/clouds/data/gee/gdrive17AUG2018Afternoon/2017-01-12_MOD09GA_background_removal_zero_inputated_image_with_cf_50perc_grid_size10-0000000000-0000017664.tif
Reading /project/foster/clouds/data/gee/gdrive17AUG2018Afternoon/2017-01-11_MOD09GA_background_removal_zero_inputated_image_with_cf_50perc_grid_size10-0000000000-0000070656.tif
Reading /project/foster/clouds/data/gee/gdrive17AUG2018Afternoon/2017-01-11_MOD09GA_background_removal_zero_inputated_image_with_cf_50perc_grid_size10-0000000000-0000000000.tif
Reading /project/foster/clouds/data/gee/gdrive17AUG2018Afternoon/2017-01-12_MOD09GA_background_removal_zero_inputated_image_with_cf_50perc_grid_size10-0000000000-0000000000.tif
Reading /project/foster/clouds/data/gee/gdrive17AUG2018Afternoon/2017-01-13_MOD09GA_background_removal_zero_inputated_image_with_cf_50perc_grid_size10-0000000000-0000017664.tif
Reading /project/foster/clouds/data/gee/gdrive17AUG2018Afternoon/2017-01-10_MOD09GA_background_removal_zero_inputated_image_with_cf_50perc_grid_size10-0000017664-0000017664.tif
Reading /project/foster/clouds/data/gee/gdrive17AUG2018Afternoon/2017-01-11_MOD09GA_background_removal_zero_inputated_image_with_cf_50perc_grid_size10-0000017664-0000017664.tif
Reading /project/foster/clouds/data/gee/gdrive17AUG2018Afternoon/2017-01-11_MOD09GA_background_removal_zero_inputated_image_with_cf_50perc_grid_size10-0000017664-0000052992.tif
Reading /project/foster/clouds/data/gee/gdrive17AUG2018Afternoon/2017-01-11_MOD09GA_background_removal_zero_inputated_image_with_cf_50perc_grid_size10-0000017664-0000070656.tif
Reading /project/foster/clouds/data/gee/gdrive17AUG2018Afternoon/2017-01-10_MOD09GA_background_removal_zero_inputated_image_with_cf_50perc_grid_size10-0000017664-0000070656.tif
Reading /project/foster/clouds/data/gee/gdrive17AUG2018Afternoon/2017-01-11_MOD09GA_background_removal_zero_inputated_image_with_cf_50perc_grid_size10-0000017664-0000035328.tif
Reading /project/foster/clouds/data/gee/gdrive17AUG2018Afternoon/2017-01-10_MOD09GA_background_removal_zero_inputated_image_with_cf_50perc_grid_size10-0000017664-0000052992.tif
Reading /project/foster/clouds/data/gee/gdrive17AUG2018Afternoon/2017-01-13_MOD09GA_background_removal_zero_inputated_image_with_cf_50perc_grid_size10-0000000000-0000000000.tif
Reading /project/foster/clouds/data/gee/gdrive17AUG2018Afternoon/2017-01-10_MOD09GA_background_removal_zero_inputated_image_with_cf_50perc_grid_size10-0000017664-0000035328.tif
Reading /project/foster/clouds/data/gee/gdrive17AUG2018Afternoon/2017-01-13_MOD09GA_background_removal_zero_inputated_image_with_cf_50perc_grid_size10-0000017664-0000000000.tif
Reading /project/foster/clouds/data/gee/gdrive17AUG2018Afternoon/2017-01-12_MOD09GA_background_removal_zero_inputated_image_with_cf_50perc_grid_size10-0000017664-0000000000.tif
Reading /project/foster/clouds/data/gee/gdrive17AUG2018Afternoon/2017-01-12_MOD09GA_background_removal_zero_inputated_image_with_cf_50perc_grid_size10-0000000000-0000035328.tif
Reading /project/foster/clouds/data/gee/gdrive17AUG2018Afternoon/2017-01-12_MOD09GA_background_removal_zero_inputated_image_with_cf_50perc_grid_size10-0000017664-0000052992.tif
Reading /project/foster/clouds/data/gee/gdrive17AUG2018Afternoon/2017-01-12_MOD09GA_background_removal_zero_inputated_image_with_cf_50perc_grid_size10-0000017664-0000035328.tif
Reading /project/foster/clouds/data/gee/gdrive17AUG2018Afternoon/2017-01-13_MOD09GA_background_removal_zero_inputated_image_with_cf_50perc_grid_size10-0000000000-0000070656.tif
Reading /project/foster/clouds/data/gee/gdrive17AUG2018Afternoon/2017-01-13_MOD09GA_background_removal_zero_inputated_image_with_cf_50perc_grid_size10-0000017664-0000035328.tif
Reading /project/foster/clouds/data/gee/gdrive17AUG2018Afternoon/2017-01-12_MOD09GA_background_removal_zero_inputated_image_with_cf_50perc_grid_size10-0000000000-0000070656.tif
Reading /project/foster/clouds/data/gee/gdrive17AUG2018Afternoon/2017-01-13_MOD09GA_background_removal_zero_inputated_image_with_cf_50perc_grid_size10-0000000000-0000035328.tif
Reading /project/foster/clouds/data/gee/gdrive17AUG2018Afternoon/2017-01-13_MOD09GA_background_removal_zero_inputated_image_with_cf_50perc_grid_size10-0000017664-0000017664.tif
Reading /project/foster/clouds/data/gee/gdrive17AUG2018Afternoon/2017-01-12_MOD09GA_background_removal_zero_inputated_image_with_cf_50perc_grid_size10-0000017664-0000070656.tif
Reading /project/foster/clouds/data/gee/gdrive17AUG2018Afternoon/2017-01-12_MOD09GA_background_removal_zero_inputated_image_with_cf_50perc_grid_size10-0000017664-0000017664.tif
Reading /project/foster/clouds/data/gee/gdrive17AUG2018Afternoon/2017-01-12_MOD09GA_background_removal_zero_inputated_image_with_cf_50perc_grid_size10-0000000000-0000052992.tif
Reading /project/foster/clouds/data/gee/gdrive17AUG2018Afternoon/2017-01-13_MOD09GA_background_removal_zero_inputated_image_with_cf_50perc_grid_size10-0000000000-0000052992.tif
Reading /project/foster/clouds/data/gee/gdrive17AUG2018Afternoon/2017-01-14_MOD09GA_background_removal_zero_inputated_image_with_cf_50perc_grid_size10-0000017664-0000035328.tif
Reading /project/foster/clouds/data/gee/gdrive17AUG2018Afternoon/2017-01-15_MOD09GA_background_removal_zero_inputated_image_with_cf_50perc_grid_size10-0000000000-0000017664.tif
Reading /project/foster/clouds/data/gee/gdrive17AUG2018Afternoon/2017-01-14_MOD09GA_background_removal_zero_inputated_image_with_cf_50perc_grid_size10-0000017664-0000000000.tif
Reading /project/foster/clouds/data/gee/gdrive17AUG2018Afternoon/2017-01-14_MOD09GA_background_removal_zero_inputated_image_with_cf_50perc_grid_size10-0000000000-0000017664.tif
Reading /project/foster/clouds/data/gee/gdrive17AUG2018Afternoon/2017-01-14_MOD09GA_background_removal_zero_inputated_image_with_cf_50perc_grid_size10-0000000000-0000070656.tif
Reading /project/foster/clouds/data/gee/gdrive17AUG2018Afternoon/2017-01-14_MOD09GA_background_removal_zero_inputated_image_with_cf_50perc_grid_size10-0000000000-0000052992.tif
Reading /project/foster/clouds/data/gee/gdrive17AUG2018Afternoon/2017-01-15_MOD09GA_background_removal_zero_inputated_image_with_cf_50perc_grid_size10-0000000000-0000052992.tif
Reading /project/foster/clouds/data/gee/gdrive17AUG2018Afternoon/2017-01-15_MOD09GA_background_removal_zero_inputated_image_with_cf_50perc_grid_size10-0000000000-0000000000.tif
Reading /project/foster/clouds/data/gee/gdrive17AUG2018Afternoon/2017-01-14_MOD09GA_background_removal_zero_inputated_image_with_cf_50perc_grid_size10-0000017664-0000017664.tif
Reading /project/foster/clouds/data/gee/gdrive17AUG2018Afternoon/2017-01-15_MOD09GA_background_removal_zero_inputated_image_with_cf_50perc_grid_size10-0000000000-0000035328.tif
Reading /project/foster/clouds/data/gee/gdrive17AUG2018Afternoon/2017-01-14_MOD09GA_background_removal_zero_inputated_image_with_cf_50perc_grid_size10-0000000000-0000035328.tif
Reading /project/foster/clouds/data/gee/gdrive17AUG2018Afternoon/2017-01-14_MOD09GA_background_removal_zero_inputated_image_with_cf_50perc_grid_size10-0000000000-0000000000.tif
Reading /project/foster/clouds/data/gee/gdrive17AUG2018Afternoon/2017-01-16_MOD09GA_background_removal_zero_inputated_image_with_cf_50perc_grid_size10-0000000000-0000017664.tif
Reading /project/foster/clouds/data/gee/gdrive17AUG2018Afternoon/2017-01-16_MOD09GA_background_removal_zero_inputated_image_with_cf_50perc_grid_size10-0000000000-0000052992.tif
Reading /project/foster/clouds/data/gee/gdrive17AUG2018Afternoon/2017-01-13_MOD09GA_background_removal_zero_inputated_image_with_cf_50perc_grid_size10-0000017664-0000052992.tif
Reading /project/foster/clouds/data/gee/gdrive17AUG2018Afternoon/2017-01-16_MOD09GA_background_removal_zero_inputated_image_with_cf_50perc_grid_size10-0000000000-0000000000.tif
Reading /project/foster/clouds/data/gee/gdrive17AUG2018Afternoon/2017-01-14_MOD09GA_background_removal_zero_inputated_image_with_cf_50perc_grid_size10-0000017664-0000052992.tif
Reading /project/foster/clouds/data/gee/gdrive17AUG2018Afternoon/2017-01-16_MOD09GA_background_removal_zero_inputated_image_with_cf_50perc_grid_size10-0000000000-0000035328.tif
Reading /project/foster/clouds/data/gee/gdrive17AUG2018Afternoon/2017-01-13_MOD09GA_background_removal_zero_inputated_image_with_cf_50perc_grid_size10-0000017664-0000070656.tif
Reading /project/foster/clouds/data/gee/gdrive17AUG2018Afternoon/2017-01-14_MOD09GA_background_removal_zero_inputated_image_with_cf_50perc_grid_size10-0000017664-0000070656.tif
Reading /project/foster/clouds/data/gee/gdrive17AUG2018Afternoon/2017-01-16_MOD09GA_background_removal_zero_inputated_image_with_cf_50perc_grid_size10-0000017664-0000035328.tif
Reading /project/foster/clouds/data/gee/gdrive17AUG2018Afternoon/2017-01-15_MOD09GA_background_removal_zero_inputated_image_with_cf_50perc_grid_size10-0000017664-0000035328.tif
Reading /project/foster/clouds/data/gee/gdrive17AUG2018Afternoon/2017-01-15_MOD09GA_background_removal_zero_inputated_image_with_cf_50perc_grid_size10-0000000000-0000070656.tif
Reading /project/foster/clouds/data/gee/gdrive17AUG2018Afternoon/2017-01-16_MOD09GA_background_removal_zero_inputated_image_with_cf_50perc_grid_size10-0000017664-0000017664.tif
Reading /project/foster/clouds/data/gee/gdrive17AUG2018Afternoon/2017-01-15_MOD09GA_background_removal_zero_inputated_image_with_cf_50perc_grid_size10-0000017664-0000000000.tif
Reading /project/foster/clouds/data/gee/gdrive17AUG2018Afternoon/2017-01-16_MOD09GA_background_removal_zero_inputated_image_with_cf_50perc_grid_size10-0000000000-0000070656.tif
Reading /project/foster/clouds/data/gee/gdrive17AUG2018Afternoon/2017-01-15_MOD09GA_background_removal_zero_inputated_image_with_cf_50perc_grid_size10-0000017664-0000017664.tif
Reading /project/foster/clouds/data/gee/gdrive17AUG2018Afternoon/2017-01-15_MOD09GA_background_removal_zero_inputated_image_with_cf_50perc_grid_size10-0000017664-0000070656.tif
Reading /project/foster/clouds/data/gee/gdrive17AUG2018Afternoon/2017-01-16_MOD09GA_background_removal_zero_inputated_image_with_cf_50perc_grid_size10-0000017664-0000000000.tif
Reading /project/foster/clouds/data/gee/gdrive17AUG2018Afternoon/2017-01-16_MOD09GA_background_removal_zero_inputated_image_with_cf_50perc_grid_size10-0000017664-0000052992.tif
Reading /project/foster/clouds/data/gee/gdrive17AUG2018Afternoon/2017-01-15_MOD09GA_background_removal_zero_inputated_image_with_cf_50perc_grid_size10-0000017664-0000052992.tif
Reading /project/foster/clouds/data/gee/gdrive17AUG2018Afternoon/2017-01-16_MOD09GA_background_removal_zero_inputated_image_with_cf_50perc_grid_size10-0000017664-0000070656.tif
Reading /project/foster/clouds/data/gee/gdrive17AUG2018Afternoon/2017-01-17_MOD09GA_background_removal_zero_inputated_image_with_cf_50perc_grid_size10-0000017664-0000035328.tif
Reading /project/foster/clouds/data/gee/gdrive17AUG2018Afternoon/2017-01-17_MOD09GA_background_removal_zero_inputated_image_with_cf_50perc_grid_size10-0000017664-0000000000.tif
Reading /project/foster/clouds/data/gee/gdrive17AUG2018Afternoon/2017-01-18_MOD09GA_background_removal_zero_inputated_image_with_cf_50perc_grid_size10-0000000000-0000052992.tif
Reading /project/foster/clouds/data/gee/gdrive17AUG2018Afternoon/2017-01-17_MOD09GA_background_removal_zero_inputated_image_with_cf_50perc_grid_size10-0000000000-0000052992.tif
Reading /project/foster/clouds/data/gee/gdrive17AUG2018Afternoon/2017-01-17_MOD09GA_background_removal_zero_inputated_image_with_cf_50perc_grid_size10-0000017664-0000070656.tif
Reading /project/foster/clouds/data/gee/gdrive17AUG2018Afternoon/2017-01-18_MOD09GA_background_removal_zero_inputated_image_with_cf_50perc_grid_size10-0000017664-0000000000.tif
Reading /project/foster/clouds/data/gee/gdrive17AUG2018Afternoon/2017-01-17_MOD09GA_background_removal_zero_inputated_image_with_cf_50perc_grid_size10-0000017664-0000017664.tif
Reading /project/foster/clouds/data/gee/gdrive17AUG2018Afternoon/2017-01-17_MOD09GA_background_removal_zero_inputated_image_with_cf_50perc_grid_size10-0000000000-0000000000.tif
Reading /project/foster/clouds/data/gee/gdrive17AUG2018Afternoon/2017-01-17_MOD09GA_background_removal_zero_inputated_image_with_cf_50perc_grid_size10-0000000000-0000017664.tif
Reading /project/foster/clouds/data/gee/gdrive17AUG2018Afternoon/2017-01-18_MOD09GA_background_removal_zero_inputated_image_with_cf_50perc_grid_size10-0000000000-0000070656.tif
Reading /project/foster/clouds/data/gee/gdrive17AUG2018Afternoon/2017-01-18_MOD09GA_background_removal_zero_inputated_image_with_cf_50perc_grid_size10-0000000000-0000017664.tif
Reading /project/foster/clouds/data/gee/gdrive17AUG2018Afternoon/2017-01-18_MOD09GA_background_removal_zero_inputated_image_with_cf_50perc_grid_size10-0000000000-0000035328.tif
Reading /project/foster/clouds/data/gee/gdrive17AUG2018Afternoon/2017-01-17_MOD09GA_background_removal_zero_inputated_image_with_cf_50perc_grid_size10-0000000000-0000070656.tif
Reading /project/foster/clouds/data/gee/gdrive17AUG2018Afternoon/2017-01-17_MOD09GA_background_removal_zero_inputated_image_with_cf_50perc_grid_size10-0000000000-0000035328.tif
Reading /project/foster/clouds/data/gee/gdrive17AUG2018Afternoon/2017-01-18_MOD09GA_background_removal_zero_inputated_image_with_cf_50perc_grid_size10-0000000000-0000000000.tif
Reading /project/foster/clouds/data/gee/gdrive17AUG2018Afternoon/2017-01-17_MOD09GA_background_removal_zero_inputated_image_with_cf_50perc_grid_size10-0000017664-0000052992.tif
Reading /project/foster/clouds/data/gee/gdrive17AUG2018Afternoon/2017-01-19_MOD09GA_background_removal_zero_inputated_image_with_cf_50perc_grid_size10-0000017664-0000000000.tif
Reading /project/foster/clouds/data/gee/gdrive17AUG2018Afternoon/2017-01-19_MOD09GA_background_removal_zero_inputated_image_with_cf_50perc_grid_size10-0000000000-0000017664.tif
Reading /project/foster/clouds/data/gee/gdrive17AUG2018Afternoon/2017-01-19_MOD09GA_background_removal_zero_inputated_image_with_cf_50perc_grid_size10-0000000000-0000052992.tif
Reading /project/foster/clouds/data/gee/gdrive17AUG2018Afternoon/2017-01-20_MOD09GA_background_removal_zero_inputated_image_with_cf_50perc_grid_size10-0000000000-0000017664.tif
Reading /project/foster/clouds/data/gee/gdrive17AUG2018Afternoon/2017-01-19_MOD09GA_background_removal_zero_inputated_image_with_cf_50perc_grid_size10-0000000000-0000035328.tif
Reading /project/foster/clouds/data/gee/gdrive17AUG2018Afternoon/2017-01-21_MOD09GA_background_removal_zero_inputated_image_with_cf_50perc_grid_size10-0000000000-0000017664.tif
Reading /project/foster/clouds/data/gee/gdrive17AUG2018Afternoon/2017-01-19_MOD09GA_background_removal_zero_inputated_image_with_cf_50perc_grid_size10-0000000000-0000070656.tif
Reading /project/foster/clouds/data/gee/gdrive17AUG2018Afternoon/2017-01-20_MOD09GA_background_removal_zero_inputated_image_with_cf_50perc_grid_size10-0000000000-0000000000.tif
Reading /project/foster/clouds/data/gee/gdrive17AUG2018Afternoon/2017-01-19_MOD09GA_background_removal_zero_inputated_image_with_cf_50perc_grid_size10-0000000000-0000000000.tif
Reading /project/foster/clouds/data/gee/gdrive17AUG2018Afternoon/2017-01-18_MOD09GA_background_removal_zero_inputated_image_with_cf_50perc_grid_size10-0000017664-0000017664.tif
Reading /project/foster/clouds/data/gee/gdrive17AUG2018Afternoon/2017-01-18_MOD09GA_background_removal_zero_inputated_image_with_cf_50perc_grid_size10-0000017664-0000070656.tif
Reading /project/foster/clouds/data/gee/gdrive17AUG2018Afternoon/2017-01-19_MOD09GA_background_removal_zero_inputated_image_with_cf_50perc_grid_size10-0000017664-0000070656.tif
Reading /project/foster/clouds/data/gee/gdrive17AUG2018Afternoon/2017-01-18_MOD09GA_background_removal_zero_inputated_image_with_cf_50perc_grid_size10-0000017664-0000035328.tif
Reading /project/foster/clouds/data/gee/gdrive17AUG2018Afternoon/2017-01-19_MOD09GA_background_removal_zero_inputated_image_with_cf_50perc_grid_size10-0000017664-0000052992.tif
Reading /project/foster/clouds/data/gee/gdrive17AUG2018Afternoon/2017-01-19_MOD09GA_background_removal_zero_inputated_image_with_cf_50perc_grid_size10-0000017664-0000035328.tif
Reading /project/foster/clouds/data/gee/gdrive17AUG2018Afternoon/2017-01-19_MOD09GA_background_removal_zero_inputated_image_with_cf_50perc_grid_size10-0000017664-0000017664.tif
Reading /project/foster/clouds/data/gee/gdrive17AUG2018Afternoon/2017-01-18_MOD09GA_background_removal_zero_inputated_image_with_cf_50perc_grid_size10-0000017664-0000052992.tif
Reading /project/foster/clouds/data/gee/gdrive17AUG2018Afternoon/2017-01-21_MOD09GA_background_removal_zero_inputated_image_with_cf_50perc_grid_size10-0000000000-0000000000.tif
Reading /project/foster/clouds/data/gee/gdrive17AUG2018Afternoon/2017-01-20_MOD09GA_background_removal_zero_inputated_image_with_cf_50perc_grid_size10-0000017664-0000000000.tif
Reading /project/foster/clouds/data/gee/gdrive17AUG2018Afternoon/2017-01-21_MOD09GA_background_removal_zero_inputated_image_with_cf_50perc_grid_size10-0000017664-0000000000.tif
Reading /project/foster/clouds/data/gee/gdrive17AUG2018Afternoon/2017-01-20_MOD09GA_background_removal_zero_inputated_image_with_cf_50perc_grid_size10-0000017664-0000035328.tif
Reading /project/foster/clouds/data/gee/gdrive17AUG2018Afternoon/2017-01-20_MOD09GA_background_removal_zero_inputated_image_with_cf_50perc_grid_size10-0000017664-0000070656.tif
Reading /project/foster/clouds/data/gee/gdrive17AUG2018Afternoon/2017-01-21_MOD09GA_background_removal_zero_inputated_image_with_cf_50perc_grid_size10-0000017664-0000035328.tif
Reading /project/foster/clouds/data/gee/gdrive17AUG2018Afternoon/2017-01-20_MOD09GA_background_removal_zero_inputated_image_with_cf_50perc_grid_size10-0000000000-0000035328.tif
Reading /project/foster/clouds/data/gee/gdrive17AUG2018Afternoon/2017-01-20_MOD09GA_background_removal_zero_inputated_image_with_cf_50perc_grid_size10-0000017664-0000052992.tif
Reading /project/foster/clouds/data/gee/gdrive17AUG2018Afternoon/2017-01-21_MOD09GA_background_removal_zero_inputated_image_with_cf_50perc_grid_size10-0000000000-0000070656.tif
Reading /project/foster/clouds/data/gee/gdrive17AUG2018Afternoon/2017-01-20_MOD09GA_background_removal_zero_inputated_image_with_cf_50perc_grid_size10-0000000000-0000052992.tif
Reading /project/foster/clouds/data/gee/gdrive17AUG2018Afternoon/2017-01-21_MOD09GA_background_removal_zero_inputated_image_with_cf_50perc_grid_size10-0000017664-0000017664.tif
Reading /project/foster/clouds/data/gee/gdrive17AUG2018Afternoon/2017-01-20_MOD09GA_background_removal_zero_inputated_image_with_cf_50perc_grid_size10-0000000000-0000070656.tif
Reading /project/foster/clouds/data/gee/gdrive17AUG2018Afternoon/2017-01-21_MOD09GA_background_removal_zero_inputated_image_with_cf_50perc_grid_size10-0000000000-0000052992.tif
Reading /project/foster/clouds/data/gee/gdrive17AUG2018Afternoon/2017-01-22_MOD09GA_background_removal_zero_inputated_image_with_cf_50perc_grid_size10-0000017664-0000035328.tif
Reading /project/foster/clouds/data/gee/gdrive17AUG2018Afternoon/2017-01-21_MOD09GA_background_removal_zero_inputated_image_with_cf_50perc_grid_size10-0000000000-0000035328.tif
Reading /project/foster/clouds/data/gee/gdrive17AUG2018Afternoon/2017-01-23_MOD09GA_background_removal_zero_inputated_image_with_cf_50perc_grid_size10-0000000000-0000017664.tif
Reading /project/foster/clouds/data/gee/gdrive17AUG2018Afternoon/2017-01-22_MOD09GA_background_removal_zero_inputated_image_with_cf_50perc_grid_size10-0000000000-0000017664.tif
Reading /project/foster/clouds/data/gee/gdrive17AUG2018Afternoon/2017-01-20_MOD09GA_background_removal_zero_inputated_image_with_cf_50perc_grid_size10-0000017664-0000017664.tif
Reading /project/foster/clouds/data/gee/gdrive17AUG2018Afternoon/2017-01-22_MOD09GA_background_removal_zero_inputated_image_with_cf_50perc_grid_size10-0000017664-0000000000.tif
Reading /project/foster/clouds/data/gee/gdrive17AUG2018Afternoon/2017-01-22_MOD09GA_background_removal_zero_inputated_image_with_cf_50perc_grid_size10-0000000000-0000052992.tif
Reading /project/foster/clouds/data/gee/gdrive17AUG2018Afternoon/2017-01-23_MOD09GA_background_removal_zero_inputated_image_with_cf_50perc_grid_size10-0000000000-0000052992.tif
Reading /project/foster/clouds/data/gee/gdrive17AUG2018Afternoon/2017-01-22_MOD09GA_background_removal_zero_inputated_image_with_cf_50perc_grid_size10-0000000000-0000070656.tif
Reading /project/foster/clouds/data/gee/gdrive17AUG2018Afternoon/2017-01-23_MOD09GA_background_removal_zero_inputated_image_with_cf_50perc_grid_size10-0000000000-0000035328.tif
Reading /project/foster/clouds/data/gee/gdrive17AUG2018Afternoon/2017-01-24_MOD09GA_background_removal_zero_inputated_image_with_cf_50perc_grid_size10-0000000000-0000017664.tif
Reading /project/foster/clouds/data/gee/gdrive17AUG2018Afternoon/2017-01-24_MOD09GA_background_removal_zero_inputated_image_with_cf_50perc_grid_size10-0000000000-0000052992.tif
Reading /project/foster/clouds/data/gee/gdrive17AUG2018Afternoon/2017-01-22_MOD09GA_background_removal_zero_inputated_image_with_cf_50perc_grid_size10-0000017664-0000017664.tif
Reading /project/foster/clouds/data/gee/gdrive17AUG2018Afternoon/2017-01-23_MOD09GA_background_removal_zero_inputated_image_with_cf_50perc_grid_size10-0000000000-0000000000.tif
Reading /project/foster/clouds/data/gee/gdrive17AUG2018Afternoon/2017-01-22_MOD09GA_background_removal_zero_inputated_image_with_cf_50perc_grid_size10-0000000000-0000035328.tif
Reading /project/foster/clouds/data/gee/gdrive17AUG2018Afternoon/2017-01-22_MOD09GA_background_removal_zero_inputated_image_with_cf_50perc_grid_size10-0000000000-0000000000.tif
Reading /project/foster/clouds/data/gee/gdrive17AUG2018Afternoon/2017-01-21_MOD09GA_background_removal_zero_inputated_image_with_cf_50perc_grid_size10-0000017664-0000052992.tif
Reading /project/foster/clouds/data/gee/gdrive17AUG2018Afternoon/2017-01-24_MOD09GA_background_removal_zero_inputated_image_with_cf_50perc_grid_size10-0000000000-0000000000.tif
Reading /project/foster/clouds/data/gee/gdrive17AUG2018Afternoon/2017-01-24_MOD09GA_background_removal_zero_inputated_image_with_cf_50perc_grid_size10-0000000000-0000035328.tif
Reading /project/foster/clouds/data/gee/gdrive17AUG2018Afternoon/2017-01-22_MOD09GA_background_removal_zero_inputated_image_with_cf_50perc_grid_size10-0000017664-0000052992.tif
Reading /project/foster/clouds/data/gee/gdrive17AUG2018Afternoon/2017-01-21_MOD09GA_background_removal_zero_inputated_image_with_cf_50perc_grid_size10-0000017664-0000070656.tif
Reading /project/foster/clouds/data/gee/gdrive17AUG2018Afternoon/2017-01-24_MOD09GA_background_removal_zero_inputated_image_with_cf_50perc_grid_size10-0000017664-0000035328.tif
Reading /project/foster/clouds/data/gee/gdrive17AUG2018Afternoon/2017-01-22_MOD09GA_background_removal_zero_inputated_image_with_cf_50perc_grid_size10-0000017664-0000070656.tif
Reading /project/foster/clouds/data/gee/gdrive17AUG2018Afternoon/2017-01-23_MOD09GA_background_removal_zero_inputated_image_with_cf_50perc_grid_size10-0000017664-0000035328.tif
Reading /project/foster/clouds/data/gee/gdrive17AUG2018Afternoon/2017-01-23_MOD09GA_background_removal_zero_inputated_image_with_cf_50perc_grid_size10-0000000000-0000070656.tif
Reading /project/foster/clouds/data/gee/gdrive17AUG2018Afternoon/2017-01-23_MOD09GA_background_removal_zero_inputated_image_with_cf_50perc_grid_size10-0000017664-0000070656.tif
Reading /project/foster/clouds/data/gee/gdrive17AUG2018Afternoon/2017-01-23_MOD09GA_background_removal_zero_inputated_image_with_cf_50perc_grid_size10-0000017664-0000000000.tif
Reading /project/foster/clouds/data/gee/gdrive17AUG2018Afternoon/2017-01-24_MOD09GA_background_removal_zero_inputated_image_with_cf_50perc_grid_size10-0000017664-0000000000.tif
Reading /project/foster/clouds/data/gee/gdrive17AUG2018Afternoon/2017-01-24_MOD09GA_background_removal_zero_inputated_image_with_cf_50perc_grid_size10-0000017664-0000070656.tif
Reading /project/foster/clouds/data/gee/gdrive17AUG2018Afternoon/2017-01-24_MOD09GA_background_removal_zero_inputated_image_with_cf_50perc_grid_size10-0000000000-0000070656.tif
Reading /project/foster/clouds/data/gee/gdrive17AUG2018Afternoon/2017-01-24_MOD09GA_background_removal_zero_inputated_image_with_cf_50perc_grid_size10-0000017664-0000052992.tif
Reading /project/foster/clouds/data/gee/gdrive17AUG2018Afternoon/2017-01-25_MOD09GA_background_removal_zero_inputated_image_with_cf_50perc_grid_size10-0000017664-0000035328.tif
Reading /project/foster/clouds/data/gee/gdrive17AUG2018Afternoon/2017-01-24_MOD09GA_background_removal_zero_inputated_image_with_cf_50perc_grid_size10-0000017664-0000017664.tif
Reading /project/foster/clouds/data/gee/gdrive17AUG2018Afternoon/2017-01-23_MOD09GA_background_removal_zero_inputated_image_with_cf_50perc_grid_size10-0000017664-0000017664.tif
Reading /project/foster/clouds/data/gee/gdrive17AUG2018Afternoon/2017-01-26_MOD09GA_background_removal_zero_inputated_image_with_cf_50perc_grid_size10-0000000000-0000052992.tif
Reading /project/foster/clouds/data/gee/gdrive17AUG2018Afternoon/2017-01-23_MOD09GA_background_removal_zero_inputated_image_with_cf_50perc_grid_size10-0000017664-0000052992.tif
Reading /project/foster/clouds/data/gee/gdrive17AUG2018Afternoon/2017-01-25_MOD09GA_background_removal_zero_inputated_image_with_cf_50perc_grid_size10-0000000000-0000052992.tif
Reading /project/foster/clouds/data/gee/gdrive17AUG2018Afternoon/2017-01-25_MOD09GA_background_removal_zero_inputated_image_with_cf_50perc_grid_size10-0000017664-0000000000.tif
Reading /project/foster/clouds/data/gee/gdrive17AUG2018Afternoon/2017-01-25_MOD09GA_background_removal_zero_inputated_image_with_cf_50perc_grid_size10-0000017664-0000070656.tif
Reading /project/foster/clouds/data/gee/gdrive17AUG2018Afternoon/2017-01-26_MOD09GA_background_removal_zero_inputated_image_with_cf_50perc_grid_size10-0000017664-0000000000.tif
Reading /project/foster/clouds/data/gee/gdrive17AUG2018Afternoon/2017-01-25_MOD09GA_background_removal_zero_inputated_image_with_cf_50perc_grid_size10-0000000000-0000017664.tif
Reading /project/foster/clouds/data/gee/gdrive17AUG2018Afternoon/2017-01-26_MOD09GA_background_removal_zero_inputated_image_with_cf_50perc_grid_size10-0000000000-0000017664.tif
Reading /project/foster/clouds/data/gee/gdrive17AUG2018Afternoon/2017-01-25_MOD09GA_background_removal_zero_inputated_image_with_cf_50perc_grid_size10-0000017664-0000017664.tif
Reading /project/foster/clouds/data/gee/gdrive17AUG2018Afternoon/2017-01-25_MOD09GA_background_removal_zero_inputated_image_with_cf_50perc_grid_size10-0000000000-0000000000.tif
Reading /project/foster/clouds/data/gee/gdrive17AUG2018Afternoon/2017-01-26_MOD09GA_background_removal_zero_inputated_image_with_cf_50perc_grid_size10-0000000000-0000070656.tif
Reading /project/foster/clouds/data/gee/gdrive17AUG2018Afternoon/2017-01-27_MOD09GA_background_removal_zero_inputated_image_with_cf_50perc_grid_size10-0000017664-0000000000.tif
Reading /project/foster/clouds/data/gee/gdrive17AUG2018Afternoon/2017-01-27_MOD09GA_background_removal_zero_inputated_image_with_cf_50perc_grid_size10-0000000000-0000052992.tif
Reading /project/foster/clouds/data/gee/gdrive17AUG2018Afternoon/2017-01-26_MOD09GA_background_removal_zero_inputated_image_with_cf_50perc_grid_size10-0000000000-0000035328.tif
Reading /project/foster/clouds/data/gee/gdrive17AUG2018Afternoon/2017-01-25_MOD09GA_background_removal_zero_inputated_image_with_cf_50perc_grid_size10-0000017664-0000052992.tif
Reading /project/foster/clouds/data/gee/gdrive17AUG2018Afternoon/2017-01-25_MOD09GA_background_removal_zero_inputated_image_with_cf_50perc_grid_size10-0000000000-0000070656.tif
Reading /project/foster/clouds/data/gee/gdrive17AUG2018Afternoon/2017-01-26_MOD09GA_background_removal_zero_inputated_image_with_cf_50perc_grid_size10-0000000000-0000000000.tif
Reading /project/foster/clouds/data/gee/gdrive17AUG2018Afternoon/2017-01-27_MOD09GA_background_removal_zero_inputated_image_with_cf_50perc_grid_size10-0000000000-0000017664.tif
Reading /project/foster/clouds/data/gee/gdrive17AUG2018Afternoon/2017-01-25_MOD09GA_background_removal_zero_inputated_image_with_cf_50perc_grid_size10-0000000000-0000035328.tif
Reading /project/foster/clouds/data/gee/gdrive17AUG2018Afternoon/2017-01-28_MOD09GA_background_removal_zero_inputated_image_with_cf_50perc_grid_size10-0000000000-0000017664.tif
Reading /project/foster/clouds/data/gee/gdrive17AUG2018Afternoon/2017-01-29_MOD09GA_background_removal_zero_inputated_image_with_cf_50perc_grid_size10-0000000000-0000017664.tif
Reading /project/foster/clouds/data/gee/gdrive17AUG2018Afternoon/2017-01-27_MOD09GA_background_removal_zero_inputated_image_with_cf_50perc_grid_size10-0000000000-0000035328.tif
Reading /project/foster/clouds/data/gee/gdrive17AUG2018Afternoon/2017-01-27_MOD09GA_background_removal_zero_inputated_image_with_cf_50perc_grid_size10-0000000000-0000070656.tif
Reading /project/foster/clouds/data/gee/gdrive17AUG2018Afternoon/2017-01-28_MOD09GA_background_removal_zero_inputated_image_with_cf_50perc_grid_size10-0000000000-0000000000.tif
Reading /project/foster/clouds/data/gee/gdrive17AUG2018Afternoon/2017-01-27_MOD09GA_background_removal_zero_inputated_image_with_cf_50perc_grid_size10-0000000000-0000000000.tif
Reading /project/foster/clouds/data/gee/gdrive17AUG2018Afternoon/2017-01-26_MOD09GA_background_removal_zero_inputated_image_with_cf_50perc_grid_size10-0000017664-0000070656.tif
Reading /project/foster/clouds/data/gee/gdrive17AUG2018Afternoon/2017-01-27_MOD09GA_background_removal_zero_inputated_image_with_cf_50perc_grid_size10-0000017664-0000070656.tif
Reading /project/foster/clouds/data/gee/gdrive17AUG2018Afternoon/2017-01-26_MOD09GA_background_removal_zero_inputated_image_with_cf_50perc_grid_size10-0000017664-0000035328.tif
Reading /project/foster/clouds/data/gee/gdrive17AUG2018Afternoon/2017-01-26_MOD09GA_background_removal_zero_inputated_image_with_cf_50perc_grid_size10-0000017664-0000017664.tif
Reading /project/foster/clouds/data/gee/gdrive17AUG2018Afternoon/2017-01-27_MOD09GA_background_removal_zero_inputated_image_with_cf_50perc_grid_size10-0000017664-0000035328.tif
Reading /project/foster/clouds/data/gee/gdrive17AUG2018Afternoon/2017-01-27_MOD09GA_background_removal_zero_inputated_image_with_cf_50perc_grid_size10-0000017664-0000017664.tif
Reading /project/foster/clouds/data/gee/gdrive17AUG2018Afternoon/2017-01-27_MOD09GA_background_removal_zero_inputated_image_with_cf_50perc_grid_size10-0000017664-0000052992.tif
Reading /project/foster/clouds/data/gee/gdrive17AUG2018Afternoon/2017-01-28_MOD09GA_background_removal_zero_inputated_image_with_cf_50perc_grid_size10-0000017664-0000000000.tif
Reading /project/foster/clouds/data/gee/gdrive17AUG2018Afternoon/2017-01-29_MOD09GA_background_removal_zero_inputated_image_with_cf_50perc_grid_size10-0000017664-0000000000.tif
Reading /project/foster/clouds/data/gee/gdrive17AUG2018Afternoon/2017-01-29_MOD09GA_background_removal_zero_inputated_image_with_cf_50perc_grid_size10-0000000000-0000000000.tif
Reading /project/foster/clouds/data/gee/gdrive17AUG2018Afternoon/2017-01-26_MOD09GA_background_removal_zero_inputated_image_with_cf_50perc_grid_size10-0000017664-0000052992.tif
Reading /project/foster/clouds/data/gee/gdrive17AUG2018Afternoon/2017-01-28_MOD09GA_background_removal_zero_inputated_image_with_cf_50perc_grid_size10-0000017664-0000035328.tif
Reading /project/foster/clouds/data/gee/gdrive17AUG2018Afternoon/2017-01-28_MOD09GA_background_removal_zero_inputated_image_with_cf_50perc_grid_size10-0000017664-0000070656.tif
Reading /project/foster/clouds/data/gee/gdrive17AUG2018Afternoon/2017-01-29_MOD09GA_background_removal_zero_inputated_image_with_cf_50perc_grid_size10-0000017664-0000035328.tif
Reading /project/foster/clouds/data/gee/gdrive17AUG2018Afternoon/2017-01-28_MOD09GA_background_removal_zero_inputated_image_with_cf_50perc_grid_size10-0000000000-0000052992.tif
Reading /project/foster/clouds/data/gee/gdrive17AUG2018Afternoon/2017-01-29_MOD09GA_background_removal_zero_inputated_image_with_cf_50perc_grid_size10-0000000000-0000052992.tif
Reading /project/foster/clouds/data/gee/gdrive17AUG2018Afternoon/2017-01-28_MOD09GA_background_removal_zero_inputated_image_with_cf_50perc_grid_size10-0000000000-0000035328.tif
Reading /project/foster/clouds/data/gee/gdrive17AUG2018Afternoon/2017-01-30_MOD09GA_background_removal_zero_inputated_image_with_cf_50perc_grid_size10-0000017664-0000000000.tif
Reading /project/foster/clouds/data/gee/gdrive17AUG2018Afternoon/2017-01-28_MOD09GA_background_removal_zero_inputated_image_with_cf_50perc_grid_size10-0000017664-0000052992.tif
Reading /project/foster/clouds/data/gee/gdrive17AUG2018Afternoon/2017-01-30_MOD09GA_background_removal_zero_inputated_image_with_cf_50perc_grid_size10-0000000000-0000017664.tif
Reading /project/foster/clouds/data/gee/gdrive17AUG2018Afternoon/2017-01-29_MOD09GA_background_removal_zero_inputated_image_with_cf_50perc_grid_size10-0000000000-0000070656.tif
Reading /project/foster/clouds/data/gee/gdrive17AUG2018Afternoon/2017-01-29_MOD09GA_background_removal_zero_inputated_image_with_cf_50perc_grid_size10-0000017664-0000017664.tif
Reading /project/foster/clouds/data/gee/gdrive17AUG2018Afternoon/2017-01-31_MOD09GA_background_removal_zero_inputated_image_with_cf_50perc_grid_size10-0000000000-0000017664.tif
Reading /project/foster/clouds/data/gee/gdrive17AUG2018Afternoon/2017-01-30_MOD09GA_background_removal_zero_inputated_image_with_cf_50perc_grid_size10-0000017664-0000035328.tif
Reading /project/foster/clouds/data/gee/gdrive17AUG2018Afternoon/2017-01-29_MOD09GA_background_removal_zero_inputated_image_with_cf_50perc_grid_size10-0000000000-0000035328.tif
Reading /project/foster/clouds/data/gee/gdrive17AUG2018Afternoon/2017-01-28_MOD09GA_background_removal_zero_inputated_image_with_cf_50perc_grid_size10-0000017664-0000017664.tif
Reading /project/foster/clouds/data/gee/gdrive17AUG2018Afternoon/2017-01-28_MOD09GA_background_removal_zero_inputated_image_with_cf_50perc_grid_size10-0000000000-0000070656.tif
Reading /project/foster/clouds/data/gee/gdrive17AUG2018Afternoon/2017-01-30_MOD09GA_background_removal_zero_inputated_image_with_cf_50perc_grid_size10-0000000000-0000052992.tif
Reading /project/foster/clouds/data/gee/gdrive17AUG2018Afternoon/2017-01-31_MOD09GA_background_removal_zero_inputated_image_with_cf_50perc_grid_size10-0000000000-0000052992.tif
Rank 7 wrote 6584 patches
Rank 7 done.
Reading /project/foster/clouds/data/gee/gdrive17AUG2018Afternoon/2017-01-30_MOD09GA_background_removal_zero_inputated_image_with_cf_50perc_grid_size10-0000000000-0000070656.tif
Reading /project/foster/clouds/data/gee/gdrive17AUG2018Afternoon/2017-01-31_MOD09GA_background_removal_zero_inputated_image_with_cf_50perc_grid_size10-0000000000-0000035328.tif
Reading /project/foster/clouds/data/gee/gdrive17AUG2018Afternoon/2017-01-30_MOD09GA_background_removal_zero_inputated_image_with_cf_50perc_grid_size10-0000017664-0000017664.tif
Rank 9 wrote 7010 patches
Rank 9 done.
Reading /project/foster/clouds/data/gee/gdrive17AUG2018Afternoon/2017-01-30_MOD09GA_background_removal_zero_inputated_image_with_cf_50perc_grid_size10-0000000000-0000035328.tif
Reading /project/foster/clouds/data/gee/gdrive17AUG2018Afternoon/2017-01-31_MOD09GA_background_removal_zero_inputated_image_with_cf_50perc_grid_size10-0000000000-0000000000.tif
Reading /project/foster/clouds/data/gee/gdrive17AUG2018Afternoon/2017-01-30_MOD09GA_background_removal_zero_inputated_image_with_cf_50perc_grid_size10-0000000000-0000000000.tif
Reading /project/foster/clouds/data/gee/gdrive17AUG2018Afternoon/2017-01-29_MOD09GA_background_removal_zero_inputated_image_with_cf_50perc_grid_size10-0000017664-0000070656.tif
Reading /project/foster/clouds/data/gee/gdrive17AUG2018Afternoon/2017-01-29_MOD09GA_background_removal_zero_inputated_image_with_cf_50perc_grid_size10-0000017664-0000052992.tif
Rank 6 wrote 6611 patches
Rank 6 done.
Rank 8 wrote 6557 patches
Rank 8 done.
Reading /project/foster/clouds/data/gee/gdrive17AUG2018Afternoon/2017-01-30_MOD09GA_background_removal_zero_inputated_image_with_cf_50perc_grid_size10-0000017664-0000070656.tif
Reading /project/foster/clouds/data/gee/gdrive17AUG2018Afternoon/2017-01-31_MOD09GA_background_removal_zero_inputated_image_with_cf_50perc_grid_size10-0000017664-0000035328.tif
Reading /project/foster/clouds/data/gee/gdrive17AUG2018Afternoon/2017-01-30_MOD09GA_background_removal_zero_inputated_image_with_cf_50perc_grid_size10-0000017664-0000052992.tif
Rank 13 wrote 7351 patches
Rank 13 done.
Reading /project/foster/clouds/data/gee/gdrive17AUG2018Afternoon/2017-01-31_MOD09GA_background_removal_zero_inputated_image_with_cf_50perc_grid_size10-0000017664-0000000000.tif
Rank 11 wrote 7508 patches
Rank 11 done.
Reading /project/foster/clouds/data/gee/gdrive17AUG2018Afternoon/2017-01-31_MOD09GA_background_removal_zero_inputated_image_with_cf_50perc_grid_size10-0000017664-0000070656.tif
Rank 15 wrote 7468 patches
Rank 15 done.
Reading /project/foster/clouds/data/gee/gdrive17AUG2018Afternoon/2017-01-31_MOD09GA_background_removal_zero_inputated_image_with_cf_50perc_grid_size10-0000000000-0000070656.tif
Rank 12 wrote 6608 patches
Rank 12 done.
Rank 14 wrote 6744 patches
Rank 14 done.
Reading /project/foster/clouds/data/gee/gdrive17AUG2018Afternoon/2017-01-31_MOD09GA_background_removal_zero_inputated_image_with_cf_50perc_grid_size10-0000017664-0000052992.tif
Rank 3 wrote 7422 patches
Rank 3 done.
Rank 5 wrote 7529 patches
Rank 5 done.
Rank 10 wrote 6838 patches
Rank 10 done.
Rank 1 wrote 7516 patches
Rank 1 done.
Reading /project/foster/clouds/data/gee/gdrive17AUG2018Afternoon/2017-01-31_MOD09GA_background_removal_zero_inputated_image_with_cf_50perc_grid_size10-0000017664-0000017664.tif
Rank 4 wrote 7071 patches
Rank 4 done.
Rank 0 wrote 6974 patches
Rank 0 done.
Rank 2 wrote 7090 patches
Rank 2 done.
