/tmp/slurmd/job49337114/slurm_script: line 0: unalias: pine: not found
/tmp/slurmd/job49337114/slurm_script: line 0: unalias: quota: not found
/tmp/slurmd/job49337114/slurm_script: line 0: unalias: chsh: not found
/tmp/slurmd/job49337114/slurm_script: line 0: unalias: grpe: not found
/tmp/slurmd/job49337114/slurm_script: line 0: unalias: alloc: not found
/tmp/slurmd/job49337114/slurm_script: line 0: unalias: vi: not found
/tmp/slurmd/job49337114/slurm_script: line 0: unalias: chfn: not found
	hdf_dir:                   None
	tif_dir:                   /project/foster/clouds/data/gee/gdrive17AUG2018Afternoon/
	out_dir:                   /project/foster/clouds/data/gee/records
	fields:                    None


Rank 25 converting 2017-01-03_MOD09GA_background_removal_zero_inputated_image_with_cf_50perc_grid_size10-0000017664-0000000000.tif
	hdf_dir:                   None
	tif_dir:                   /project/foster/clouds/data/gee/gdrive17AUG2018Afternoon/
	out_dir:                   /project/foster/clouds/data/gee/records
	fields:                    None


Rank 24 converting 2017-01-03_MOD09GA_background_removal_zero_inputated_image_with_cf_50perc_grid_size10-0000000000-0000070656.tif
	hdf_dir:                   None
	tif_dir:                   /project/foster/clouds/data/gee/gdrive17AUG2018Afternoon/
	out_dir:                   /project/foster/clouds/data/gee/records
	fields:                    None


Rank 23 converting 2017-01-03_MOD09GA_background_removal_zero_inputated_image_with_cf_50perc_grid_size10-0000000000-0000052992.tif
	hdf_dir:                   None
	tif_dir:                   /project/foster/clouds/data/gee/gdrive17AUG2018Afternoon/
	out_dir:                   /project/foster/clouds/data/gee/records
	fields:                    None


Rank 21 converting 2017-01-03_MOD09GA_background_removal_zero_inputated_image_with_cf_50perc_grid_size10-0000000000-0000017664.tif
	hdf_dir:                   None
	tif_dir:                   /project/foster/clouds/data/gee/gdrive17AUG2018Afternoon/
	out_dir:                   /project/foster/clouds/data/gee/records
	fields:                    None


Rank 22 converting 2017-01-03_MOD09GA_background_removal_zero_inputated_image_with_cf_50perc_grid_size10-0000000000-0000035328.tif
	hdf_dir:                   None
	tif_dir:                   /project/foster/clouds/data/gee/gdrive17AUG2018Afternoon/
	out_dir:                   /project/foster/clouds/data/gee/records
	fields:                    None


Rank 26 converting 2017-01-03_MOD09GA_background_removal_zero_inputated_image_with_cf_50perc_grid_size10-0000017664-0000017664.tif
	hdf_dir:                   None
	tif_dir:                   /project/foster/clouds/data/gee/gdrive17AUG2018Afternoon/
	out_dir:                   /project/foster/clouds/data/gee/records
	fields:                    None


Rank 27 converting 2017-01-03_MOD09GA_background_removal_zero_inputated_image_with_cf_50perc_grid_size10-0000017664-0000035328.tif
	hdf_dir:                   None
	tif_dir:                   /project/foster/clouds/data/gee/gdrive17AUG2018Afternoon/
	out_dir:                   /project/foster/clouds/data/gee/records
	fields:                    None


Rank 6 converting 2017-01-01_MOD09GA_background_removal_zero_inputated_image_with_cf_50perc_grid_size10-0000017664-0000017664.tif
	hdf_dir:                   None
	tif_dir:                   /project/foster/clouds/data/gee/gdrive17AUG2018Afternoon/
	out_dir:                   /project/foster/clouds/data/gee/records
	fields:                    None


Rank 5 converting 2017-01-01_MOD09GA_background_removal_zero_inputated_image_with_cf_50perc_grid_size10-0000017664-0000000000.tif
	hdf_dir:                   None
	tif_dir:                   /project/foster/clouds/data/gee/gdrive17AUG2018Afternoon/
	out_dir:                   /project/foster/clouds/data/gee/records
	fields:                    None


Rank 3 converting 2017-01-01_MOD09GA_background_removal_zero_inputated_image_with_cf_50perc_grid_size10-0000000000-0000052992.tif
	hdf_dir:                   None
	tif_dir:                   /project/foster/clouds/data/gee/gdrive17AUG2018Afternoon/
	out_dir:                   /project/foster/clouds/data/gee/records
	fields:                    None


Rank 7 converting 2017-01-01_MOD09GA_background_removal_zero_inputated_image_with_cf_50perc_grid_size10-0000017664-0000035328.tif
	hdf_dir:                   None
	tif_dir:                   /project/foster/clouds/data/gee/gdrive17AUG2018Afternoon/
	out_dir:                   /project/foster/clouds/data/gee/records
	fields:                    None


Rank 8 converting 2017-01-01_MOD09GA_background_removal_zero_inputated_image_with_cf_50perc_grid_size10-0000017664-0000052992.tif
	hdf_dir:                   None
	tif_dir:                   /project/foster/clouds/data/gee/gdrive17AUG2018Afternoon/
	out_dir:                   /project/foster/clouds/data/gee/records
	fields:                    None


Rank 9 converting 2017-01-01_MOD09GA_background_removal_zero_inputated_image_with_cf_50perc_grid_size10-0000017664-0000070656.tif
	hdf_dir:                   None
	tif_dir:                   /project/foster/clouds/data/gee/gdrive17AUG2018Afternoon/
	out_dir:                   /project/foster/clouds/data/gee/records
	fields:                    None


Rank 4 converting 2017-01-01_MOD09GA_background_removal_zero_inputated_image_with_cf_50perc_grid_size10-0000000000-0000070656.tif
	hdf_dir:                   None
	tif_dir:                   /project/foster/clouds/data/gee/gdrive17AUG2018Afternoon/
	out_dir:                   /project/foster/clouds/data/gee/records
	fields:                    None


Rank 0 converting 2017-01-01_MOD09GA_background_removal_zero_inputated_image_with_cf_50perc_grid_size10-0000000000-0000000000.tif
	hdf_dir:                   None
	tif_dir:                   /project/foster/clouds/data/gee/gdrive17AUG2018Afternoon/
	out_dir:                   /project/foster/clouds/data/gee/records
	fields:                    None


Rank 2 converting 2017-01-01_MOD09GA_background_removal_zero_inputated_image_with_cf_50perc_grid_size10-0000000000-0000035328.tif
	hdf_dir:                   None
	tif_dir:                   /project/foster/clouds/data/gee/gdrive17AUG2018Afternoon/
	out_dir:                   /project/foster/clouds/data/gee/records
	fields:                    None


Rank 1 converting 2017-01-01_MOD09GA_background_removal_zero_inputated_image_with_cf_50perc_grid_size10-0000000000-0000017664.tif
	hdf_dir:                   None
	tif_dir:                   /project/foster/clouds/data/gee/gdrive17AUG2018Afternoon/
	out_dir:                   /project/foster/clouds/data/gee/records
	fields:                    None


Rank 18 converting 2017-01-02_MOD09GA_background_removal_zero_inputated_image_with_cf_50perc_grid_size10-0000017664-0000052992.tif
	hdf_dir:                   None
	tif_dir:                   /project/foster/clouds/data/gee/gdrive17AUG2018Afternoon/
	out_dir:                   /project/foster/clouds/data/gee/records
	fields:                    None


Rank 12 converting 2017-01-02_MOD09GA_background_removal_zero_inputated_image_with_cf_50perc_grid_size10-0000000000-0000035328.tif
	hdf_dir:                   None
	tif_dir:                   /project/foster/clouds/data/gee/gdrive17AUG2018Afternoon/
	out_dir:                   /project/foster/clouds/data/gee/records
	fields:                    None


Rank 17 converting 2017-01-02_MOD09GA_background_removal_zero_inputated_image_with_cf_50perc_grid_size10-0000017664-0000035328.tif
	hdf_dir:                   None
	tif_dir:                   /project/foster/clouds/data/gee/gdrive17AUG2018Afternoon/
	out_dir:                   /project/foster/clouds/data/gee/records
	fields:                    None


Rank 13 converting 2017-01-02_MOD09GA_background_removal_zero_inputated_image_with_cf_50perc_grid_size10-0000000000-0000052992.tif
	hdf_dir:                   None
	tif_dir:                   /project/foster/clouds/data/gee/gdrive17AUG2018Afternoon/
	out_dir:                   /project/foster/clouds/data/gee/records
	fields:                    None


Rank 20 converting 2017-01-03_MOD09GA_background_removal_zero_inputated_image_with_cf_50perc_grid_size10-0000000000-0000000000.tif
	hdf_dir:                   None
	tif_dir:                   /project/foster/clouds/data/gee/gdrive17AUG2018Afternoon/
	out_dir:                   /project/foster/clouds/data/gee/records
	fields:                    None


Rank 16 converting 2017-01-02_MOD09GA_background_removal_zero_inputated_image_with_cf_50perc_grid_size10-0000017664-0000017664.tif
	hdf_dir:                   None
	tif_dir:                   /project/foster/clouds/data/gee/gdrive17AUG2018Afternoon/
	out_dir:                   /project/foster/clouds/data/gee/records
	fields:                    None


Rank 14 converting 2017-01-02_MOD09GA_background_removal_zero_inputated_image_with_cf_50perc_grid_size10-0000000000-0000070656.tif
	hdf_dir:                   None
	tif_dir:                   /project/foster/clouds/data/gee/gdrive17AUG2018Afternoon/
	out_dir:                   /project/foster/clouds/data/gee/records
	fields:                    None


Rank 19 converting 2017-01-02_MOD09GA_background_removal_zero_inputated_image_with_cf_50perc_grid_size10-0000017664-0000070656.tif
	hdf_dir:                   None
	tif_dir:                   /project/foster/clouds/data/gee/gdrive17AUG2018Afternoon/
	out_dir:                   /project/foster/clouds/data/gee/records
	fields:                    None


Rank 11 converting 2017-01-02_MOD09GA_background_removal_zero_inputated_image_with_cf_50perc_grid_size10-0000000000-0000017664.tif
	hdf_dir:                   None
	tif_dir:                   /project/foster/clouds/data/gee/gdrive17AUG2018Afternoon/
	out_dir:                   /project/foster/clouds/data/gee/records
	fields:                    None


Rank 15 converting 2017-01-02_MOD09GA_background_removal_zero_inputated_image_with_cf_50perc_grid_size10-0000017664-0000000000.tif
	hdf_dir:                   None
	tif_dir:                   /project/foster/clouds/data/gee/gdrive17AUG2018Afternoon/
	out_dir:                   /project/foster/clouds/data/gee/records
	fields:                    None


Rank 10 converting 2017-01-02_MOD09GA_background_removal_zero_inputated_image_with_cf_50perc_grid_size10-0000000000-0000000000.tif
Rank 9 converting 2017-01-04_MOD09GA_background_removal_zero_inputated_image_with_cf_50perc_grid_size10-0000017664-0000035328.tif
Rank 19 converting 2017-01-05_MOD09GA_background_removal_zero_inputated_image_with_cf_50perc_grid_size10-0000017664-0000035328.tif
Rank 25 converting 2017-01-06_MOD09GA_background_removal_zero_inputated_image_with_cf_50perc_grid_size10-0000000000-0000052992.tif
Rank 15 converting 2017-01-05_MOD09GA_background_removal_zero_inputated_image_with_cf_50perc_grid_size10-0000000000-0000052992.tif
Rank 27 converting 2017-01-06_MOD09GA_background_removal_zero_inputated_image_with_cf_50perc_grid_size10-0000017664-0000000000.tif
Rank 18 converting 2017-01-05_MOD09GA_background_removal_zero_inputated_image_with_cf_50perc_grid_size10-0000017664-0000017664.tif
Rank 8 converting 2017-01-04_MOD09GA_background_removal_zero_inputated_image_with_cf_50perc_grid_size10-0000017664-0000017664.tif
Rank 26 converting 2017-01-06_MOD09GA_background_removal_zero_inputated_image_with_cf_50perc_grid_size10-0000000000-0000070656.tif
Rank 17 converting 2017-01-05_MOD09GA_background_removal_zero_inputated_image_with_cf_50perc_grid_size10-0000017664-0000000000.tif
Rank 24 converting 2017-01-06_MOD09GA_background_removal_zero_inputated_image_with_cf_50perc_grid_size10-0000000000-0000035328.tif
Rank 5 converting 2017-01-04_MOD09GA_background_removal_zero_inputated_image_with_cf_50perc_grid_size10-0000000000-0000052992.tif
Rank 16 converting 2017-01-05_MOD09GA_background_removal_zero_inputated_image_with_cf_50perc_grid_size10-0000000000-0000070656.tif
Rank 7 converting 2017-01-04_MOD09GA_background_removal_zero_inputated_image_with_cf_50perc_grid_size10-0000017664-0000000000.tif
Rank 27 converting 2017-01-09_MOD09GA_background_removal_zero_inputated_image_with_cf_50perc_grid_size10-0000000000-0000052992.tif
Rank 14 converting 2017-01-05_MOD09GA_background_removal_zero_inputated_image_with_cf_50perc_grid_size10-0000000000-0000035328.tif
Rank 6 converting 2017-01-04_MOD09GA_background_removal_zero_inputated_image_with_cf_50perc_grid_size10-0000000000-0000070656.tif
Rank 17 converting 2017-01-08_MOD09GA_background_removal_zero_inputated_image_with_cf_50perc_grid_size10-0000000000-0000052992.tif
Rank 10 converting 2017-01-04_MOD09GA_background_removal_zero_inputated_image_with_cf_50perc_grid_size10-0000017664-0000052992.tif
Rank 26 converting 2017-01-09_MOD09GA_background_removal_zero_inputated_image_with_cf_50perc_grid_size10-0000000000-0000035328.tif
Rank 4 converting 2017-01-04_MOD09GA_background_removal_zero_inputated_image_with_cf_50perc_grid_size10-0000000000-0000035328.tif
Rank 22 converting 2017-01-06_MOD09GA_background_removal_zero_inputated_image_with_cf_50perc_grid_size10-0000000000-0000000000.tif
Rank 9 converting 2017-01-07_MOD09GA_background_removal_zero_inputated_image_with_cf_50perc_grid_size10-0000017664-0000000000.tif
Rank 0 converting 2017-01-03_MOD09GA_background_removal_zero_inputated_image_with_cf_50perc_grid_size10-0000017664-0000052992.tif
Rank 21 converting 2017-01-05_MOD09GA_background_removal_zero_inputated_image_with_cf_50perc_grid_size10-0000017664-0000070656.tif
Rank 7 converting 2017-01-07_MOD09GA_background_removal_zero_inputated_image_with_cf_50perc_grid_size10-0000000000-0000052992.tif
Rank 8 converting 2017-01-07_MOD09GA_background_removal_zero_inputated_image_with_cf_50perc_grid_size10-0000000000-0000070656.tif
Rank 23 converting 2017-01-06_MOD09GA_background_removal_zero_inputated_image_with_cf_50perc_grid_size10-0000000000-0000017664.tif
Rank 19 converting 2017-01-08_MOD09GA_background_removal_zero_inputated_image_with_cf_50perc_grid_size10-0000017664-0000000000.tif
Rank 20 converting 2017-01-05_MOD09GA_background_removal_zero_inputated_image_with_cf_50perc_grid_size10-0000017664-0000052992.tif
Rank 18 converting 2017-01-08_MOD09GA_background_removal_zero_inputated_image_with_cf_50perc_grid_size10-0000000000-0000070656.tif
Rank 10 converting 2017-01-07_MOD09GA_background_removal_zero_inputated_image_with_cf_50perc_grid_size10-0000017664-0000017664.tif
Rank 24 converting 2017-01-09_MOD09GA_background_removal_zero_inputated_image_with_cf_50perc_grid_size10-0000000000-0000000000.tif
Rank 6 converting 2017-01-07_MOD09GA_background_removal_zero_inputated_image_with_cf_50perc_grid_size10-0000000000-0000035328.tif
Rank 16 converting 2017-01-08_MOD09GA_background_removal_zero_inputated_image_with_cf_50perc_grid_size10-0000000000-0000035328.tif
Rank 9 converting 2017-01-10_MOD09GA_background_removal_zero_inputated_image_with_cf_50perc_grid_size10-0000000000-0000052992.tif
Rank 21 converting 2017-01-08_MOD09GA_background_removal_zero_inputated_image_with_cf_50perc_grid_size10-0000017664-0000035328.tif
Rank 12 converting 2017-01-05_MOD09GA_background_removal_zero_inputated_image_with_cf_50perc_grid_size10-0000000000-0000000000.tif
Rank 0 converting 2017-01-06_MOD09GA_background_removal_zero_inputated_image_with_cf_50perc_grid_size10-0000017664-0000017664.tif
Rank 27 converting 2017-01-12_MOD09GA_background_removal_zero_inputated_image_with_cf_50perc_grid_size10-0000000000-0000017664.tif
Rank 19 converting 2017-01-11_MOD09GA_background_removal_zero_inputated_image_with_cf_50perc_grid_size10-0000000000-0000052992.tif
Rank 20 converting 2017-01-08_MOD09GA_background_removal_zero_inputated_image_with_cf_50perc_grid_size10-0000017664-0000017664.tif
Rank 13 converting 2017-01-05_MOD09GA_background_removal_zero_inputated_image_with_cf_50perc_grid_size10-0000000000-0000017664.tif
Rank 2 converting 2017-01-04_MOD09GA_background_removal_zero_inputated_image_with_cf_50perc_grid_size10-0000000000-0000000000.tif
Rank 11 converting 2017-01-04_MOD09GA_background_removal_zero_inputated_image_with_cf_50perc_grid_size10-0000017664-0000070656.tif
Rank 1 converting 2017-01-03_MOD09GA_background_removal_zero_inputated_image_with_cf_50perc_grid_size10-0000017664-0000070656.tif
Rank 3 converting 2017-01-04_MOD09GA_background_removal_zero_inputated_image_with_cf_50perc_grid_size10-0000000000-0000017664.tif
Rank 8 converting 2017-01-10_MOD09GA_background_removal_zero_inputated_image_with_cf_50perc_grid_size10-0000000000-0000035328.tif
Rank 4 converting 2017-01-07_MOD09GA_background_removal_zero_inputated_image_with_cf_50perc_grid_size10-0000000000-0000000000.tif
Rank 14 converting 2017-01-08_MOD09GA_background_removal_zero_inputated_image_with_cf_50perc_grid_size10-0000000000-0000000000.tif
Rank 5 converting 2017-01-07_MOD09GA_background_removal_zero_inputated_image_with_cf_50perc_grid_size10-0000000000-0000017664.tif
Rank 10 converting 2017-01-10_MOD09GA_background_removal_zero_inputated_image_with_cf_50perc_grid_size10-0000000000-0000070656.tif
Rank 0 converting 2017-01-09_MOD09GA_background_removal_zero_inputated_image_with_cf_50perc_grid_size10-0000000000-0000070656.tif
Rank 25 converting 2017-01-09_MOD09GA_background_removal_zero_inputated_image_with_cf_50perc_grid_size10-0000000000-0000017664.tif
Rank 18 converting 2017-01-11_MOD09GA_background_removal_zero_inputated_image_with_cf_50perc_grid_size10-0000000000-0000035328.tif
Rank 1 converting 2017-01-06_MOD09GA_background_removal_zero_inputated_image_with_cf_50perc_grid_size10-0000017664-0000035328.tif
Rank 21 converting 2017-01-11_MOD09GA_background_removal_zero_inputated_image_with_cf_50perc_grid_size10-0000017664-0000000000.tif
Rank 11 converting 2017-01-07_MOD09GA_background_removal_zero_inputated_image_with_cf_50perc_grid_size10-0000017664-0000035328.tif
Rank 15 converting 2017-01-08_MOD09GA_background_removal_zero_inputated_image_with_cf_50perc_grid_size10-0000000000-0000017664.tif
Rank 6 converting 2017-01-10_MOD09GA_background_removal_zero_inputated_image_with_cf_50perc_grid_size10-0000000000-0000000000.tif
Rank 7 converting 2017-01-10_MOD09GA_background_removal_zero_inputated_image_with_cf_50perc_grid_size10-0000000000-0000017664.tif
Rank 2 converting 2017-01-06_MOD09GA_background_removal_zero_inputated_image_with_cf_50perc_grid_size10-0000017664-0000052992.tif
Rank 17 converting 2017-01-11_MOD09GA_background_removal_zero_inputated_image_with_cf_50perc_grid_size10-0000000000-0000017664.tif
Rank 4 converting 2017-01-09_MOD09GA_background_removal_zero_inputated_image_with_cf_50perc_grid_size10-0000017664-0000052992.tif
Rank 26 converting 2017-01-12_MOD09GA_background_removal_zero_inputated_image_with_cf_50perc_grid_size10-0000000000-0000000000.tif
Rank 22 converting 2017-01-08_MOD09GA_background_removal_zero_inputated_image_with_cf_50perc_grid_size10-0000017664-0000052992.tif
Rank 20 converting 2017-01-11_MOD09GA_background_removal_zero_inputated_image_with_cf_50perc_grid_size10-0000000000-0000070656.tif
Rank 24 converting 2017-01-11_MOD09GA_background_removal_zero_inputated_image_with_cf_50perc_grid_size10-0000017664-0000052992.tif
Rank 21 converting 2017-01-14_MOD09GA_background_removal_zero_inputated_image_with_cf_50perc_grid_size10-0000000000-0000052992.tif
Rank 0 converting 2017-01-12_MOD09GA_background_removal_zero_inputated_image_with_cf_50perc_grid_size10-0000000000-0000035328.tif
Rank 12 converting 2017-01-07_MOD09GA_background_removal_zero_inputated_image_with_cf_50perc_grid_size10-0000017664-0000052992.tif
Rank 10 converting 2017-01-13_MOD09GA_background_removal_zero_inputated_image_with_cf_50perc_grid_size10-0000000000-0000035328.tif
Rank 11 converting 2017-01-10_MOD09GA_background_removal_zero_inputated_image_with_cf_50perc_grid_size10-0000017664-0000000000.tif
Rank 9 converting 2017-01-13_MOD09GA_background_removal_zero_inputated_image_with_cf_50perc_grid_size10-0000000000-0000017664.tif
Rank 1 converting 2017-01-09_MOD09GA_background_removal_zero_inputated_image_with_cf_50perc_grid_size10-0000017664-0000000000.tif
Rank 16 converting 2017-01-11_MOD09GA_background_removal_zero_inputated_image_with_cf_50perc_grid_size10-0000000000-0000000000.tif
Rank 2 converting 2017-01-09_MOD09GA_background_removal_zero_inputated_image_with_cf_50perc_grid_size10-0000017664-0000017664.tif
Rank 4 converting 2017-01-12_MOD09GA_background_removal_zero_inputated_image_with_cf_50perc_grid_size10-0000017664-0000017664.tif
Rank 23 converting 2017-01-08_MOD09GA_background_removal_zero_inputated_image_with_cf_50perc_grid_size10-0000017664-0000070656.tif
Rank 27 converting 2017-01-14_MOD09GA_background_removal_zero_inputated_image_with_cf_50perc_grid_size10-0000017664-0000070656.tif
Rank 14 converting 2017-01-10_MOD09GA_background_removal_zero_inputated_image_with_cf_50perc_grid_size10-0000017664-0000052992.tif
Rank 22 converting 2017-01-11_MOD09GA_background_removal_zero_inputated_image_with_cf_50perc_grid_size10-0000017664-0000017664.tif
Rank 13 converting 2017-01-07_MOD09GA_background_removal_zero_inputated_image_with_cf_50perc_grid_size10-0000017664-0000070656.tif
Rank 19 converting 2017-01-14_MOD09GA_background_removal_zero_inputated_image_with_cf_50perc_grid_size10-0000000000-0000017664.tif
Rank 20 converting 2017-01-14_MOD09GA_background_removal_zero_inputated_image_with_cf_50perc_grid_size10-0000000000-0000035328.tif
Rank 8 converting 2017-01-13_MOD09GA_background_removal_zero_inputated_image_with_cf_50perc_grid_size10-0000000000-0000000000.tif
Rank 11 converting 2017-01-13_MOD09GA_background_removal_zero_inputated_image_with_cf_50perc_grid_size10-0000000000-0000052992.tif
Rank 12 converting 2017-01-10_MOD09GA_background_removal_zero_inputated_image_with_cf_50perc_grid_size10-0000017664-0000017664.tif
Rank 18 converting 2017-01-14_MOD09GA_background_removal_zero_inputated_image_with_cf_50perc_grid_size10-0000000000-0000000000.tif
Rank 13 converting 2017-01-10_MOD09GA_background_removal_zero_inputated_image_with_cf_50perc_grid_size10-0000017664-0000035328.tif
Rank 24 converting 2017-01-14_MOD09GA_background_removal_zero_inputated_image_with_cf_50perc_grid_size10-0000017664-0000017664.tif
Rank 23 converting 2017-01-11_MOD09GA_background_removal_zero_inputated_image_with_cf_50perc_grid_size10-0000017664-0000035328.tif
Rank 1 converting 2017-01-12_MOD09GA_background_removal_zero_inputated_image_with_cf_50perc_grid_size10-0000000000-0000052992.tif
Rank 6 converting 2017-01-12_MOD09GA_background_removal_zero_inputated_image_with_cf_50perc_grid_size10-0000017664-0000052992.tif
Rank 3 converting 2017-01-06_MOD09GA_background_removal_zero_inputated_image_with_cf_50perc_grid_size10-0000017664-0000070656.tif
Rank 27 converting 2017-01-17_MOD09GA_background_removal_zero_inputated_image_with_cf_50perc_grid_size10-0000017664-0000035328.tif
Rank 5 converting 2017-01-09_MOD09GA_background_removal_zero_inputated_image_with_cf_50perc_grid_size10-0000017664-0000070656.tif
Rank 14 converting 2017-01-13_MOD09GA_background_removal_zero_inputated_image_with_cf_50perc_grid_size10-0000017664-0000017664.tif
Rank 4 converting 2017-01-15_MOD09GA_background_removal_zero_inputated_image_with_cf_50perc_grid_size10-0000000000-0000070656.tif
Rank 17 converting 2017-01-13_MOD09GA_background_removal_zero_inputated_image_with_cf_50perc_grid_size10-0000017664-0000070656.tif
Rank 15 converting 2017-01-10_MOD09GA_background_removal_zero_inputated_image_with_cf_50perc_grid_size10-0000017664-0000070656.tif
Rank 2 converting 2017-01-12_MOD09GA_background_removal_zero_inputated_image_with_cf_50perc_grid_size10-0000000000-0000070656.tif
Rank 5 converting 2017-01-12_MOD09GA_background_removal_zero_inputated_image_with_cf_50perc_grid_size10-0000017664-0000035328.tif
Rank 3 converting 2017-01-09_MOD09GA_background_removal_zero_inputated_image_with_cf_50perc_grid_size10-0000017664-0000035328.tif
Rank 7 converting 2017-01-12_MOD09GA_background_removal_zero_inputated_image_with_cf_50perc_grid_size10-0000017664-0000070656.tif
Rank 22 converting 2017-01-14_MOD09GA_background_removal_zero_inputated_image_with_cf_50perc_grid_size10-0000000000-0000070656.tif
Rank 6 converting 2017-01-15_MOD09GA_background_removal_zero_inputated_image_with_cf_50perc_grid_size10-0000017664-0000017664.tif
Rank 25 converting 2017-01-11_MOD09GA_background_removal_zero_inputated_image_with_cf_50perc_grid_size10-0000017664-0000070656.tif
Rank 17 converting 2017-01-16_MOD09GA_background_removal_zero_inputated_image_with_cf_50perc_grid_size10-0000017664-0000035328.tif
Rank 15 converting 2017-01-13_MOD09GA_background_removal_zero_inputated_image_with_cf_50perc_grid_size10-0000017664-0000035328.tif
Rank 12 converting 2017-01-13_MOD09GA_background_removal_zero_inputated_image_with_cf_50perc_grid_size10-0000000000-0000070656.tif
Rank 16 converting 2017-01-13_MOD09GA_background_removal_zero_inputated_image_with_cf_50perc_grid_size10-0000017664-0000052992.tif
Rank 13 converting 2017-01-13_MOD09GA_background_removal_zero_inputated_image_with_cf_50perc_grid_size10-0000017664-0000000000.tif
Rank 26 converting 2017-01-14_MOD09GA_background_removal_zero_inputated_image_with_cf_50perc_grid_size10-0000017664-0000052992.tif
Rank 10 converting 2017-01-16_MOD09GA_background_removal_zero_inputated_image_with_cf_50perc_grid_size10-0000000000-0000000000.tif
Rank 27 converting 2017-01-20_MOD09GA_background_removal_zero_inputated_image_with_cf_50perc_grid_size10-0000017664-0000000000.tif
Rank 7 converting 2017-01-15_MOD09GA_background_removal_zero_inputated_image_with_cf_50perc_grid_size10-0000017664-0000035328.tif
Rank 14 converting 2017-01-16_MOD09GA_background_removal_zero_inputated_image_with_cf_50perc_grid_size10-0000000000-0000070656.tif
Rank 9 converting 2017-01-15_MOD09GA_background_removal_zero_inputated_image_with_cf_50perc_grid_size10-0000017664-0000070656.tif
Rank 0 converting 2017-01-15_MOD09GA_background_removal_zero_inputated_image_with_cf_50perc_grid_size10-0000000000-0000000000.tif
Rank 24 converting 2017-01-17_MOD09GA_background_removal_zero_inputated_image_with_cf_50perc_grid_size10-0000000000-0000070656.tif
Rank 23 converting 2017-01-14_MOD09GA_background_removal_zero_inputated_image_with_cf_50perc_grid_size10-0000017664-0000000000.tif
Rank 4 converting 2017-01-18_MOD09GA_background_removal_zero_inputated_image_with_cf_50perc_grid_size10-0000000000-0000035328.tif
Rank 25 converting 2017-01-14_MOD09GA_background_removal_zero_inputated_image_with_cf_50perc_grid_size10-0000017664-0000035328.tif
Rank 18 converting 2017-01-16_MOD09GA_background_removal_zero_inputated_image_with_cf_50perc_grid_size10-0000017664-0000052992.tif
Rank 19 converting 2017-01-16_MOD09GA_background_removal_zero_inputated_image_with_cf_50perc_grid_size10-0000017664-0000070656.tif
Rank 13 converting 2017-01-16_MOD09GA_background_removal_zero_inputated_image_with_cf_50perc_grid_size10-0000000000-0000052992.tif
Rank 21 converting 2017-01-17_MOD09GA_background_removal_zero_inputated_image_with_cf_50perc_grid_size10-0000000000-0000017664.tif
Rank 9 converting 2017-01-18_MOD09GA_background_removal_zero_inputated_image_with_cf_50perc_grid_size10-0000017664-0000035328.tif
Rank 12 converting 2017-01-16_MOD09GA_background_removal_zero_inputated_image_with_cf_50perc_grid_size10-0000000000-0000035328.tif
Rank 17 converting 2017-01-19_MOD09GA_background_removal_zero_inputated_image_with_cf_50perc_grid_size10-0000017664-0000000000.tif
Rank 5 converting 2017-01-15_MOD09GA_background_removal_zero_inputated_image_with_cf_50perc_grid_size10-0000017664-0000000000.tif
Rank 2 converting 2017-01-15_MOD09GA_background_removal_zero_inputated_image_with_cf_50perc_grid_size10-0000000000-0000035328.tif
Rank 15 converting 2017-01-16_MOD09GA_background_removal_zero_inputated_image_with_cf_50perc_grid_size10-0000017664-0000000000.tif
Rank 20 converting 2017-01-17_MOD09GA_background_removal_zero_inputated_image_with_cf_50perc_grid_size10-0000000000-0000000000.tif
Rank 3 converting 2017-01-12_MOD09GA_background_removal_zero_inputated_image_with_cf_50perc_grid_size10-0000017664-0000000000.tif
Rank 22 converting 2017-01-17_MOD09GA_background_removal_zero_inputated_image_with_cf_50perc_grid_size10-0000000000-0000035328.tif
Rank 6 converting 2017-01-18_MOD09GA_background_removal_zero_inputated_image_with_cf_50perc_grid_size10-0000000000-0000070656.tif
Rank 16 converting 2017-01-16_MOD09GA_background_removal_zero_inputated_image_with_cf_50perc_grid_size10-0000017664-0000017664.tif
Rank 8 converting 2017-01-15_MOD09GA_background_removal_zero_inputated_image_with_cf_50perc_grid_size10-0000017664-0000052992.tif
Rank 7 converting 2017-01-18_MOD09GA_background_removal_zero_inputated_image_with_cf_50perc_grid_size10-0000017664-0000000000.tif
Rank 1 converting 2017-01-15_MOD09GA_background_removal_zero_inputated_image_with_cf_50perc_grid_size10-0000000000-0000017664.tif
Rank 23 converting 2017-01-17_MOD09GA_background_removal_zero_inputated_image_with_cf_50perc_grid_size10-0000000000-0000052992.tif
Rank 26 converting 2017-01-17_MOD09GA_background_removal_zero_inputated_image_with_cf_50perc_grid_size10-0000017664-0000017664.tif
Rank 27 converting 2017-01-23_MOD09GA_background_removal_zero_inputated_image_with_cf_50perc_grid_size10-0000000000-0000052992.tif
Rank 19 converting 2017-01-19_MOD09GA_background_removal_zero_inputated_image_with_cf_50perc_grid_size10-0000017664-0000035328.tif
Rank 11 converting 2017-01-16_MOD09GA_background_removal_zero_inputated_image_with_cf_50perc_grid_size10-0000000000-0000017664.tif
Rank 14 converting 2017-01-19_MOD09GA_background_removal_zero_inputated_image_with_cf_50perc_grid_size10-0000000000-0000035328.tif
Rank 24 converting 2017-01-20_MOD09GA_background_removal_zero_inputated_image_with_cf_50perc_grid_size10-0000000000-0000035328.tif
Rank 18 converting 2017-01-19_MOD09GA_background_removal_zero_inputated_image_with_cf_50perc_grid_size10-0000017664-0000017664.tif
Rank 25 converting 2017-01-17_MOD09GA_background_removal_zero_inputated_image_with_cf_50perc_grid_size10-0000017664-0000000000.tif
Rank 17 converting 2017-01-22_MOD09GA_background_removal_zero_inputated_image_with_cf_50perc_grid_size10-0000000000-0000052992.tif
Rank 15 converting 2017-01-19_MOD09GA_background_removal_zero_inputated_image_with_cf_50perc_grid_size10-0000000000-0000052992.tif
Rank 5 converting 2017-01-18_MOD09GA_background_removal_zero_inputated_image_with_cf_50perc_grid_size10-0000000000-0000052992.tif
Rank 3 converting 2017-01-15_MOD09GA_background_removal_zero_inputated_image_with_cf_50perc_grid_size10-0000000000-0000052992.tif
Rank 10 converting 2017-01-18_MOD09GA_background_removal_zero_inputated_image_with_cf_50perc_grid_size10-0000017664-0000052992.tif
Rank 16 converting 2017-01-19_MOD09GA_background_removal_zero_inputated_image_with_cf_50perc_grid_size10-0000000000-0000070656.tif
Rank 25 converting 2017-01-20_MOD09GA_background_removal_zero_inputated_image_with_cf_50perc_grid_size10-0000000000-0000052992.tif
Rank 26 converting 2017-01-20_MOD09GA_background_removal_zero_inputated_image_with_cf_50perc_grid_size10-0000000000-0000070656.tif
Rank 19 converting 2017-01-22_MOD09GA_background_removal_zero_inputated_image_with_cf_50perc_grid_size10-0000017664-0000000000.tif
Rank 21 converting 2017-01-19_MOD09GA_background_removal_zero_inputated_image_with_cf_50perc_grid_size10-0000017664-0000070656.tif
Rank 6 converting 2017-01-21_MOD09GA_background_removal_zero_inputated_image_with_cf_50perc_grid_size10-0000000000-0000035328.tif
Rank 7 converting 2017-01-21_MOD09GA_background_removal_zero_inputated_image_with_cf_50perc_grid_size10-0000000000-0000052992.tif
Rank 21 converting 2017-01-22_MOD09GA_background_removal_zero_inputated_image_with_cf_50perc_grid_size10-0000017664-0000035328.tif
Rank 8 converting 2017-01-18_MOD09GA_background_removal_zero_inputated_image_with_cf_50perc_grid_size10-0000017664-0000017664.tif
Rank 22 converting 2017-01-20_MOD09GA_background_removal_zero_inputated_image_with_cf_50perc_grid_size10-0000000000-0000000000.tif
Rank 9 converting 2017-01-21_MOD09GA_background_removal_zero_inputated_image_with_cf_50perc_grid_size10-0000017664-0000000000.tif
Rank 26 converting 2017-01-23_MOD09GA_background_removal_zero_inputated_image_with_cf_50perc_grid_size10-0000000000-0000035328.tif
Rank 18 converting 2017-01-22_MOD09GA_background_removal_zero_inputated_image_with_cf_50perc_grid_size10-0000000000-0000070656.tif
Rank 10 converting 2017-01-21_MOD09GA_background_removal_zero_inputated_image_with_cf_50perc_grid_size10-0000017664-0000017664.tif
Rank 16 converting 2017-01-22_MOD09GA_background_removal_zero_inputated_image_with_cf_50perc_grid_size10-0000000000-0000035328.tif
Rank 19 converting 2017-01-25_MOD09GA_background_removal_zero_inputated_image_with_cf_50perc_grid_size10-0000000000-0000052992.tif
Rank 20 converting 2017-01-19_MOD09GA_background_removal_zero_inputated_image_with_cf_50perc_grid_size10-0000017664-0000052992.tif
Rank 0 converting 2017-01-17_MOD09GA_background_removal_zero_inputated_image_with_cf_50perc_grid_size10-0000017664-0000052992.tif
Rank 9 converting 2017-01-24_MOD09GA_background_removal_zero_inputated_image_with_cf_50perc_grid_size10-0000000000-0000052992.tif
Rank 13 converting 2017-01-19_MOD09GA_background_removal_zero_inputated_image_with_cf_50perc_grid_size10-0000000000-0000017664.tif
Rank 8 converting 2017-01-21_MOD09GA_background_removal_zero_inputated_image_with_cf_50perc_grid_size10-0000000000-0000070656.tif
Rank 12 converting 2017-01-19_MOD09GA_background_removal_zero_inputated_image_with_cf_50perc_grid_size10-0000000000-0000000000.tif
Rank 18 converting 2017-01-25_MOD09GA_background_removal_zero_inputated_image_with_cf_50perc_grid_size10-0000000000-0000035328.tif
Rank 14 converting 2017-01-22_MOD09GA_background_removal_zero_inputated_image_with_cf_50perc_grid_size10-0000000000-0000000000.tif
Rank 4 converting 2017-01-21_MOD09GA_background_removal_zero_inputated_image_with_cf_50perc_grid_size10-0000000000-0000000000.tif
Rank 11 converting 2017-01-18_MOD09GA_background_removal_zero_inputated_image_with_cf_50perc_grid_size10-0000017664-0000070656.tif
Rank 1 converting 2017-01-17_MOD09GA_background_removal_zero_inputated_image_with_cf_50perc_grid_size10-0000017664-0000070656.tif
Rank 2 converting 2017-01-18_MOD09GA_background_removal_zero_inputated_image_with_cf_50perc_grid_size10-0000000000-0000000000.tif
Rank 0 converting 2017-01-20_MOD09GA_background_removal_zero_inputated_image_with_cf_50perc_grid_size10-0000017664-0000017664.tif
Rank 11 converting 2017-01-21_MOD09GA_background_removal_zero_inputated_image_with_cf_50perc_grid_size10-0000017664-0000035328.tif
Rank 1 converting 2017-01-20_MOD09GA_background_removal_zero_inputated_image_with_cf_50perc_grid_size10-0000017664-0000035328.tif
Rank 10 converting 2017-01-24_MOD09GA_background_removal_zero_inputated_image_with_cf_50perc_grid_size10-0000000000-0000070656.tif
Rank 20 converting 2017-01-22_MOD09GA_background_removal_zero_inputated_image_with_cf_50perc_grid_size10-0000017664-0000017664.tif
Rank 8 converting 2017-01-24_MOD09GA_background_removal_zero_inputated_image_with_cf_50perc_grid_size10-0000000000-0000035328.tif
Rank 21 converting 2017-01-25_MOD09GA_background_removal_zero_inputated_image_with_cf_50perc_grid_size10-0000017664-0000000000.tif
Rank 6 converting 2017-01-24_MOD09GA_background_removal_zero_inputated_image_with_cf_50perc_grid_size10-0000000000-0000000000.tif
Rank 5 converting 2017-01-21_MOD09GA_background_removal_zero_inputated_image_with_cf_50perc_grid_size10-0000000000-0000017664.tif
Rank 17 converting 2017-01-25_MOD09GA_background_removal_zero_inputated_image_with_cf_50perc_grid_size10-0000000000-0000017664.tif
Rank 3 converting 2017-01-18_MOD09GA_background_removal_zero_inputated_image_with_cf_50perc_grid_size10-0000000000-0000017664.tif
Rank 16 converting 2017-01-25_MOD09GA_background_removal_zero_inputated_image_with_cf_50perc_grid_size10-0000000000-0000000000.tif
Rank 7 converting 2017-01-24_MOD09GA_background_removal_zero_inputated_image_with_cf_50perc_grid_size10-0000000000-0000017664.tif
Rank 11 converting 2017-01-24_MOD09GA_background_removal_zero_inputated_image_with_cf_50perc_grid_size10-0000017664-0000000000.tif
Rank 19 converting 2017-01-28_MOD09GA_background_removal_zero_inputated_image_with_cf_50perc_grid_size10-0000000000-0000017664.tif
Rank 22 converting 2017-01-22_MOD09GA_background_removal_zero_inputated_image_with_cf_50perc_grid_size10-0000017664-0000052992.tif
Rank 26 converting 2017-01-26_MOD09GA_background_removal_zero_inputated_image_with_cf_50perc_grid_size10-0000000000-0000000000.tif
Rank 15 converting 2017-01-22_MOD09GA_background_removal_zero_inputated_image_with_cf_50perc_grid_size10-0000000000-0000017664.tif
Rank 12 converting 2017-01-21_MOD09GA_background_removal_zero_inputated_image_with_cf_50perc_grid_size10-0000017664-0000052992.tif
Rank 18 converting 2017-01-28_MOD09GA_background_removal_zero_inputated_image_with_cf_50perc_grid_size10-0000000000-0000000000.tif
Rank 14 converting 2017-01-24_MOD09GA_background_removal_zero_inputated_image_with_cf_50perc_grid_size10-0000017664-0000052992.tif
Rank 13 converting 2017-01-21_MOD09GA_background_removal_zero_inputated_image_with_cf_50perc_grid_size10-0000017664-0000070656.tif
Rank 20 converting 2017-01-25_MOD09GA_background_removal_zero_inputated_image_with_cf_50perc_grid_size10-0000000000-0000070656.tif
Rank 25 converting 2017-01-23_MOD09GA_background_removal_zero_inputated_image_with_cf_50perc_grid_size10-0000000000-0000017664.tif
Rank 23 converting 2017-01-20_MOD09GA_background_removal_zero_inputated_image_with_cf_50perc_grid_size10-0000000000-0000017664.tif
Rank 10 converting 2017-01-27_MOD09GA_background_removal_zero_inputated_image_with_cf_50perc_grid_size10-0000000000-0000035328.tif
Rank 11 converting 2017-01-27_MOD09GA_background_removal_zero_inputated_image_with_cf_50perc_grid_size10-0000000000-0000052992.tif
Rank 27 converting 2017-01-26_MOD09GA_background_removal_zero_inputated_image_with_cf_50perc_grid_size10-0000000000-0000017664.tif
Rank 0 converting 2017-01-23_MOD09GA_background_removal_zero_inputated_image_with_cf_50perc_grid_size10-0000000000-0000070656.tif
Rank 24 converting 2017-01-23_MOD09GA_background_removal_zero_inputated_image_with_cf_50perc_grid_size10-0000000000-0000000000.tif
Rank 21 converting 2017-01-28_MOD09GA_background_removal_zero_inputated_image_with_cf_50perc_grid_size10-0000000000-0000052992.tif
Rank 22 converting 2017-01-25_MOD09GA_background_removal_zero_inputated_image_with_cf_50perc_grid_size10-0000017664-0000017664.tif
Rank 12 converting 2017-01-24_MOD09GA_background_removal_zero_inputated_image_with_cf_50perc_grid_size10-0000017664-0000017664.tif
Rank 13 converting 2017-01-24_MOD09GA_background_removal_zero_inputated_image_with_cf_50perc_grid_size10-0000017664-0000035328.tif
Rank 14 converting 2017-01-27_MOD09GA_background_removal_zero_inputated_image_with_cf_50perc_grid_size10-0000017664-0000017664.tif
Rank 1 converting 2017-01-23_MOD09GA_background_removal_zero_inputated_image_with_cf_50perc_grid_size10-0000017664-0000000000.tif
Rank 4 converting 2017-01-23_MOD09GA_background_removal_zero_inputated_image_with_cf_50perc_grid_size10-0000017664-0000052992.tif
Rank 9 converting 2017-01-27_MOD09GA_background_removal_zero_inputated_image_with_cf_50perc_grid_size10-0000000000-0000017664.tif
Rank 26 converting 2017-01-28_MOD09GA_background_removal_zero_inputated_image_with_cf_50perc_grid_size10-0000017664-0000052992.tif
Rank 22 converting 2017-01-28_MOD09GA_background_removal_zero_inputated_image_with_cf_50perc_grid_size10-0000000000-0000070656.tif
Rank 20 converting 2017-01-28_MOD09GA_background_removal_zero_inputated_image_with_cf_50perc_grid_size10-0000000000-0000035328.tif
Rank 1 converting 2017-01-26_MOD09GA_background_removal_zero_inputated_image_with_cf_50perc_grid_size10-0000000000-0000052992.tif
Rank 2 converting 2017-01-20_MOD09GA_background_removal_zero_inputated_image_with_cf_50perc_grid_size10-0000017664-0000052992.tif
Rank 0 converting 2017-01-26_MOD09GA_background_removal_zero_inputated_image_with_cf_50perc_grid_size10-0000000000-0000035328.tif
Rank 4 converting 2017-01-26_MOD09GA_background_removal_zero_inputated_image_with_cf_50perc_grid_size10-0000017664-0000017664.tif
Rank 16 converting 2017-01-27_MOD09GA_background_removal_zero_inputated_image_with_cf_50perc_grid_size10-0000017664-0000052992.tif
Rank 6 converting 2017-01-26_MOD09GA_background_removal_zero_inputated_image_with_cf_50perc_grid_size10-0000017664-0000052992.tif
Rank 12 converting 2017-01-27_MOD09GA_background_removal_zero_inputated_image_with_cf_50perc_grid_size10-0000000000-0000070656.tif
Rank 14 converting 2017-01-30_MOD09GA_background_removal_zero_inputated_image_with_cf_50perc_grid_size10-0000000000-0000070656.tif
Rank 13 converting 2017-01-27_MOD09GA_background_removal_zero_inputated_image_with_cf_50perc_grid_size10-0000017664-0000000000.tif
Rank 8 converting 2017-01-27_MOD09GA_background_removal_zero_inputated_image_with_cf_50perc_grid_size10-0000000000-0000000000.tif
Rank 5 converting 2017-01-23_MOD09GA_background_removal_zero_inputated_image_with_cf_50perc_grid_size10-0000017664-0000070656.tif
Rank 26 converting 2017-01-31_MOD09GA_background_removal_zero_inputated_image_with_cf_50perc_grid_size10-0000017664-0000017664.tif
Rank 17 converting 2017-01-27_MOD09GA_background_removal_zero_inputated_image_with_cf_50perc_grid_size10-0000017664-0000070656.tif
Rank 19 converting 2017-01-30_MOD09GA_background_removal_zero_inputated_image_with_cf_50perc_grid_size10-0000017664-0000070656.tif
Rank 3 converting 2017-01-20_MOD09GA_background_removal_zero_inputated_image_with_cf_50perc_grid_size10-0000017664-0000070656.tif
Rank 18 converting 2017-01-30_MOD09GA_background_removal_zero_inputated_image_with_cf_50perc_grid_size10-0000017664-0000052992.tif
Rank 7 converting 2017-01-26_MOD09GA_background_removal_zero_inputated_image_with_cf_50perc_grid_size10-0000017664-0000070656.tif
Rank 15 converting 2017-01-24_MOD09GA_background_removal_zero_inputated_image_with_cf_50perc_grid_size10-0000017664-0000070656.tif
Rank 17 converting 2017-01-30_MOD09GA_background_removal_zero_inputated_image_with_cf_50perc_grid_size10-0000017664-0000035328.tif
Rank 5 converting 2017-01-26_MOD09GA_background_removal_zero_inputated_image_with_cf_50perc_grid_size10-0000017664-0000035328.tif
Rank 2 converting 2017-01-23_MOD09GA_background_removal_zero_inputated_image_with_cf_50perc_grid_size10-0000017664-0000017664.tif
Rank 13 converting 2017-01-30_MOD09GA_background_removal_zero_inputated_image_with_cf_50perc_grid_size10-0000000000-0000052992.tif
Rank 16 converting 2017-01-30_MOD09GA_background_removal_zero_inputated_image_with_cf_50perc_grid_size10-0000017664-0000017664.tif
Rank 22 converting 2017-01-31_MOD09GA_background_removal_zero_inputated_image_with_cf_50perc_grid_size10-0000000000-0000035328.tif
Rank 24 converting 2017-01-25_MOD09GA_background_removal_zero_inputated_image_with_cf_50perc_grid_size10-0000017664-0000052992.tif
Rank 6 converting 2017-01-29_MOD09GA_background_removal_zero_inputated_image_with_cf_50perc_grid_size10-0000017664-0000017664.tif
Rank 19 done.
Rank 3 converting 2017-01-23_MOD09GA_background_removal_zero_inputated_image_with_cf_50perc_grid_size10-0000017664-0000035328.tif
Rank 23 converting 2017-01-22_MOD09GA_background_removal_zero_inputated_image_with_cf_50perc_grid_size10-0000017664-0000070656.tif
Rank 7 converting 2017-01-29_MOD09GA_background_removal_zero_inputated_image_with_cf_50perc_grid_size10-0000017664-0000035328.tif
Rank 15 converting 2017-01-27_MOD09GA_background_removal_zero_inputated_image_with_cf_50perc_grid_size10-0000017664-0000035328.tif
Rank 12 converting 2017-01-30_MOD09GA_background_removal_zero_inputated_image_with_cf_50perc_grid_size10-0000000000-0000035328.tif
Rank 10 converting 2017-01-30_MOD09GA_background_removal_zero_inputated_image_with_cf_50perc_grid_size10-0000000000-0000000000.tif
Rank 4 converting 2017-01-29_MOD09GA_background_removal_zero_inputated_image_with_cf_50perc_grid_size10-0000000000-0000070656.tif
Rank 27 converting 2017-01-28_MOD09GA_background_removal_zero_inputated_image_with_cf_50perc_grid_size10-0000017664-0000070656.tif
Rank 14 done.
Rank 21 converting 2017-01-31_MOD09GA_background_removal_zero_inputated_image_with_cf_50perc_grid_size10-0000000000-0000017664.tif
Rank 25 converting 2017-01-25_MOD09GA_background_removal_zero_inputated_image_with_cf_50perc_grid_size10-0000017664-0000070656.tif
Rank 11 converting 2017-01-30_MOD09GA_background_removal_zero_inputated_image_with_cf_50perc_grid_size10-0000000000-0000017664.tif
Rank 23 converting 2017-01-25_MOD09GA_background_removal_zero_inputated_image_with_cf_50perc_grid_size10-0000017664-0000035328.tif
Rank 26 done.
Rank 27 converting 2017-01-31_MOD09GA_background_removal_zero_inputated_image_with_cf_50perc_grid_size10-0000017664-0000035328.tif
Rank 17 done.
Rank 18 done.
Rank 25 converting 2017-01-28_MOD09GA_background_removal_zero_inputated_image_with_cf_50perc_grid_size10-0000017664-0000035328.tif
Rank 24 converting 2017-01-28_MOD09GA_background_removal_zero_inputated_image_with_cf_50perc_grid_size10-0000017664-0000017664.tif
Rank 5 converting 2017-01-29_MOD09GA_background_removal_zero_inputated_image_with_cf_50perc_grid_size10-0000017664-0000000000.tif
Rank 9 converting 2017-01-29_MOD09GA_background_removal_zero_inputated_image_with_cf_50perc_grid_size10-0000017664-0000070656.tif
Rank 2 converting 2017-01-26_MOD09GA_background_removal_zero_inputated_image_with_cf_50perc_grid_size10-0000000000-0000070656.tif
Rank 7 done.
Rank 3 converting 2017-01-26_MOD09GA_background_removal_zero_inputated_image_with_cf_50perc_grid_size10-0000017664-0000000000.tif
Rank 6 done.
Rank 8 converting 2017-01-29_MOD09GA_background_removal_zero_inputated_image_with_cf_50perc_grid_size10-0000017664-0000052992.tif
Rank 16 done.
Rank 15 converting 2017-01-30_MOD09GA_background_removal_zero_inputated_image_with_cf_50perc_grid_size10-0000017664-0000000000.tif
Rank 20 converting 2017-01-31_MOD09GA_background_removal_zero_inputated_image_with_cf_50perc_grid_size10-0000000000-0000000000.tif
Rank 0 converting 2017-01-29_MOD09GA_background_removal_zero_inputated_image_with_cf_50perc_grid_size10-0000000000-0000000000.tif
Rank 4 done.
Rank 9 done.
Rank 1 converting 2017-01-29_MOD09GA_background_removal_zero_inputated_image_with_cf_50perc_grid_size10-0000000000-0000017664.tif
Rank 10 done.
Rank 5 done.
Rank 3 converting 2017-01-29_MOD09GA_background_removal_zero_inputated_image_with_cf_50perc_grid_size10-0000000000-0000052992.tif
Rank 15 done.
Rank 12 done.
Rank 8 done.
Rank 2 converting 2017-01-29_MOD09GA_background_removal_zero_inputated_image_with_cf_50perc_grid_size10-0000000000-0000035328.tif
Rank 13 done.
Rank 20 done.
Rank 0 converting 2017-01-31_MOD09GA_background_removal_zero_inputated_image_with_cf_50perc_grid_size10-0000017664-0000052992.tif
Rank 11 done.
Rank 24 converting 2017-01-31_MOD09GA_background_removal_zero_inputated_image_with_cf_50perc_grid_size10-0000000000-0000070656.tif
Rank 27 done.
Rank 25 converting 2017-01-31_MOD09GA_background_removal_zero_inputated_image_with_cf_50perc_grid_size10-0000017664-0000000000.tif
Rank 23 converting 2017-01-28_MOD09GA_background_removal_zero_inputated_image_with_cf_50perc_grid_size10-0000017664-0000000000.tif
Rank 22 done.
Rank 21 done.
Rank 0 done.
Rank 25 done.
Rank 2 done.
Rank 23 converting 2017-01-31_MOD09GA_background_removal_zero_inputated_image_with_cf_50perc_grid_size10-0000000000-0000052992.tif
Rank 24 done.
Rank 1 converting 2017-01-31_MOD09GA_background_removal_zero_inputated_image_with_cf_50perc_grid_size10-0000017664-0000070656.tif
Rank 3 done.
Rank 1 done.
Rank 23 done.
