slurmstepd-midway2-0002: error: task/cgroup: unable to add task[pid=54628] to memory cg '(null)'
/tmp/slurmd/job50419979/slurm_script: line 0: unalias: pine: not found
/tmp/slurmd/job50419979/slurm_script: line 0: unalias: quota: not found
/tmp/slurmd/job50419979/slurm_script: line 0: unalias: chsh: not found
/tmp/slurmd/job50419979/slurm_script: line 0: unalias: grpe: not found
/tmp/slurmd/job50419979/slurm_script: line 0: unalias: alloc: not found
/tmp/slurmd/job50419979/slurm_script: line 0: unalias: vi: not found
/tmp/slurmd/job50419979/slurm_script: line 0: unalias: chfn: not found
	 source_glob                /project/foster/clouds/data/gee/gdrive17AUG2018Afternoon/"*"
			 fields                     None
 stride                     [256, 256]
 shape                      [724, 724]
					 stride                     [256, 256]
		 fields                     None
 stride                     [256, 256]
 fields                     None
 out_dir                    /project/foster/clouds/data/mod9-724x1km/
		 stride                     [256, 256]
	 fields                     None
							 patches_per_record         500
 mode                       pptif
			 out_dir                    /project/foster/clouds/data/mod9-724x1km/
	 source_glob                /project/foster/clouds/data/gee/gdrive17AUG2018Afternoon/"*"
 mode                       pptif
	 resize                     0.5
 out_dir                    /project/foster/clouds/data/mod9-724x1km/
 stride                     [256, 256]
 patches_per_record         500
 stride                     [256, 256]
		 source_glob                /project/foster/clouds/data/gee/gdrive17AUG2018Afternoon/"*"
 mode                       pptif
 mode                       pptif
	 patches_per_record         500
		 shape                      [724, 724]
					 fields                     None
 fields                     None
			 mode                       pptif
	 resize                     0.5
 out_dir                    /project/foster/clouds/data/mod9-724x1km/
	 shape                      [724, 724]
 mode                       pptif
 mode                       pptif
 mode                       pptif
 mode                       pptif
		 out_dir                    /project/foster/clouds/data/mod9-724x1km/
 resize                     0.5
 shape                      [724, 724]
	 resize                     0.5
		 patches_per_record         500
					 shape                      [724, 724]
 source_glob                /project/foster/clouds/data/gee/gdrive17AUG2018Afternoon/"*"
			 resize                     0.5
	 fields                     None
 stride                     [256, 256]
	 mode                       pptif
 source_glob                /project/foster/clouds/data/gee/gdrive17AUG2018Afternoon/"*"
 fields                     None
 out_dir                    /project/foster/clouds/data/mod9-724x1km/
 patches_per_record         500
		 patches_per_record         500
 source_glob                /project/foster/clouds/data/gee/gdrive17AUG2018Afternoon/"*"
 stride                     [256, 256]
	 shape                      [724, 724]
		 out_dir                    /project/foster/clouds/data/mod9-724x1km/
					 source_glob                /project/foster/clouds/data/gee/gdrive17AUG2018Afternoon/"*"
 out_dir                    /project/foster/clouds/data/mod9-724x1km/
			 fields                     None
	 stride                     [256, 256]
 fields                     None
	 source_glob                /project/foster/clouds/data/gee/gdrive17AUG2018Afternoon/"*"
 patches_per_record         500
 shape                      [724, 724]
 shape                      [724, 724]
 resize                     0.5
		 shape                      [724, 724]
 out_dir                    /project/foster/clouds/data/mod9-724x1km/
 out_dir                    /project/foster/clouds/data/mod9-724x1km/
	 mode                       pptif
		 resize                     0.5
					 resize                     0.5
 patches_per_record         500
			 stride                     [256, 256]
	 shape                      [724, 724]
 shape                      [724, 724]
	 patches_per_record         500
 shape                      [724, 724]
 patches_per_record         500
 resize                     0.5
 fields                     None
		 stride                     [256, 256]
 patches_per_record         500
 source_glob                /project/foster/clouds/data/gee/gdrive17AUG2018Afternoon/"*"
	 source_glob                /project/foster/clouds/data/gee/gdrive17AUG2018Afternoon/"*"
		 stride                     [256, 256]
			
	 stride                     [256, 256]
 shape                      [724, 724]
			 source_glob                /project/foster/clouds/data/gee/gdrive17AUG2018Afternoon/"*"
	 out_dir                    /project/foster/clouds/data/mod9-724x1km/
 source_glob                /project/foster/clouds/data/gee/gdrive17AUG2018Afternoon/"*"
	 out_dir                    /project/foster/clouds/data/mod9-724x1km/
 resize                     0.5
 out_dir                    /project/foster/clouds/data/mod9-724x1km/

 source_glob                /project/foster/clouds/data/gee/gdrive17AUG2018Afternoon/"*"
		 resize                     0.5
 fields                     None
 patches_per_record         500
	 out_dir                    /project/foster/clouds/data/mod9-724x1km/
	 source_glob                /project/foster/clouds/data/gee/gdrive17AUG2018Afternoon/"*"
	
	
 mode                       pptif
 resize                     0.5
			 shape                      [724, 724]
	 patches_per_record         500
		 stride                     [256, 256]

 resize                     0.5

	
 fields                     None
 shape                      [724, 724]
 fields                     None
	 stride                     [256, 256]
	 patches_per_record         500
 fields                     None

	 out_dir                    /project/foster/clouds/data/mod9-724x1km/

	
	 patches_per_record         500

 mode                       pptif
		
 source_glob                /project/foster/clouds/data/gee/gdrive17AUG2018Afternoon/"*"

 mode                       pptif

 resize                     0.5



 resize                     0.5
 mode                       pptif













	 source_glob                /project/foster/clouds/data/gee/gdrive17AUG2018Afternoon/"*"
	 resize                     0.5
	 mode                       pptif
	 stride                     [256, 256]
	 patches_per_record         500
	 fields                     None
	 shape                      [724, 724]
	 out_dir                    /project/foster/clouds/data/mod9-724x1km/


Rank 5 wrote 1 patches
Rank 8 wrote 1 patches
Rank 3 wrote 1 patches
Rank 8 done.
Rank 5 done.
Rank 14 wrote 1 patches
Rank 10 wrote 1 patches
Rank 3 done.
Rank 7 wrote 1 patches
Rank 14 done.
Rank 10 done.
Rank 7 done.
Rank 1 wrote 1 patches
Rank 11 wrote 1 patches
Rank 12 wrote 1 patches
Rank 1 done.
Rank 11 done.
Rank 12 done.
Rank 2 wrote 1 patches
Rank 4 wrote 1 patches
Rank 2 done.
Rank 4 done.
Rank 6 wrote 1 patches
Rank 6 done.
Rank 0 wrote 1 patches
Rank 0 done.
Rank 13 wrote 1 patches
Rank 13 done.
Rank 9 wrote 1 patches
Rank 9 done.
Rank 15 wrote 1 patches
Rank 15 done.
