/tmp/slurmd/job50928081/slurm_script: line 0: unalias: pine: not found
/tmp/slurmd/job50928081/slurm_script: line 0: unalias: quota: not found
/tmp/slurmd/job50928081/slurm_script: line 0: unalias: chsh: not found
/tmp/slurmd/job50928081/slurm_script: line 0: unalias: grpe: not found
/tmp/slurmd/job50928081/slurm_script: line 0: unalias: alloc: not found
/tmp/slurmd/job50928081/slurm_script: line 0: unalias: vi: not found
/tmp/slurmd/job50928081/slurm_script: line 0: unalias: chfn: not found
usage: into_record.py [-h] [--fields FIELDS [FIELDS ...]]
                      [--shape SHAPE SHAPE] [--resize RESIZE]
                      [--stride STRIDE STRIDE]
                      [--patches_per_record PATCHES_PER_RECORD]
                      source_glob out_dir {tif,hdf,pptif}
into_record.py: error: the following arguments are required: out_dir, mode
usage: into_record.py [-h] [--fields FIELDS [FIELDS ...]]
                      [--shape SHAPE SHAPE] [--resize RESIZE]
                      [--stride STRIDE STRIDE]
                      [--patches_per_record PATCHES_PER_RECORD]
                      source_glob out_dir {tif,hdf,pptif}
into_record.py: error: the following arguments are required: out_dir, mode
usage: into_record.py [-h] [--fields FIELDS [FIELDS ...]]
                      [--shape SHAPE SHAPE] [--resize RESIZE]
                      [--stride STRIDE STRIDE]
                      [--patches_per_record PATCHES_PER_RECORD]
                      source_glob out_dir {tif,hdf,pptif}
into_record.py: error: the following arguments are required: out_dir, mode
usage: into_record.py [-h] [--fields FIELDS [FIELDS ...]]
                      [--shape SHAPE SHAPE] [--resize RESIZE]
                      [--stride STRIDE STRIDE]
                      [--patches_per_record PATCHES_PER_RECORD]
                      source_glob out_dir {tif,hdf,pptif}
into_record.py: error: the following arguments are required: out_dir, mode
usage: into_record.py [-h] [--fields FIELDS [FIELDS ...]]
                      [--shape SHAPE SHAPE] [--resize RESIZE]
                      [--stride STRIDE STRIDE]
                      [--patches_per_record PATCHES_PER_RECORD]
                      source_glob out_dir {tif,hdf,pptif}
into_record.py: error: the following arguments are required: out_dir, mode
usage: into_record.py [-h] [--fields FIELDS [FIELDS ...]]
                      [--shape SHAPE SHAPE] [--resize RESIZE]
                      [--stride STRIDE STRIDE]
                      [--patches_per_record PATCHES_PER_RECORD]
                      source_glob out_dir {tif,hdf,pptif}
into_record.py: error: the following arguments are required: out_dir, mode
usage: into_record.py [-h] [--fields FIELDS [FIELDS ...]]
                      [--shape SHAPE SHAPE] [--resize RESIZE]
                      [--stride STRIDE STRIDE]
                      [--patches_per_record PATCHES_PER_RECORD]
                      source_glob out_dir {tif,hdf,pptif}
into_record.py: error: the following arguments are required: out_dir, mode
usage: into_record.py [-h] [--fields FIELDS [FIELDS ...]]
                      [--shape SHAPE SHAPE] [--resize RESIZE]
                      [--stride STRIDE STRIDE]
                      [--patches_per_record PATCHES_PER_RECORD]
                      source_glob out_dir {tif,hdf,pptif}
into_record.py: error: the following arguments are required: out_dir, mode
-------------------------------------------------------
Primary job  terminated normally, but 1 process returned
a non-zero exit code. Per user-direction, the job has been aborted.
-------------------------------------------------------
--------------------------------------------------------------------------
mpiexec detected that one or more processes exited with non-zero status, thus causing
the job to be terminated. The first process to do so was:

  Process name: [[32188,1],4]
  Exit code:    2
--------------------------------------------------------------------------
/tmp/slurmd/job50928081/slurm_script: line 29: /project/foster/clouds/data/open_cell-128x500m/: No such file or directory
	 patches_per_record         500
	 fields                     None
	 source_glob                /project/foster/clouds/data/gee/closed_open_cell/2017_01_MOD09GA/*closed-cell.tif
	 out_dir                    /project/foster/clouds/data/closed_cell-128x500m/
	 resize                     None
	 shape                      [724, 724]
	 mode                       pptif
	 stride                     [256, 256]


Reading /project/foster/clouds/data/gee/closed_open_cell/2017_01_MOD09GA/2017-01-21_MOD09GA_closed-cell.tif
Reading /project/foster/clouds/data/gee/closed_open_cell/2017_01_MOD09GA/2017-01-19_MOD09GA_closed-cell.tif
Reading /project/foster/clouds/data/gee/closed_open_cell/2017_01_MOD09GA/2017-01-13_MOD09GA_closed-cell.tif
Reading /project/foster/clouds/data/gee/closed_open_cell/2017_01_MOD09GA/2017-01-29_MOD09GA_closed-cell.tif
Reading /project/foster/clouds/data/gee/closed_open_cell/2017_01_MOD09GA/2017-01-18_MOD09GA_closed-cell.tif
Reading /project/foster/clouds/data/gee/closed_open_cell/2017_01_MOD09GA/2017-01-02_MOD09GA_closed-cell.tif
Reading /project/foster/clouds/data/gee/closed_open_cell/2017_01_MOD09GA/2017-01-26_MOD09GA_closed-cell.tif
Reading /project/foster/clouds/data/gee/closed_open_cell/2017_01_MOD09GA/2017-01-23_MOD09GA_closed-cell.tif
Writing to 7-0.tfrecord
Reading /project/foster/clouds/data/gee/closed_open_cell/2017_01_MOD09GA/2017-01-01_MOD09GA_closed-cell.tif
Writing to 5-0.tfrecord
Reading /project/foster/clouds/data/gee/closed_open_cell/2017_01_MOD09GA/2017-01-20_MOD09GA_closed-cell.tif
Writing to 4-0.tfrecord
Writing to 1-0.tfrecord
Writing to 3-0.tfrecord
Writing to 0-0.tfrecord
Writing to 2-0.tfrecord
Reading /project/foster/clouds/data/gee/closed_open_cell/2017_01_MOD09GA/2017-01-17_MOD09GA_closed-cell.tif
Reading /project/foster/clouds/data/gee/closed_open_cell/2017_01_MOD09GA/2017-01-12_MOD09GA_closed-cell.tif
Rank 7 wrote 42 patches
Rank 7 done.
Reading /project/foster/clouds/data/gee/closed_open_cell/2017_01_MOD09GA/2017-01-09_MOD09GA_closed-cell.tif
Reading /project/foster/clouds/data/gee/closed_open_cell/2017_01_MOD09GA/2017-01-14_MOD09GA_closed-cell.tif
Reading /project/foster/clouds/data/gee/closed_open_cell/2017_01_MOD09GA/2017-01-30_MOD09GA_closed-cell.tif
Writing to 6-0.tfrecord
Reading /project/foster/clouds/data/gee/closed_open_cell/2017_01_MOD09GA/2017-01-16_MOD09GA_closed-cell.tif
Reading /project/foster/clouds/data/gee/closed_open_cell/2017_01_MOD09GA/2017-01-06_MOD09GA_closed-cell.tif
Reading /project/foster/clouds/data/gee/closed_open_cell/2017_01_MOD09GA/2017-01-25_MOD09GA_closed-cell.tif
Reading /project/foster/clouds/data/gee/closed_open_cell/2017_01_MOD09GA/2017-01-28_MOD09GA_closed-cell.tif
Reading /project/foster/clouds/data/gee/closed_open_cell/2017_01_MOD09GA/2017-01-24_MOD09GA_closed-cell.tif
Reading /project/foster/clouds/data/gee/closed_open_cell/2017_01_MOD09GA/2017-01-05_MOD09GA_closed-cell.tif
Reading /project/foster/clouds/data/gee/closed_open_cell/2017_01_MOD09GA/2017-01-08_MOD09GA_closed-cell.tif
Reading /project/foster/clouds/data/gee/closed_open_cell/2017_01_MOD09GA/2017-01-07_MOD09GA_closed-cell.tif
Reading /project/foster/clouds/data/gee/closed_open_cell/2017_01_MOD09GA/2017-01-11_MOD09GA_closed-cell.tif
Rank 2 wrote 273 patches
Rank 2 done.
Rank 3 wrote 243 patches
Rank 3 done.
Reading /project/foster/clouds/data/gee/closed_open_cell/2017_01_MOD09GA/2017-01-27_MOD09GA_closed-cell.tif
Reading /project/foster/clouds/data/gee/closed_open_cell/2017_01_MOD09GA/2017-01-10_MOD09GA_closed-cell.tif
Reading /project/foster/clouds/data/gee/closed_open_cell/2017_01_MOD09GA/2017-01-04_MOD09GA_closed-cell.tif
Rank 5 wrote 314 patches
Rank 5 done.
Rank 0 wrote 288 patches
Rank 0 done.
Rank 1 wrote 324 patches
Rank 1 done.
Reading /project/foster/clouds/data/gee/closed_open_cell/2017_01_MOD09GA/2017-01-31_MOD09GA_closed-cell.tif
Reading /project/foster/clouds/data/gee/closed_open_cell/2017_01_MOD09GA/2017-01-15_MOD09GA_closed-cell.tif
Reading /project/foster/clouds/data/gee/closed_open_cell/2017_01_MOD09GA/2017-01-03_MOD09GA_closed-cell.tif
Reading /project/foster/clouds/data/gee/closed_open_cell/2017_01_MOD09GA/2017-01-22_MOD09GA_closed-cell.tif
Rank 6 wrote 425 patches
Rank 6 done.
Rank 4 wrote 468 patches
Rank 4 done.
