/tmp/slurmd/job50952684/slurm_script: line 0: unalias: pine: not found
/tmp/slurmd/job50952684/slurm_script: line 0: unalias: quota: not found
/tmp/slurmd/job50952684/slurm_script: line 0: unalias: chsh: not found
/tmp/slurmd/job50952684/slurm_script: line 0: unalias: grpe: not found
/tmp/slurmd/job50952684/slurm_script: line 0: unalias: alloc: not found
/tmp/slurmd/job50952684/slurm_script: line 0: unalias: vi: not found
/tmp/slurmd/job50952684/slurm_script: line 0: unalias: chfn: not found
	 mode                       pptif
	 shape                      [724, 724]
	 out_dir                    /project/foster/clouds/data/open_cell-128x500m/
	 fields                     None
	 source_glob                /project/foster/clouds/data/gee/closed_open_cell/2017_01_MOD09GA/*open-cell.tif
	 patches_per_record         500
	 resize                     None
	 stride                     [256, 256]


Reading /project/foster/clouds/data/gee/closed_open_cell/2017_01_MOD09GA/2017-01-18_MOD09GA_open-cell.tif
Reading /project/foster/clouds/data/gee/closed_open_cell/2017_01_MOD09GA/2017-01-17_MOD09GA_open-cell.tif
Reading /project/foster/clouds/data/gee/closed_open_cell/2017_01_MOD09GA/2017-01-19_MOD09GA_open-cell.tif
Reading /project/foster/clouds/data/gee/closed_open_cell/2017_01_MOD09GA/2017-01-06_MOD09GA_open-cell.tif
Reading /project/foster/clouds/data/gee/closed_open_cell/2017_01_MOD09GA/2017-01-10_MOD09GA_open-cell.tif
Reading /project/foster/clouds/data/gee/closed_open_cell/2017_01_MOD09GA/2017-01-16_MOD09GA_open-cell.tif
Reading /project/foster/clouds/data/gee/closed_open_cell/2017_01_MOD09GA/2017-01-25_MOD09GA_open-cell.tif
Reading /project/foster/clouds/data/gee/closed_open_cell/2017_01_MOD09GA/2017-01-27_MOD09GA_open-cell.tif
Writing to 0-0.tfrecord
Writing to 4-0.tfrecord
Writing to 7-0.tfrecord
Writing to 3-0.tfrecord
Writing to 2-0.tfrecord
Writing to 5-0.tfrecord
Writing to 6-0.tfrecord
Writing to 1-0.tfrecord
Reading /project/foster/clouds/data/gee/closed_open_cell/2017_01_MOD09GA/2017-01-03_MOD09GA_open-cell.tif
Reading /project/foster/clouds/data/gee/closed_open_cell/2017_01_MOD09GA/2017-01-24_MOD09GA_open-cell.tif
Reading /project/foster/clouds/data/gee/closed_open_cell/2017_01_MOD09GA/2017-01-29_MOD09GA_open-cell.tif
Reading /project/foster/clouds/data/gee/closed_open_cell/2017_01_MOD09GA/2017-01-30_MOD09GA_open-cell.tif
Reading /project/foster/clouds/data/gee/closed_open_cell/2017_01_MOD09GA/2017-01-04_MOD09GA_open-cell.tif
Reading /project/foster/clouds/data/gee/closed_open_cell/2017_01_MOD09GA/2017-01-14_MOD09GA_open-cell.tif
Reading /project/foster/clouds/data/gee/closed_open_cell/2017_01_MOD09GA/2017-01-20_MOD09GA_open-cell.tif
Reading /project/foster/clouds/data/gee/closed_open_cell/2017_01_MOD09GA/2017-01-23_MOD09GA_open-cell.tif
Reading /project/foster/clouds/data/gee/closed_open_cell/2017_01_MOD09GA/2017-01-07_MOD09GA_open-cell.tif
Reading /project/foster/clouds/data/gee/closed_open_cell/2017_01_MOD09GA/2017-01-12_MOD09GA_open-cell.tif
Rank 0 wrote 145 patches
Rank 0 done.
Reading /project/foster/clouds/data/gee/closed_open_cell/2017_01_MOD09GA/2017-01-02_MOD09GA_open-cell.tif
Reading /project/foster/clouds/data/gee/closed_open_cell/2017_01_MOD09GA/2017-01-13_MOD09GA_open-cell.tif
Rank 2 wrote 229 patches
Rank 2 done.
Reading /project/foster/clouds/data/gee/closed_open_cell/2017_01_MOD09GA/2017-01-26_MOD09GA_open-cell.tif
Reading /project/foster/clouds/data/gee/closed_open_cell/2017_01_MOD09GA/2017-01-22_MOD09GA_open-cell.tif
Reading /project/foster/clouds/data/gee/closed_open_cell/2017_01_MOD09GA/2017-01-05_MOD09GA_open-cell.tif
Reading /project/foster/clouds/data/gee/closed_open_cell/2017_01_MOD09GA/2017-01-08_MOD09GA_open-cell.tif
Reading /project/foster/clouds/data/gee/closed_open_cell/2017_01_MOD09GA/2017-01-11_MOD09GA_open-cell.tif
Rank 3 wrote 321 patches
Rank 3 done.
Rank 5 wrote 274 patches
Rank 5 done.
Rank 7 wrote 318 patches
Rank 7 done.
Reading /project/foster/clouds/data/gee/closed_open_cell/2017_01_MOD09GA/2017-01-09_MOD09GA_open-cell.tif
Reading /project/foster/clouds/data/gee/closed_open_cell/2017_01_MOD09GA/2017-01-21_MOD09GA_open-cell.tif
Reading /project/foster/clouds/data/gee/closed_open_cell/2017_01_MOD09GA/2017-01-31_MOD09GA_open-cell.tif
Reading /project/foster/clouds/data/gee/closed_open_cell/2017_01_MOD09GA/2017-01-01_MOD09GA_open-cell.tif
Reading /project/foster/clouds/data/gee/closed_open_cell/2017_01_MOD09GA/2017-01-28_MOD09GA_open-cell.tif
Reading /project/foster/clouds/data/gee/closed_open_cell/2017_01_MOD09GA/2017-01-15_MOD09GA_open-cell.tif
Writing to 1-1.tfrecord
Writing to 6-1.tfrecord
Rank 4 wrote 440 patches
Rank 4 done.
Rank 6 wrote 551 patches
Rank 6 done.
Rank 1 wrote 618 patches
Rank 1 done.
