Tensorflow version: 1.9.0
Current Git Commit: b'212ff2d'
Flags:
	data:                      ['/project/foster/clouds/geotfr/1_of_8.tfrecords', '/project/foster/clouds/geotfr/2_of_8.tfrecords', '/project/foster/clouds/geotfr/3_of_8.tfrecords', '/project/foster/clouds/geotfr/4_of_8.tfrecords', '/project/foster/clouds/geotfr/5_of_8.tfrecords', '/project/foster/clouds/geotfr/6_of_8.tfrecords', '/project/foster/clouds/geotfr/7_of_8.tfrecords', '/project/foster/clouds/geotfr/8_of_8.tfrecords']
	batch_size:                32
	model_dir:                 out/m10disc/
	optimizer:                 adam
	steps_per_epoch:           1000
	epochs:                    500
	new_model:                 
	shape:                     (64, 64, 7)
	discriminator:             1
	lambda_disc:               0.01
	lambda_gradient_penalty:   10
	n_critic:                  5
	perceptual:                None


Starting epoch 0
Starting epoch 1
Starting epoch 2
Starting epoch 3
Starting epoch 4
Starting epoch 5
Starting epoch 6
Starting epoch 7
Starting epoch 8
Starting epoch 9
Starting epoch 10
Starting epoch 11
Starting epoch 12
Starting epoch 13
Starting epoch 14
Starting epoch 15
Starting epoch 16
Starting epoch 17
Starting epoch 18
Starting epoch 19
Starting epoch 20
Starting epoch 21
Starting epoch 22
Starting epoch 23
Starting epoch 24
Starting epoch 25
Starting epoch 26
Starting epoch 27
Starting epoch 28
Starting epoch 29
Starting epoch 30
Starting epoch 31
Starting epoch 32
Starting epoch 33
Starting epoch 34
Starting epoch 35
Starting epoch 36
Starting epoch 37
Starting epoch 38
Starting epoch 39
Starting epoch 40
Starting epoch 41
Starting epoch 42
Starting epoch 43
Starting epoch 44
Starting epoch 45
Starting epoch 46
Starting epoch 47
Starting epoch 48
Starting epoch 49
Starting epoch 50
Starting epoch 51
Starting epoch 52
Starting epoch 53
Starting epoch 54
Starting epoch 55
Starting epoch 56
Starting epoch 57
Starting epoch 58
Starting epoch 59
Starting epoch 60
Starting epoch 61
Starting epoch 62
Starting epoch 63
Starting epoch 64
Starting epoch 65
Starting epoch 66
Starting epoch 67
Starting epoch 68
Starting epoch 69
Starting epoch 70
Starting epoch 71
Starting epoch 72
Starting epoch 73
Starting epoch 74
Starting epoch 75
Starting epoch 76
Starting epoch 77
Starting epoch 78
Starting epoch 79
Starting epoch 80
Starting epoch 81
Starting epoch 82
Starting epoch 83
Starting epoch 84
Starting epoch 85
Starting epoch 86
Starting epoch 87
Starting epoch 88
Starting epoch 89
Starting epoch 90
Starting epoch 91
Starting epoch 92
Starting epoch 93
Starting epoch 94
Starting epoch 95
Starting epoch 96
Starting epoch 97
Starting epoch 98
Starting epoch 99
Starting epoch 100
Starting epoch 101
Starting epoch 102
Starting epoch 103
Starting epoch 104
Starting epoch 105
Starting epoch 106
Starting epoch 107
Starting epoch 108
Starting epoch 109
Starting epoch 110
Starting epoch 111
Starting epoch 112
Starting epoch 113
Starting epoch 114
Starting epoch 115
Starting epoch 116
Starting epoch 117
Starting epoch 118
Starting epoch 119
Starting epoch 120
Starting epoch 121
Starting epoch 122
Starting epoch 123
Starting epoch 124
Starting epoch 125
Starting epoch 126
Starting epoch 127
Starting epoch 128
Starting epoch 129
Starting epoch 130
Starting epoch 131
Starting epoch 132
Starting epoch 133
Starting epoch 134
Starting epoch 135
Starting epoch 136
Starting epoch 137
Starting epoch 138
Starting epoch 139
Starting epoch 140
Starting epoch 141
Starting epoch 142
Starting epoch 143
Starting epoch 144
Starting epoch 145
Starting epoch 146
Starting epoch 147
Starting epoch 148
Starting epoch 149
Starting epoch 150
Starting epoch 151
Starting epoch 152
Starting epoch 153
Starting epoch 154
Starting epoch 155
Starting epoch 156
Starting epoch 157
Starting epoch 158
Starting epoch 159
Starting epoch 160
Starting epoch 161
Starting epoch 162
Starting epoch 163
Starting epoch 164
Starting epoch 165
Starting epoch 166
Starting epoch 167
Starting epoch 168
Starting epoch 169
Starting epoch 170
Starting epoch 171
Starting epoch 172
Starting epoch 173
Starting epoch 174
Starting epoch 175
Starting epoch 176
Starting epoch 177
Starting epoch 178
Starting epoch 179
Starting epoch 180
Starting epoch 181
Starting epoch 182
Starting epoch 183
Starting epoch 184
Starting epoch 185
Starting epoch 186
Starting epoch 187
Starting epoch 188
Starting epoch 189
Starting epoch 190
Starting epoch 191
Starting epoch 192
Starting epoch 193
Starting epoch 194
Starting epoch 195
Starting epoch 196
Starting epoch 197
Starting epoch 198
Starting epoch 199
Starting epoch 200
Starting epoch 201
Starting epoch 202
Starting epoch 203
Starting epoch 204
Starting epoch 205
Starting epoch 206
Starting epoch 207
Starting epoch 208
Starting epoch 209
Starting epoch 210
Starting epoch 211
Starting epoch 212
Starting epoch 213
Starting epoch 214
Starting epoch 215
Starting epoch 216
Starting epoch 217
Starting epoch 218
Starting epoch 219
Starting epoch 220
Starting epoch 221
Starting epoch 222
Starting epoch 223
Starting epoch 224
Starting epoch 225
Starting epoch 226
Starting epoch 227
Starting epoch 228
Starting epoch 229
Starting epoch 230
Starting epoch 231
Starting epoch 232
Starting epoch 233
Starting epoch 234
Starting epoch 235
Starting epoch 236
Starting epoch 237
Starting epoch 238
Starting epoch 239
Starting epoch 240
Starting epoch 241
Starting epoch 242
Starting epoch 243
Starting epoch 244
Starting epoch 245
Starting epoch 246
Starting epoch 247
Starting epoch 248
Starting epoch 249
Starting epoch 250
Starting epoch 251
Starting epoch 252
Starting epoch 253
Starting epoch 254
Starting epoch 255
Starting epoch 256
Starting epoch 257
Starting epoch 258
Starting epoch 259
Starting epoch 260
Starting epoch 261
Starting epoch 262
Starting epoch 263
Starting epoch 264
Starting epoch 265
Starting epoch 266
Starting epoch 267
Starting epoch 268
Starting epoch 269
Starting epoch 270
Starting epoch 271
Starting epoch 272
Starting epoch 273
Starting epoch 274
Starting epoch 275
Starting epoch 276
Starting epoch 277
Starting epoch 278
Starting epoch 279
Starting epoch 280
Starting epoch 281
Starting epoch 282
Starting epoch 283
Starting epoch 284
Starting epoch 285
Starting epoch 286
Starting epoch 287
Starting epoch 288
Starting epoch 289
Starting epoch 290
Starting epoch 291
Starting epoch 292
Starting epoch 293
Starting epoch 294
Starting epoch 295
Starting epoch 296
Starting epoch 297
Starting epoch 298
Starting epoch 299
Starting epoch 300
Starting epoch 301
Starting epoch 302
Starting epoch 303
Starting epoch 304
Starting epoch 305
Starting epoch 306
Starting epoch 307
Starting epoch 308
Starting epoch 309
Starting epoch 310
Starting epoch 311
Starting epoch 312
Starting epoch 313
Starting epoch 314
Starting epoch 315
Starting epoch 316
Starting epoch 317
Starting epoch 318
Starting epoch 319
Starting epoch 320
Starting epoch 321
Starting epoch 322
Starting epoch 323
Starting epoch 324
Starting epoch 325
Starting epoch 326
Starting epoch 327
Starting epoch 328
Starting epoch 329
Starting epoch 330
Starting epoch 331
Starting epoch 332
Starting epoch 333
Starting epoch 334
Starting epoch 335
Starting epoch 336
Starting epoch 337
Starting epoch 338
Starting epoch 339
Starting epoch 340
Starting epoch 341
Starting epoch 342
Starting epoch 343
Starting epoch 344
Starting epoch 345
Starting epoch 346
Starting epoch 347
Starting epoch 348
Starting epoch 349
Starting epoch 350
Starting epoch 351
Starting epoch 352
Starting epoch 353
Starting epoch 354
Starting epoch 355
Starting epoch 356
Starting epoch 357
Starting epoch 358
Starting epoch 359
Starting epoch 360
Starting epoch 361
Starting epoch 362
Starting epoch 363
Starting epoch 364
Starting epoch 365
Starting epoch 366
Starting epoch 367
Starting epoch 368
Starting epoch 369
Starting epoch 370
Starting epoch 371
Starting epoch 372
Starting epoch 373
Starting epoch 374
Starting epoch 375
Starting epoch 376
Starting epoch 377
Starting epoch 378
Starting epoch 379
Starting epoch 380
Starting epoch 381
Starting epoch 382
Starting epoch 383
Starting epoch 384
Starting epoch 385
Starting epoch 386
Starting epoch 387
Starting epoch 388
Starting epoch 389
Starting epoch 390
Starting epoch 391
Starting epoch 392
Starting epoch 393
Starting epoch 394
Starting epoch 395
Starting epoch 396
Starting epoch 397
Starting epoch 398
Starting epoch 399
Starting epoch 400
Starting epoch 401
Starting epoch 402
Starting epoch 403
Starting epoch 404
Starting epoch 405
Starting epoch 406
Starting epoch 407
Starting epoch 408
Starting epoch 409
Starting epoch 410
Starting epoch 411
Starting epoch 412
Starting epoch 413
Starting epoch 414
Starting epoch 415
Starting epoch 416
Starting epoch 417
Starting epoch 418
Starting epoch 419
Starting epoch 420
Starting epoch 421
Starting epoch 422
Starting epoch 423
Starting epoch 424
Starting epoch 425
Starting epoch 426
Starting epoch 427
Starting epoch 428
Starting epoch 429
Starting epoch 430
Starting epoch 431
Starting epoch 432
Starting epoch 433
Starting epoch 434
Starting epoch 435
Starting epoch 436
Starting epoch 437
Starting epoch 438
Starting epoch 439
Starting epoch 440
Starting epoch 441
Starting epoch 442
Starting epoch 443
Starting epoch 444
Starting epoch 445
Starting epoch 446
Starting epoch 447
Starting epoch 448
Starting epoch 449
Starting epoch 450
Starting epoch 451
Starting epoch 452
Starting epoch 453
Starting epoch 454
Starting epoch 455
Starting epoch 456
Starting epoch 457
Starting epoch 458
Starting epoch 459
Starting epoch 460
Starting epoch 461
Starting epoch 462
Starting epoch 463
Starting epoch 464
Starting epoch 465
Starting epoch 466
Starting epoch 467
Starting epoch 468
Starting epoch 469
Starting epoch 470
Starting epoch 471
Starting epoch 472
Starting epoch 473
Starting epoch 474
Starting epoch 475
Starting epoch 476
Starting epoch 477
Starting epoch 478
Starting epoch 479
Starting epoch 480
Starting epoch 481
Starting epoch 482
Starting epoch 483
Starting epoch 484
Starting epoch 485
Starting epoch 486
Starting epoch 487
Starting epoch 488
Starting epoch 489
Starting epoch 490
Starting epoch 491
Starting epoch 492
Starting epoch 493
Starting epoch 494
Starting epoch 495
Starting epoch 496
Starting epoch 497
Starting epoch 498
Starting epoch 499
[[[[0.00000000e+00 0.00000000e+00 0.00000000e+00 ... 0.00000000e+00
    0.00000000e+00 0.00000000e+00]
   [0.00000000e+00 0.00000000e+00 0.00000000e+00 ... 0.00000000e+00
    0.00000000e+00 0.00000000e+00]
   [0.00000000e+00 0.00000000e+00 0.00000000e+00 ... 0.00000000e+00
    0.00000000e+00 0.00000000e+00]
   ...
   [0.00000000e+00 0.00000000e+00 0.00000000e+00 ... 0.00000000e+00
    0.00000000e+00 0.00000000e+00]
   [0.00000000e+00 0.00000000e+00 0.00000000e+00 ... 0.00000000e+00
    0.00000000e+00 0.00000000e+00]
   [0.00000000e+00 0.00000000e+00 0.00000000e+00 ... 0.00000000e+00
    0.00000000e+00 0.00000000e+00]]

  [[0.00000000e+00 0.00000000e+00 0.00000000e+00 ... 0.00000000e+00
    0.00000000e+00 0.00000000e+00]
   [0.00000000e+00 0.00000000e+00 0.00000000e+00 ... 0.00000000e+00
    0.00000000e+00 0.00000000e+00]
   [0.00000000e+00 0.00000000e+00 0.00000000e+00 ... 0.00000000e+00
    0.00000000e+00 0.00000000e+00]
   ...
   [0.00000000e+00 0.00000000e+00 0.00000000e+00 ... 0.00000000e+00
    0.00000000e+00 0.00000000e+00]
   [0.00000000e+00 0.00000000e+00 0.00000000e+00 ... 0.00000000e+00
    0.00000000e+00 0.00000000e+00]
   [0.00000000e+00 0.00000000e+00 0.00000000e+00 ... 0.00000000e+00
    0.00000000e+00 0.00000000e+00]]

  [[0.00000000e+00 0.00000000e+00 0.00000000e+00 ... 0.00000000e+00
    0.00000000e+00 0.00000000e+00]
   [0.00000000e+00 0.00000000e+00 0.00000000e+00 ... 0.00000000e+00
    0.00000000e+00 0.00000000e+00]
   [0.00000000e+00 0.00000000e+00 0.00000000e+00 ... 0.00000000e+00
    0.00000000e+00 0.00000000e+00]
   ...
   [0.00000000e+00 0.00000000e+00 0.00000000e+00 ... 0.00000000e+00
    0.00000000e+00 0.00000000e+00]
   [0.00000000e+00 0.00000000e+00 0.00000000e+00 ... 0.00000000e+00
    0.00000000e+00 0.00000000e+00]
   [0.00000000e+00 0.00000000e+00 0.00000000e+00 ... 0.00000000e+00
    0.00000000e+00 0.00000000e+00]]

  ...

  [[1.38822198e-03 9.74458754e-02 6.56482279e-02 ... 0.00000000e+00
    4.09127474e-02 0.00000000e+00]
   [2.20971525e-01 1.22894883e-01 8.73782486e-02 ... 0.00000000e+00
    0.00000000e+00 0.00000000e+00]
   [0.00000000e+00 1.09683529e-01 1.01483449e-01 ... 7.66567513e-02
    4.17054221e-02 0.00000000e+00]
   ...
   [4.15385794e-03 8.90226383e-03 3.31985368e-03 ... 0.00000000e+00
    0.00000000e+00 0.00000000e+00]
   [1.58271333e-03 3.75662092e-03 2.37765117e-03 ... 2.15374283e-04
    1.23964692e-03 0.00000000e+00]
   [0.00000000e+00 4.80971532e-04 1.56695140e-03 ... 4.51540574e-04
    0.00000000e+00 0.00000000e+00]]

  [[0.00000000e+00 1.84746072e-01 8.04649144e-02 ... 0.00000000e+00
    1.09373387e-02 3.18660215e-03]
   [0.00000000e+00 2.72285715e-02 9.40625966e-02 ... 0.00000000e+00
    1.04482517e-01 5.68937548e-02]
   [1.03927642e-01 1.98014736e-01 7.56562129e-02 ... 0.00000000e+00
    0.00000000e+00 0.00000000e+00]
   ...
   [1.60940504e-03 0.00000000e+00 1.09930709e-02 ... 0.00000000e+00
    1.23989605e-03 3.71636730e-03]
   [5.48842130e-04 4.30591777e-03 0.00000000e+00 ... 0.00000000e+00
    0.00000000e+00 0.00000000e+00]
   [4.56598122e-04 1.68946316e-03 2.36308668e-03 ... 0.00000000e+00
    0.00000000e+00 0.00000000e+00]]

  [[0.00000000e+00 3.49271819e-02 2.53407173e-02 ... 7.90240150e-03
    0.00000000e+00 0.00000000e+00]
   [9.14564133e-02 2.72033941e-02 1.12463318e-01 ... 0.00000000e+00
    5.04373685e-02 0.00000000e+00]
   [3.72687802e-02 1.05644792e-01 7.73033723e-02 ... 1.65390596e-02
    7.51967728e-03 0.00000000e+00]
   ...
   [0.00000000e+00 4.14247997e-03 2.64187390e-03 ... 0.00000000e+00
    0.00000000e+00 0.00000000e+00]
   [0.00000000e+00 0.00000000e+00 3.48363305e-03 ... 0.00000000e+00
    2.18874589e-03 0.00000000e+00]
   [0.00000000e+00 0.00000000e+00 1.05385249e-03 ... 0.00000000e+00
    0.00000000e+00 0.00000000e+00]]]


 [[[0.00000000e+00 2.52656847e-01 9.14928317e-03 ... 0.00000000e+00
    0.00000000e+00 0.00000000e+00]
   [0.00000000e+00 0.00000000e+00 9.51846540e-02 ... 5.19698560e-02
    2.67747581e-01 3.55076075e-01]
   [8.44031751e-01 4.62014943e-01 0.00000000e+00 ... 1.63731486e-01
    4.41279560e-01 4.82316732e-01]
   ...
   [2.05143595e+00 0.00000000e+00 1.97233999e+00 ... 0.00000000e+00
    0.00000000e+00 0.00000000e+00]
   [0.00000000e+00 1.11389697e+00 0.00000000e+00 ... 3.60889703e-01
    6.52156711e-01 0.00000000e+00]
   [0.00000000e+00 0.00000000e+00 6.14457130e-02 ... 3.51807833e-01
    4.30887431e-01 3.85205746e-02]]

  [[0.00000000e+00 7.87058890e-01 9.77927089e-01 ... 0.00000000e+00
    5.36314726e-01 0.00000000e+00]
   [1.58556294e+00 8.96911740e-01 5.23683548e-01 ... 2.58967727e-01
    0.00000000e+00 1.03968352e-01]
   [6.30814731e-01 3.72955799e-01 3.32007229e-01 ... 0.00000000e+00
    3.66084814e-01 0.00000000e+00]
   ...
   [1.73576188e+00 3.22167969e+00 0.00000000e+00 ... 1.51730478e+00
    0.00000000e+00 0.00000000e+00]
   [8.31112325e-01 9.13966894e-01 8.64136934e-01 ... 0.00000000e+00
    4.97848809e-01 0.00000000e+00]
   [2.07243621e-01 8.13286304e-01 0.00000000e+00 ... 6.55509830e-02
    0.00000000e+00 0.00000000e+00]]

  [[3.41431141e-01 1.22926044e+00 4.85511184e-01 ... 0.00000000e+00
    1.72747284e-01 0.00000000e+00]
   [9.99812305e-01 6.61138237e-01 1.23899889e+00 ... 4.12435904e-02
    3.11796546e-01 0.00000000e+00]
   [0.00000000e+00 9.26077485e-01 3.59203935e-01 ... 6.12584233e-01
    2.21728995e-01 0.00000000e+00]
   ...
   [1.75601649e+00 1.25236332e+00 3.15663242e+00 ... 0.00000000e+00
    1.93639767e+00 1.87315476e+00]
   [0.00000000e+00 1.50005710e+00 3.90452653e-01 ... 0.00000000e+00
    0.00000000e+00 0.00000000e+00]
   [0.00000000e+00 3.58823419e-01 1.30531192e+00 ... 0.00000000e+00
    0.00000000e+00 0.00000000e+00]]

  ...

  [[0.00000000e+00 1.18806458e+00 9.01597738e-01 ... 0.00000000e+00
    1.03003824e+00 0.00000000e+00]
   [3.50003362e+00 1.61249590e+00 1.30833125e+00 ... 6.83751106e-01
    5.18896222e-01 0.00000000e+00]
   [1.18007898e+00 1.89146924e+00 1.76375318e+00 ... 0.00000000e+00
    9.42732871e-01 0.00000000e+00]
   ...
   [4.55727673e+00 5.10010338e+00 4.24432611e+00 ... 1.09806567e-01
    0.00000000e+00 0.00000000e+00]
   [3.77686000e+00 3.68705940e+00 0.00000000e+00 ... 1.84814727e+00
    1.16751146e+00 0.00000000e+00]
   [0.00000000e+00 2.91717649e+00 1.82961631e+00 ... 1.08635950e+00
    0.00000000e+00 0.00000000e+00]]

  [[0.00000000e+00 2.65618253e+00 1.12051189e+00 ... 0.00000000e+00
    0.00000000e+00 0.00000000e+00]
   [5.89374602e-01 0.00000000e+00 1.77300549e+00 ... 0.00000000e+00
    1.48861766e+00 1.56820703e+00]
   [1.62849927e+00 3.36172152e+00 6.71625137e-03 ... 0.00000000e+00
    2.38963783e-01 3.56535971e-01]
   ...
   [1.57063699e+00 0.00000000e+00 4.47069168e+00 ... 0.00000000e+00
    0.00000000e+00 2.60221195e+00]
   [1.19762611e+00 4.29705000e+00 5.20691156e-01 ... 0.00000000e+00
    0.00000000e+00 0.00000000e+00]
   [0.00000000e+00 7.94063807e-01 3.27690035e-01 ... 0.00000000e+00
    1.46120429e+00 0.00000000e+00]]

  [[0.00000000e+00 5.34406483e-01 3.16445887e-01 ... 1.47825599e-01
    0.00000000e+00 0.00000000e+00]
   [2.12335157e+00 1.69594884e-02 2.47982168e+00 ... 0.00000000e+00
    1.15762711e+00 0.00000000e+00]
   [0.00000000e+00 1.82006299e+00 5.76681376e-01 ... 0.00000000e+00
    1.15388274e+00 0.00000000e+00]
   ...
   [8.62801194e-01 2.92401576e+00 9.47874427e-01 ... 0.00000000e+00
    0.00000000e+00 0.00000000e+00]
   [0.00000000e+00 7.04344511e-02 0.00000000e+00 ... 8.57363045e-01
    2.04440308e+00 0.00000000e+00]
   [0.00000000e+00 7.39755392e-01 0.00000000e+00 ... 0.00000000e+00
    0.00000000e+00 0.00000000e+00]]]


 [[[0.00000000e+00 2.65517831e-01 0.00000000e+00 ... 0.00000000e+00
    3.62994522e-03 0.00000000e+00]
   [0.00000000e+00 0.00000000e+00 2.72710025e-02 ... 0.00000000e+00
    1.48628086e-01 2.28138924e-01]
   [4.90022123e-01 2.05721304e-01 0.00000000e+00 ... 1.99213237e-01
    2.75085717e-01 3.17472160e-01]
   ...
   [2.28943539e+00 0.00000000e+00 1.69977820e+00 ... 0.00000000e+00
    0.00000000e+00 0.00000000e+00]
   [0.00000000e+00 9.27729368e-01 0.00000000e+00 ... 5.36184967e-01
    6.93675339e-01 0.00000000e+00]
   [0.00000000e+00 3.20563316e-02 0.00000000e+00 ... 4.62148130e-01
    6.45656228e-01 0.00000000e+00]]

  [[0.00000000e+00 3.44646335e-01 4.42280143e-01 ... 0.00000000e+00
    2.67039090e-01 0.00000000e+00]
   [1.05450487e+00 2.92383850e-01 3.19134563e-01 ... 1.60155728e-01
    0.00000000e+00 2.40831316e-01]
   [4.26156908e-01 3.53749990e-01 1.96641102e-01 ... 0.00000000e+00
    9.89845395e-02 0.00000000e+00]
   ...
   [1.26385045e+00 3.24577188e+00 0.00000000e+00 ... 1.02544546e+00
    0.00000000e+00 0.00000000e+00]
   [7.84672201e-01 1.19940579e+00 7.98977017e-02 ... 0.00000000e+00
    1.97525769e-01 0.00000000e+00]
   [0.00000000e+00 7.50537634e-01 0.00000000e+00 ... 0.00000000e+00
    0.00000000e+00 0.00000000e+00]]

  [[1.38021767e-01 5.30650198e-01 2.99659193e-01 ... 0.00000000e+00
    1.51714474e-01 0.00000000e+00]
   [8.23122382e-01 5.76792955e-01 6.53252244e-01 ... 0.00000000e+00
    2.75859207e-01 0.00000000e+00]
   [0.00000000e+00 6.41626477e-01 1.61927611e-01 ... 5.07090032e-01
    1.87330022e-01 0.00000000e+00]
   ...
   [1.82841539e+00 1.91626048e+00 3.31586623e+00 ... 0.00000000e+00
    1.90551388e+00 2.48385143e+00]
   [0.00000000e+00 5.76217294e-01 2.03791320e-01 ... 0.00000000e+00
    0.00000000e+00 0.00000000e+00]
   [0.00000000e+00 3.81137162e-01 1.68013549e+00 ... 0.00000000e+00
    0.00000000e+00 0.00000000e+00]]

  ...

  [[0.00000000e+00 4.76949453e-01 6.66938543e-01 ... 0.00000000e+00
    7.47955978e-01 0.00000000e+00]
   [2.37383127e+00 1.54870725e+00 5.40402770e-01 ... 6.49760008e-01
    2.81789362e-01 0.00000000e+00]
   [1.34163260e-01 1.31394744e+00 8.56093407e-01 ... 0.00000000e+00
    3.95636499e-01 0.00000000e+00]
   ...
   [2.38638639e+00 2.65857530e+00 8.92683744e-01 ... 4.91677254e-01
    0.00000000e+00 0.00000000e+00]
   [5.24823129e-01 1.53366566e+00 5.33226967e-01 ... 6.06787682e-01
    3.24418873e-01 0.00000000e+00]
   [0.00000000e+00 1.14589739e+00 2.61800915e-01 ... 3.33615571e-01
    0.00000000e+00 0.00000000e+00]]

  [[0.00000000e+00 2.10662556e+00 1.00625825e+00 ... 0.00000000e+00
    1.54070348e-01 0.00000000e+00]
   [8.27140868e-01 2.54763484e-01 7.48270392e-01 ... 0.00000000e+00
    1.21791553e+00 5.10588109e-01]
   [9.18706656e-01 2.14845872e+00 0.00000000e+00 ... 0.00000000e+00
    5.34025788e-01 3.35866421e-01]
   ...
   [8.12071145e-01 0.00000000e+00 2.01813579e+00 ... 0.00000000e+00
    0.00000000e+00 4.61659670e-01]
   [3.88166428e-01 1.74085927e+00 0.00000000e+00 ... 0.00000000e+00
    0.00000000e+00 0.00000000e+00]
   [0.00000000e+00 2.82403529e-02 1.57632619e-01 ... 0.00000000e+00
    3.12308550e-01 0.00000000e+00]]

  [[0.00000000e+00 4.91592437e-01 2.25026190e-01 ... 3.69247437e-01
    2.23961771e-02 0.00000000e+00]
   [9.94952798e-01 1.85933024e-01 1.38428879e+00 ... 0.00000000e+00
    6.54254913e-01 0.00000000e+00]
   [4.50660586e-02 1.76097512e+00 1.05193901e+00 ... 5.26427329e-01
    5.62099040e-01 0.00000000e+00]
   ...
   [4.45146501e-01 9.08535421e-01 5.46905637e-01 ... 3.91050100e-01
    0.00000000e+00 0.00000000e+00]
   [0.00000000e+00 3.81777823e-01 6.00430667e-02 ... 2.54305065e-01
    1.17003083e+00 1.13073677e-01]
   [0.00000000e+00 0.00000000e+00 3.13931108e-02 ... 1.22224003e-01
    0.00000000e+00 0.00000000e+00]]]


 ...


 [[[0.00000000e+00 8.89555588e-02 1.23505071e-02 ... 0.00000000e+00
    0.00000000e+00 0.00000000e+00]
   [0.00000000e+00 0.00000000e+00 0.00000000e+00 ... 5.37403673e-02
    1.29846744e-02 1.94358453e-01]
   [4.16791916e-01 1.58378512e-01 0.00000000e+00 ... 0.00000000e+00
    1.55961394e-01 2.36023158e-01]
   ...
   [9.19387460e-01 0.00000000e+00 7.25086272e-01 ... 0.00000000e+00
    0.00000000e+00 0.00000000e+00]
   [5.66999316e-02 7.12379098e-01 0.00000000e+00 ... 2.80941129e-01
    4.53502893e-01 0.00000000e+00]
   [0.00000000e+00 0.00000000e+00 0.00000000e+00 ... 1.24848962e-01
    1.21326670e-01 0.00000000e+00]]

  [[0.00000000e+00 3.21401477e-01 5.07225096e-01 ... 8.65045935e-03
    2.56901890e-01 0.00000000e+00]
   [6.84755325e-01 3.02132368e-01 2.73443401e-01 ... 5.72431460e-02
    0.00000000e+00 1.53979346e-01]
   [2.34654337e-01 4.74170148e-01 2.14019045e-01 ... 0.00000000e+00
    2.43509710e-01 0.00000000e+00]
   ...
   [8.44882250e-01 1.56499386e+00 0.00000000e+00 ... 3.70287210e-01
    0.00000000e+00 0.00000000e+00]
   [5.66357970e-01 4.00351286e-01 1.81644410e-01 ... 0.00000000e+00
    0.00000000e+00 0.00000000e+00]
   [1.70489579e-01 3.83951545e-01 0.00000000e+00 ... 1.00398302e-01
    0.00000000e+00 0.00000000e+00]]

  [[3.17625642e-01 4.42193270e-01 2.03446716e-01 ... 0.00000000e+00
    1.43674374e-01 0.00000000e+00]
   [2.74685293e-01 2.64660656e-01 5.34103751e-01 ... 3.29875723e-02
    1.20231964e-01 0.00000000e+00]
   [0.00000000e+00 6.02367520e-01 2.69121766e-01 ... 1.74201816e-01
    1.15596697e-01 0.00000000e+00]
   ...
   [4.43640232e-01 7.07595229e-01 1.60070014e+00 ... 0.00000000e+00
    6.09440923e-01 1.15818775e+00]
   [0.00000000e+00 6.04488134e-01 2.15264887e-01 ... 0.00000000e+00
    0.00000000e+00 0.00000000e+00]
   [0.00000000e+00 2.81097978e-01 4.61652696e-01 ... 0.00000000e+00
    0.00000000e+00 0.00000000e+00]]

  ...

  [[0.00000000e+00 3.63231182e-01 8.05335283e-01 ... 0.00000000e+00
    6.56323671e-01 0.00000000e+00]
   [3.96296310e+00 1.68521965e+00 8.37897658e-01 ... 7.56389022e-01
    6.58445120e-01 3.11832428e-02]
   [0.00000000e+00 2.51325893e+00 2.47935772e+00 ... 0.00000000e+00
    1.54710746e+00 0.00000000e+00]
   ...
   [1.52203059e+00 1.94932842e+00 1.53494155e+00 ... 5.34613132e-01
    0.00000000e+00 0.00000000e+00]
   [6.46373630e-01 1.30011654e+00 0.00000000e+00 ... 2.33304352e-01
    2.33731344e-02 0.00000000e+00]
   [0.00000000e+00 6.49918139e-01 0.00000000e+00 ... 2.67436087e-01
    0.00000000e+00 0.00000000e+00]]

  [[0.00000000e+00 2.46629047e+00 9.95427489e-01 ... 0.00000000e+00
    0.00000000e+00 0.00000000e+00]
   [8.18071365e-01 0.00000000e+00 1.94665194e+00 ... 0.00000000e+00
    1.55286026e+00 1.13884354e+00]
   [1.40162563e+00 3.89207411e+00 4.75439548e-01 ... 0.00000000e+00
    6.93264306e-01 9.89834145e-02]
   ...
   [5.19009054e-01 0.00000000e+00 1.19019651e+00 ... 0.00000000e+00
    0.00000000e+00 7.79829025e-01]
   [8.36093843e-01 1.39180684e+00 0.00000000e+00 ... 1.36621982e-01
    0.00000000e+00 0.00000000e+00]
   [0.00000000e+00 4.94347632e-01 0.00000000e+00 ... 0.00000000e+00
    2.98134863e-01 0.00000000e+00]]

  [[0.00000000e+00 2.75240242e-01 0.00000000e+00 ... 2.18687534e-01
    0.00000000e+00 5.64540774e-02]
   [1.52745914e+00 1.03034449e+00 2.29872227e+00 ... 0.00000000e+00
    1.05835247e+00 0.00000000e+00]
   [4.73459363e-02 2.01989889e+00 1.14046776e+00 ... 1.31704211e-01
    6.36744142e-01 0.00000000e+00]
   ...
   [8.66875172e-01 1.32178617e+00 3.18425864e-01 ... 3.00258249e-01
    0.00000000e+00 0.00000000e+00]
   [0.00000000e+00 9.29468274e-02 0.00000000e+00 ... 1.84644192e-01
    7.43728638e-01 0.00000000e+00]
   [0.00000000e+00 3.82481635e-01 0.00000000e+00 ... 3.52795243e-01
    0.00000000e+00 0.00000000e+00]]]


 [[[0.00000000e+00 2.12058008e-01 1.77643746e-02 ... 0.00000000e+00
    0.00000000e+00 0.00000000e+00]
   [0.00000000e+00 0.00000000e+00 1.58232838e-01 ... 1.47455916e-01
    3.20527405e-01 2.60789514e-01]
   [2.96633512e-01 3.78551364e-01 0.00000000e+00 ... 1.79948300e-01
    1.43882573e-01 2.14464277e-01]
   ...
   [2.31341809e-01 0.00000000e+00 1.89908534e-01 ... 0.00000000e+00
    0.00000000e+00 0.00000000e+00]
   [1.63973160e-02 1.62935361e-01 0.00000000e+00 ... 9.16962624e-02
    1.06388547e-01 0.00000000e+00]
   [0.00000000e+00 0.00000000e+00 0.00000000e+00 ... 5.03239036e-03
    5.50544634e-02 0.00000000e+00]]

  [[0.00000000e+00 2.52737403e-01 5.61670780e-01 ... 0.00000000e+00
    2.57428825e-01 0.00000000e+00]
   [9.70095515e-01 1.78499550e-01 2.51964509e-01 ... 4.40527797e-02
    0.00000000e+00 6.94002211e-03]
   [4.58882153e-01 4.38798040e-01 3.91940087e-01 ... 0.00000000e+00
    0.00000000e+00 0.00000000e+00]
   ...
   [1.14423722e-01 3.72328579e-01 0.00000000e+00 ... 1.05009846e-01
    0.00000000e+00 0.00000000e+00]
   [1.61257640e-01 2.28299081e-01 7.83870816e-02 ... 0.00000000e+00
    9.61871743e-02 0.00000000e+00]
   [0.00000000e+00 3.68419141e-02 0.00000000e+00 ... 1.37861818e-02
    0.00000000e+00 0.00000000e+00]]

  [[4.40809160e-01 4.62001443e-01 1.24325700e-01 ... 0.00000000e+00
    3.64948511e-02 0.00000000e+00]
   [3.62721235e-01 5.06376207e-01 5.90242982e-01 ... 9.88527611e-02
    3.09894532e-01 0.00000000e+00]
   [0.00000000e+00 5.00141621e-01 1.01119623e-01 ... 4.37519431e-01
    1.93377137e-01 0.00000000e+00]
   ...
   [1.48978174e-01 2.45624304e-01 3.99372071e-01 ... 0.00000000e+00
    2.45805234e-01 2.20370173e-01]
   [0.00000000e+00 4.02612984e-02 8.92131999e-02 ... 0.00000000e+00
    0.00000000e+00 0.00000000e+00]
   [0.00000000e+00 2.52118073e-02 1.34939313e-01 ... 0.00000000e+00
    0.00000000e+00 0.00000000e+00]]

  ...

  [[0.00000000e+00 1.00489296e-01 9.50523168e-02 ... 0.00000000e+00
    2.73247808e-02 0.00000000e+00]
   [1.58932716e-01 6.00043684e-02 5.81835434e-02 ... 1.02233350e-01
    7.11112171e-02 0.00000000e+00]
   [2.20051259e-02 1.18253343e-01 5.39883040e-02 ... 0.00000000e+00
    1.25435144e-01 0.00000000e+00]
   ...
   [3.24029833e-01 6.33224308e-01 1.44601986e-01 ... 0.00000000e+00
    0.00000000e+00 0.00000000e+00]
   [2.60096252e-01 3.04855168e-01 2.04089701e-01 ... 9.38461125e-02
    1.33500919e-01 0.00000000e+00]
   [0.00000000e+00 1.81602895e-01 1.11172535e-01 ... 1.31017983e-01
    0.00000000e+00 0.00000000e+00]]

  [[1.62771158e-02 2.24243104e-01 9.27885845e-02 ... 0.00000000e+00
    0.00000000e+00 0.00000000e+00]
   [5.38727641e-03 0.00000000e+00 1.39328688e-01 ... 0.00000000e+00
    4.09290716e-02 5.30548245e-02]
   [1.02580711e-01 3.18435133e-01 0.00000000e+00 ... 0.00000000e+00
    2.14606896e-03 0.00000000e+00]
   ...
   [2.41620898e-01 2.87095308e-02 4.15593833e-01 ... 0.00000000e+00
    0.00000000e+00 2.14701712e-01]
   [1.21432476e-01 5.15928507e-01 0.00000000e+00 ... 0.00000000e+00
    3.13622206e-02 0.00000000e+00]
   [0.00000000e+00 4.48913388e-02 8.70906115e-02 ... 0.00000000e+00
    0.00000000e+00 0.00000000e+00]]

  [[0.00000000e+00 2.51465645e-02 1.53100416e-02 ... 0.00000000e+00
    0.00000000e+00 3.19333002e-03]
   [9.55857188e-02 9.39701870e-03 1.78617463e-01 ... 0.00000000e+00
    6.25623986e-02 0.00000000e+00]
   [4.18990850e-03 9.45311636e-02 4.62037921e-02 ... 0.00000000e+00
    1.29667327e-01 0.00000000e+00]
   ...
   [1.67101473e-02 1.34348184e-01 1.39601350e-01 ... 1.19133115e-01
    0.00000000e+00 0.00000000e+00]
   [0.00000000e+00 1.75045729e-02 0.00000000e+00 ... 0.00000000e+00
    1.70875505e-01 3.99493426e-02]
   [0.00000000e+00 4.80275601e-03 4.04196084e-02 ... 1.95012540e-02
    0.00000000e+00 0.00000000e+00]]]


 [[[0.00000000e+00 3.20168018e-01 5.94473779e-02 ... 0.00000000e+00
    1.94938146e-02 0.00000000e+00]
   [0.00000000e+00 0.00000000e+00 2.14167237e-02 ... 3.23137164e-01
    1.11508906e-01 7.27146626e-01]
   [1.55148566e+00 7.04555392e-01 0.00000000e+00 ... 0.00000000e+00
    4.97799277e-01 6.61452651e-01]
   ...
   [2.15836382e+00 0.00000000e+00 1.98443997e+00 ... 0.00000000e+00
    0.00000000e+00 0.00000000e+00]
   [2.44210362e-01 1.15380871e+00 0.00000000e+00 ... 4.21780825e-01
    1.06019378e+00 0.00000000e+00]
   [0.00000000e+00 0.00000000e+00 0.00000000e+00 ... 4.76274610e-01
    5.40636301e-01 2.22824216e-01]]

  [[0.00000000e+00 1.08104038e+00 1.51446080e+00 ... 0.00000000e+00
    8.11901987e-01 0.00000000e+00]
   [2.30665612e+00 7.42939293e-01 1.31378484e+00 ... 3.18365633e-01
    0.00000000e+00 3.75943184e-01]
   [6.95330858e-01 7.90510595e-01 1.00546241e-01 ... 0.00000000e+00
    1.01910114e-01 0.00000000e+00]
   ...
   [2.03309631e+00 3.52120042e+00 0.00000000e+00 ... 2.03802228e+00
    0.00000000e+00 0.00000000e+00]
   [1.19339728e+00 1.08329654e+00 7.04941154e-01 ... 0.00000000e+00
    9.44650412e-01 0.00000000e+00]
   [1.02771163e-01 1.43744373e+00 2.13250339e-01 ... 4.94116306e-01
    0.00000000e+00 0.00000000e+00]]

  [[6.62863255e-01 1.24614131e+00 4.03320193e-01 ... 0.00000000e+00
    4.70631242e-01 0.00000000e+00]
   [1.36120117e+00 7.92415023e-01 1.74204814e+00 ... 1.72189996e-01
    2.81376511e-01 0.00000000e+00]
   [0.00000000e+00 1.80351663e+00 3.72552872e-03 ... 4.00430202e-01
    5.98022640e-02 0.00000000e+00]
   ...
   [1.16780388e+00 9.13216829e-01 3.43982291e+00 ... 0.00000000e+00
    1.78197384e+00 1.70885682e+00]
   [0.00000000e+00 1.30109453e+00 9.52828705e-01 ... 0.00000000e+00
    0.00000000e+00 0.00000000e+00]
   [0.00000000e+00 3.50801468e-01 1.45293605e+00 ... 0.00000000e+00
    0.00000000e+00 0.00000000e+00]]

  ...

  [[1.25087231e-01 1.34760642e+00 1.53678262e+00 ... 0.00000000e+00
    1.52766466e+00 0.00000000e+00]
   [4.31794643e+00 2.58015466e+00 1.90929651e+00 ... 8.93818736e-02
    1.34202003e+00 0.00000000e+00]
   [9.91359711e-01 2.70813656e+00 2.05487943e+00 ... 0.00000000e+00
    1.33433342e+00 0.00000000e+00]
   ...
   [4.22687912e+00 6.36689186e+00 9.94560242e-01 ... 2.85426784e+00
    0.00000000e+00 0.00000000e+00]
   [0.00000000e+00 3.31590128e+00 1.34584093e+00 ... 2.72973800e+00
    2.75699806e+00 0.00000000e+00]
   [1.09294057e+00 1.13016701e+00 2.00546551e+00 ... 7.74632812e-01
    0.00000000e+00 0.00000000e+00]]

  [[4.10341740e-01 3.44549298e+00 1.30968857e+00 ... 0.00000000e+00
    1.40438333e-01 0.00000000e+00]
   [5.96355379e-01 0.00000000e+00 1.20596015e+00 ... 0.00000000e+00
    1.30255473e+00 1.52114391e+00]
   [1.86554337e+00 3.97478414e+00 3.70962739e-01 ... 0.00000000e+00
    4.30746257e-01 3.89710575e-01]
   ...
   [4.13106501e-01 1.12496614e-01 2.91705894e+00 ... 6.94849968e-01
    1.06266463e+00 5.19405425e-01]
   [6.29728436e-01 4.36445236e+00 5.22107005e-01 ... 0.00000000e+00
    0.00000000e+00 0.00000000e+00]
   [0.00000000e+00 0.00000000e+00 1.32722604e+00 ... 0.00000000e+00
    4.13899064e-01 0.00000000e+00]]

  [[0.00000000e+00 1.07786334e+00 1.01614547e+00 ... 7.44886994e-02
    0.00000000e+00 0.00000000e+00]
   [2.01263976e+00 2.71283299e-01 2.84803462e+00 ... 0.00000000e+00
    1.02204788e+00 0.00000000e+00]
   [5.42110205e-03 2.85467052e+00 9.06034827e-01 ... 2.12991238e-03
    1.29732490e+00 0.00000000e+00]
   ...
   [0.00000000e+00 1.01878166e+00 1.70820940e+00 ... 1.52427375e+00
    0.00000000e+00 0.00000000e+00]
   [0.00000000e+00 0.00000000e+00 0.00000000e+00 ... 1.88976359e+00
    1.69843566e+00 7.43128240e-01]
   [0.00000000e+00 0.00000000e+00 0.00000000e+00 ... 9.10368562e-01
    0.00000000e+00 0.00000000e+00]]]]
