/tmp/slurmd/job48444429/slurm_script: line 0: unalias: pine: not found
/tmp/slurmd/job48444429/slurm_script: line 0: unalias: quota: not found
/tmp/slurmd/job48444429/slurm_script: line 0: unalias: chsh: not found
/tmp/slurmd/job48444429/slurm_script: line 0: unalias: grpe: not found
/tmp/slurmd/job48444429/slurm_script: line 0: unalias: alloc: not found
/tmp/slurmd/job48444429/slurm_script: line 0: unalias: vi: not found
/tmp/slurmd/job48444429/slurm_script: line 0: unalias: chfn: not found
2018-08-14 21:27:30.973245: I tensorflow/core/platform/cpu_feature_guard.cc:141] Your CPU supports instructions that this TensorFlow binary was not compiled to use: AVX2 FMA
2018-08-14 21:27:31.292882: I tensorflow/core/common_runtime/gpu/gpu_device.cc:1392] Found device 0 with properties: 
name: Tesla K80 major: 3 minor: 7 memoryClockRate(GHz): 0.8235
pciBusID: 0000:88:00.0
totalMemory: 11.17GiB freeMemory: 11.10GiB
2018-08-14 21:27:31.292946: I tensorflow/core/common_runtime/gpu/gpu_device.cc:1471] Adding visible gpu devices: 0
2018-08-14 21:27:31.603375: I tensorflow/core/common_runtime/gpu/gpu_device.cc:952] Device interconnect StreamExecutor with strength 1 edge matrix:
2018-08-14 21:27:31.603427: I tensorflow/core/common_runtime/gpu/gpu_device.cc:958]      0 
2018-08-14 21:27:31.603439: I tensorflow/core/common_runtime/gpu/gpu_device.cc:971] 0:   N 
2018-08-14 21:27:31.603782: I tensorflow/core/common_runtime/gpu/gpu_device.cc:1084] Created TensorFlow device (/job:localhost/replica:0/task:0/device:GPU:0 with 10760 MB memory) -> physical GPU (device: 0, name: Tesla K80, pci bus id: 0000:88:00.0, compute capability: 3.7)
2018-08-14 21:27:39.641625: I tensorflow/core/common_runtime/gpu/gpu_device.cc:1471] Adding visible gpu devices: 0
2018-08-14 21:27:39.641696: I tensorflow/core/common_runtime/gpu/gpu_device.cc:952] Device interconnect StreamExecutor with strength 1 edge matrix:
2018-08-14 21:27:39.641711: I tensorflow/core/common_runtime/gpu/gpu_device.cc:958]      0 
2018-08-14 21:27:39.641721: I tensorflow/core/common_runtime/gpu/gpu_device.cc:971] 0:   N 
2018-08-14 21:27:39.642084: I tensorflow/core/common_runtime/gpu/gpu_device.cc:1084] Created TensorFlow device (/job:localhost/replica:0/task:0/device:GPU:0 with 10760 MB memory) -> physical GPU (device: 0, name: Tesla K80, pci bus id: 0000:88:00.0, compute capability: 3.7)
2018-08-16 02:43:45.058963: I tensorflow/core/common_runtime/gpu/gpu_device.cc:1471] Adding visible gpu devices: 0
2018-08-16 02:43:45.060174: I tensorflow/core/common_runtime/gpu/gpu_device.cc:952] Device interconnect StreamExecutor with strength 1 edge matrix:
2018-08-16 02:43:45.060213: I tensorflow/core/common_runtime/gpu/gpu_device.cc:958]      0 
2018-08-16 02:43:45.060233: I tensorflow/core/common_runtime/gpu/gpu_device.cc:971] 0:   N 
2018-08-16 02:43:45.060710: I tensorflow/core/common_runtime/gpu/gpu_device.cc:1084] Created TensorFlow device (/job:localhost/replica:0/task:0/device:GPU:0 with 10760 MB memory) -> physical GPU (device: 0, name: Tesla K80, pci bus id: 0000:88:00.0, compute capability: 3.7)
