/tmp/slurmd/job48444425/slurm_script: line 0: unalias: pine: not found
/tmp/slurmd/job48444425/slurm_script: line 0: unalias: quota: not found
/tmp/slurmd/job48444425/slurm_script: line 0: unalias: chsh: not found
/tmp/slurmd/job48444425/slurm_script: line 0: unalias: grpe: not found
/tmp/slurmd/job48444425/slurm_script: line 0: unalias: alloc: not found
/tmp/slurmd/job48444425/slurm_script: line 0: unalias: vi: not found
/tmp/slurmd/job48444425/slurm_script: line 0: unalias: chfn: not found
2018-08-14 16:42:39.729244: I tensorflow/core/platform/cpu_feature_guard.cc:141] Your CPU supports instructions that this TensorFlow binary was not compiled to use: AVX2 FMA
2018-08-14 16:42:40.133065: I tensorflow/core/common_runtime/gpu/gpu_device.cc:1392] Found device 0 with properties: 
name: Tesla K80 major: 3 minor: 7 memoryClockRate(GHz): 0.8235
pciBusID: 0000:89:00.0
totalMemory: 11.17GiB freeMemory: 11.10GiB
2018-08-14 16:42:40.133150: I tensorflow/core/common_runtime/gpu/gpu_device.cc:1471] Adding visible gpu devices: 0
2018-08-14 16:42:45.864959: I tensorflow/core/common_runtime/gpu/gpu_device.cc:952] Device interconnect StreamExecutor with strength 1 edge matrix:
2018-08-14 16:42:45.865040: I tensorflow/core/common_runtime/gpu/gpu_device.cc:958]      0 
2018-08-14 16:42:45.865058: I tensorflow/core/common_runtime/gpu/gpu_device.cc:971] 0:   N 
2018-08-14 16:42:45.865706: I tensorflow/core/common_runtime/gpu/gpu_device.cc:1084] Created TensorFlow device (/job:localhost/replica:0/task:0/device:GPU:0 with 10761 MB memory) -> physical GPU (device: 0, name: Tesla K80, pci bus id: 0000:89:00.0, compute capability: 3.7)
2018-08-15 05:56:57.117722: I tensorflow/core/common_runtime/gpu/gpu_device.cc:1471] Adding visible gpu devices: 0
2018-08-15 05:56:57.117942: I tensorflow/core/common_runtime/gpu/gpu_device.cc:952] Device interconnect StreamExecutor with strength 1 edge matrix:
2018-08-15 05:56:57.117976: I tensorflow/core/common_runtime/gpu/gpu_device.cc:958]      0 
2018-08-15 05:56:57.117997: I tensorflow/core/common_runtime/gpu/gpu_device.cc:971] 0:   N 
2018-08-15 05:56:57.118368: I tensorflow/core/common_runtime/gpu/gpu_device.cc:1084] Created TensorFlow device (/job:localhost/replica:0/task:0/device:GPU:0 with 10761 MB memory) -> physical GPU (device: 0, name: Tesla K80, pci bus id: 0000:89:00.0, compute capability: 3.7)
