/tmp/slurmd/job49585069/slurm_script: line 0: unalias: pine: not found
/tmp/slurmd/job49585069/slurm_script: line 0: unalias: quota: not found
/tmp/slurmd/job49585069/slurm_script: line 0: unalias: chsh: not found
/tmp/slurmd/job49585069/slurm_script: line 0: unalias: grpe: not found
/tmp/slurmd/job49585069/slurm_script: line 0: unalias: alloc: not found
/tmp/slurmd/job49585069/slurm_script: line 0: unalias: vi: not found
/tmp/slurmd/job49585069/slurm_script: line 0: unalias: chfn: not found
	 fields                     None
	 stride                     [64, 64]
	 shape                      [128, 128]
	 patches_per_record         10000
	 out_dir                    /project/foster/clouds/data/gee/preprocessed
	 mode                       pptif
	 source_dir                 /project/foster/clouds/data/gee/gdrive17AUG2018Afternoon/


	 out_dir                    /project/foster/clouds/data/gee/preprocessed
	 patches_per_record         10000
	 mode                       pptif
	 source_dir                 /project/foster/clouds/data/gee/gdrive17AUG2018Afternoon/
	 shape                      [128, 128]
		 stride                     [64, 64]
	 patches_per_record         10000
 fields                     None
	

	 out_dir                    /project/foster/clouds/data/gee/preprocessed
	 shape                      [128, 128]
	 shape                      [128, 128]
	 source_dir                 /project/foster/clouds/data/gee/gdrive17AUG2018Afternoon/
	 fields                     None
 mode                       pptif
	 stride                     [64, 64]
	 mode                       pptif
				 fields                     None
 stride                     [64, 64]
	
 out_dir                    /project/foster/clouds/data/gee/preprocessed
 mode                       pptif

 patches_per_record         10000
			 shape                      [128, 128]
 mode                       pptif
 patches_per_record         10000
			 stride                     [64, 64]
Reading /project/foster/clouds/data/gee/gdrive17AUG2018Afternoon/2017-01-01_MOD09GA_background_removal_zero_inputated_image_with_cf_50perc_grid_size10-0000017664-0000017664.tif
	 shape                      [128, 128]
 source_dir                 /project/foster/clouds/data/gee/gdrive17AUG2018Afternoon/
	
 patches_per_record         10000
 stride                     [64, 64]

		 fields                     None
 source_dir                 /project/foster/clouds/data/gee/gdrive17AUG2018Afternoon/
		 fields                     None
 out_dir                    /project/foster/clouds/data/gee/preprocessed
	 source_dir                 /project/foster/clouds/data/gee/gdrive17AUG2018Afternoon/
	 out_dir                    /project/foster/clouds/data/gee/preprocessed




	 source_dir                 /project/foster/clouds/data/gee/gdrive17AUG2018Afternoon/
	 fields                     None
	 mode                       pptif
	 patches_per_record         10000
	 stride                     [64, 64]
	 shape                      [128, 128]
	 out_dir                    /project/foster/clouds/data/gee/preprocessed


Reading /project/foster/clouds/data/gee/gdrive17AUG2018Afternoon/2017-01-01_MOD09GA_background_removal_zero_inputated_image_with_cf_50perc_grid_size10-0000000000-0000070656.tif
	Reading /project/foster/clouds/data/gee/gdrive17AUG2018Afternoon/2017-01-01_MOD09GA_background_removal_zero_inputated_image_with_cf_50perc_grid_size10-0000000000-0000035328.tif
 stride                     [64, 64]
	 patches_per_record         10000
Reading /project/foster/clouds/data/gee/gdrive17AUG2018Afternoon/2017-01-01_MOD09GA_background_removal_zero_inputated_image_with_cf_50perc_grid_size10-0000017664-0000000000.tif
Reading /project/foster/clouds/data/gee/gdrive17AUG2018Afternoon/2017-01-01_MOD09GA_background_removal_zero_inputated_image_with_cf_50perc_grid_size10-0000017664-0000070656.tif
	 shape                      [128, 128]
	Reading /project/foster/clouds/data/gee/gdrive17AUG2018Afternoon/2017-01-01_MOD09GA_background_removal_zero_inputated_image_with_cf_50perc_grid_size10-0000017664-0000035328.tif
 out_dir                    /project/foster/clouds/data/gee/preprocessed
	 source_dir                 /project/foster/clouds/data/gee/gdrive17AUG2018Afternoon/
	 fields                     None
	 mode                       pptif


Reading /project/foster/clouds/data/gee/gdrive17AUG2018Afternoon/2017-01-01_MOD09GA_background_removal_zero_inputated_image_with_cf_50perc_grid_size10-0000017664-0000052992.tif
	 patches_per_record         10000
	 shape                      [128, 128]
	 fields                     None
	 mode                       pptif
	 out_dir                    /project/foster/clouds/data/gee/preprocessed
	 source_dir                 /project/foster/clouds/data/gee/gdrive17AUG2018Afternoon/
	Reading /project/foster/clouds/data/gee/gdrive17AUG2018Afternoon/2017-01-01_MOD09GA_background_removal_zero_inputated_image_with_cf_50perc_grid_size10-0000000000-0000017664.tif
 stride                     [64, 64]


Reading /project/foster/clouds/data/gee/gdrive17AUG2018Afternoon/2017-01-01_MOD09GA_background_removal_zero_inputated_image_with_cf_50perc_grid_size10-0000000000-0000052992.tif
	 out_dir                    /project/foster/clouds/data/gee/preprocessed
	 patches_per_record         10000
	 source_dir                 /project/foster/clouds/data/gee/gdrive17AUG2018Afternoon/
	 shape                      [128, 128]
	 fields                     None
	 mode                       pptif
	 stride                     [64, 64]


Reading /project/foster/clouds/data/gee/gdrive17AUG2018Afternoon/2017-01-01_MOD09GA_background_removal_zero_inputated_image_with_cf_50perc_grid_size10-0000000000-0000000000.tif
	 mode                       pptif
	 stride                     [64, 64]
	 out_dir                    /project/foster/clouds/data/gee/preprocessed
	 patches_per_record         10000
	 fields                     None
	 source_dir                 /project/foster/clouds/data/gee/gdrive17AUG2018Afternoon/
	 shape                      [128, 128]


	 source_dir                 /project/foster/clouds/data/gee/gdrive17AUG2018Afternoon/
		 fields                     None
	 out_dir                    /project/foster/clouds/data/gee/preprocessed
 shape                      [128, 128]
		 patches_per_record         10000
 stride                     [64, 64]
		 shape                      [128, 128]
	 out_dir                    /project/foster/clouds/data/gee/preprocessed
 stride                     [64, 64]
		 mode                       pptif
 mode                       pptif
	 patches_per_record         10000
	 fields                     None


	 source_dir                 /project/foster/clouds/data/gee/gdrive17AUG2018Afternoon/


	 patches_per_record         10000
		 mode                       pptif
 mode                       pptif
		 shape                      [128, 128]
 stride                     [64, 64]
	 fields                     None
		 patches_per_record         10000
 stride                     [64, 64]
	 fields                     None
	 source_dir                 /project/foster/clouds/data/gee/gdrive17AUG2018Afternoon/
	 shape                      [128, 128]
	 out_dir                    /project/foster/clouds/data/gee/preprocessed
	 out_dir                    /project/foster/clouds/data/gee/preprocessed

	 source_dir                 /project/foster/clouds/data/gee/gdrive17AUG2018Afternoon/



	 fields                     None
	 stride                     [64, 64]
	 source_dir                 /project/foster/clouds/data/gee/gdrive17AUG2018Afternoon/
	 out_dir                    /project/foster/clouds/data/gee/preprocessed
	 patches_per_record         10000
	 mode                       pptif
	 shape                      [128, 128]


Reading /project/foster/clouds/data/gee/gdrive17AUG2018Afternoon/2017-01-02_MOD09GA_background_removal_zero_inputated_image_with_cf_50perc_grid_size10-0000000000-0000000000.tif
Reading /project/foster/clouds/data/gee/gdrive17AUG2018Afternoon/2017-01-02_MOD09GA_background_removal_zero_inputated_image_with_cf_50perc_grid_size10-0000017664-0000000000.tif
Reading /project/foster/clouds/data/gee/gdrive17AUG2018Afternoon/2017-01-02_MOD09GA_background_removal_zero_inputated_image_with_cf_50perc_grid_size10-0000000000-0000035328.tif
Reading /project/foster/clouds/data/gee/gdrive17AUG2018Afternoon/2017-01-02_MOD09GA_background_removal_zero_inputated_image_with_cf_50perc_grid_size10-0000000000-0000052992.tif
Reading /project/foster/clouds/data/gee/gdrive17AUG2018Afternoon/2017-01-02_MOD09GA_background_removal_zero_inputated_image_with_cf_50perc_grid_size10-0000000000-0000070656.tif
Reading /project/foster/clouds/data/gee/gdrive17AUG2018Afternoon/2017-01-02_MOD09GA_background_removal_zero_inputated_image_with_cf_50perc_grid_size10-0000000000-0000017664.tif
Writing to 9-0.tfrecord
Writing to 5-0.tfrecord
Writing to 8-0.tfrecord
Writing to 7-0.tfrecord
Writing to 15-0.tfrecord
Writing to 6-0.tfrecord
Writing to 9-1.tfrecord
Writing to 14-0.tfrecord
Reading /project/foster/clouds/data/gee/gdrive17AUG2018Afternoon/2017-01-03_MOD09GA_background_removal_zero_inputated_image_with_cf_50perc_grid_size10-0000017664-0000000000.tif
Writing to 4-0.tfrecord
Reading /project/foster/clouds/data/gee/gdrive17AUG2018Afternoon/2017-01-03_MOD09GA_background_removal_zero_inputated_image_with_cf_50perc_grid_size10-0000000000-0000017664.tif
Reading /project/foster/clouds/data/gee/gdrive17AUG2018Afternoon/2017-01-03_MOD09GA_background_removal_zero_inputated_image_with_cf_50perc_grid_size10-0000000000-0000070656.tif
Reading /project/foster/clouds/data/gee/gdrive17AUG2018Afternoon/2017-01-04_MOD09GA_background_removal_zero_inputated_image_with_cf_50perc_grid_size10-0000000000-0000017664.tif
Writing to 4-1.tfrecord
Writing to 10-0.tfrecord
Writing to 12-0.tfrecord
Writing to 6-1.tfrecord
Writing to 0-0.tfrecord
Writing to 2-0.tfrecord
Writing to 11-0.tfrecord
Writing to 4-2.tfrecord
Writing to 1-0.tfrecord
Writing to 13-0.tfrecord
Writing to 3-0.tfrecord
Reading /project/foster/clouds/data/gee/gdrive17AUG2018Afternoon/2017-01-03_MOD09GA_background_removal_zero_inputated_image_with_cf_50perc_grid_size10-0000000000-0000035328.tif
Reading /project/foster/clouds/data/gee/gdrive17AUG2018Afternoon/2017-01-03_MOD09GA_background_removal_zero_inputated_image_with_cf_50perc_grid_size10-0000000000-0000000000.tif
Writing to 12-1.tfrecord
Reading /project/foster/clouds/data/gee/gdrive17AUG2018Afternoon/2017-01-05_MOD09GA_background_removal_zero_inputated_image_with_cf_50perc_grid_size10-0000000000-0000017664.tif
Writing to 11-1.tfrecord
Reading /project/foster/clouds/data/gee/gdrive17AUG2018Afternoon/2017-01-03_MOD09GA_background_removal_zero_inputated_image_with_cf_50perc_grid_size10-0000000000-0000052992.tif
Writing to 8-1.tfrecord
Writing to 11-2.tfrecord
Writing to 13-1.tfrecord
Writing to 8-2.tfrecord
Writing to 0-1.tfrecord
Writing to 14-1.tfrecord
Writing to 5-1.tfrecord
Reading /project/foster/clouds/data/gee/gdrive17AUG2018Afternoon/2017-01-05_MOD09GA_background_removal_zero_inputated_image_with_cf_50perc_grid_size10-0000000000-0000000000.tif
Writing to 11-3.tfrecord
Writing to 13-2.tfrecord
Writing to 2-1.tfrecord
Writing to 15-1.tfrecord
Reading /project/foster/clouds/data/gee/gdrive17AUG2018Afternoon/2017-01-03_MOD09GA_background_removal_zero_inputated_image_with_cf_50perc_grid_size10-0000017664-0000035328.tif
Writing to 12-2.tfrecord
Writing to 5-2.tfrecord
Writing to 10-1.tfrecord
Writing to 2-2.tfrecord
Writing to 13-3.tfrecord
Writing to 15-2.tfrecord
Writing to 6-2.tfrecord
Writing to 4-3.tfrecord
Writing to 5-3.tfrecord
Writing to 13-4.tfrecord
Writing to 9-2.tfrecord
Writing to 15-3.tfrecord
Writing to 2-3.tfrecord
Reading /project/foster/clouds/data/gee/gdrive17AUG2018Afternoon/2017-01-03_MOD09GA_background_removal_zero_inputated_image_with_cf_50perc_grid_size10-0000017664-0000070656.tif
Writing to 6-3.tfrecord
Writing to 7-1.tfrecord
Writing to 4-4.tfrecord
Reading /project/foster/clouds/data/gee/gdrive17AUG2018Afternoon/2017-01-02_MOD09GA_background_removal_zero_inputated_image_with_cf_50perc_grid_size10-0000017664-0000052992.tif
Reading /project/foster/clouds/data/gee/gdrive17AUG2018Afternoon/2017-01-02_MOD09GA_background_removal_zero_inputated_image_with_cf_50perc_grid_size10-0000017664-0000017664.tif
Writing to 1-1.tfrecord
Writing to 5-4.tfrecord
Writing to 9-3.tfrecord
Writing to 11-4.tfrecord
Reading /project/foster/clouds/data/gee/gdrive17AUG2018Afternoon/2017-01-04_MOD09GA_background_removal_zero_inputated_image_with_cf_50perc_grid_size10-0000017664-0000035328.tif
Writing to 15-4.tfrecord
Writing to 7-2.tfrecord
Writing to 3-1.tfrecord
Writing to 10-2.tfrecord
Writing to 6-4.tfrecord
Reading /project/foster/clouds/data/gee/gdrive17AUG2018Afternoon/2017-01-03_MOD09GA_background_removal_zero_inputated_image_with_cf_50perc_grid_size10-0000017664-0000017664.tif
Writing to 8-3.tfrecord
Reading /project/foster/clouds/data/gee/gdrive17AUG2018Afternoon/2017-01-05_MOD09GA_background_removal_zero_inputated_image_with_cf_50perc_grid_size10-0000017664-0000035328.tif
Reading /project/foster/clouds/data/gee/gdrive17AUG2018Afternoon/2017-01-04_MOD09GA_background_removal_zero_inputated_image_with_cf_50perc_grid_size10-0000017664-0000017664.tif
Reading /project/foster/clouds/data/gee/gdrive17AUG2018Afternoon/2017-01-04_MOD09GA_background_removal_zero_inputated_image_with_cf_50perc_grid_size10-0000017664-0000052992.tif
Writing to 9-4.tfrecord
Writing to 7-3.tfrecord
Reading /project/foster/clouds/data/gee/gdrive17AUG2018Afternoon/2017-01-04_MOD09GA_background_removal_zero_inputated_image_with_cf_50perc_grid_size10-0000000000-0000000000.tif
Writing to 3-2.tfrecord
Writing to 8-4.tfrecord
Writing to 1-2.tfrecord
Writing to 0-2.tfrecord
Reading /project/foster/clouds/data/gee/gdrive17AUG2018Afternoon/2017-01-04_MOD09GA_background_removal_zero_inputated_image_with_cf_50perc_grid_size10-0000000000-0000070656.tif
Writing to 9-5.tfrecord
Reading /project/foster/clouds/data/gee/gdrive17AUG2018Afternoon/2017-01-06_MOD09GA_background_removal_zero_inputated_image_with_cf_50perc_grid_size10-0000017664-0000035328.tif
Writing to 3-3.tfrecord
Writing to 13-5.tfrecord
Writing to 8-5.tfrecord
Writing to 4-5.tfrecord
Writing to 5-5.tfrecord
Writing to 0-3.tfrecord
Reading /project/foster/clouds/data/gee/gdrive17AUG2018Afternoon/2017-01-04_MOD09GA_background_removal_zero_inputated_image_with_cf_50perc_grid_size10-0000000000-0000035328.tif
Writing to 15-5.tfrecord
Reading /project/foster/clouds/data/gee/gdrive17AUG2018Afternoon/2017-01-06_MOD09GA_background_removal_zero_inputated_image_with_cf_50perc_grid_size10-0000017664-0000017664.tif
Reading /project/foster/clouds/data/gee/gdrive17AUG2018Afternoon/2017-01-06_MOD09GA_background_removal_zero_inputated_image_with_cf_50perc_grid_size10-0000000000-0000070656.tif
Reading /project/foster/clouds/data/gee/gdrive17AUG2018Afternoon/2017-01-05_MOD09GA_background_removal_zero_inputated_image_with_cf_50perc_grid_size10-0000017664-0000000000.tif
Reading /project/foster/clouds/data/gee/gdrive17AUG2018Afternoon/2017-01-06_MOD09GA_background_removal_zero_inputated_image_with_cf_50perc_grid_size10-0000000000-0000052992.tif
Reading /project/foster/clouds/data/gee/gdrive17AUG2018Afternoon/2017-01-05_MOD09GA_background_removal_zero_inputated_image_with_cf_50perc_grid_size10-0000000000-0000052992.tif
Writing to 10-3.tfrecord
Writing to 4-6.tfrecord
Writing to 1-3.tfrecord
Reading /project/foster/clouds/data/gee/gdrive17AUG2018Afternoon/2017-01-05_MOD09GA_background_removal_zero_inputated_image_with_cf_50perc_grid_size10-0000000000-0000035328.tif
Writing to 2-4.tfrecord
Writing to 15-6.tfrecord
Reading /project/foster/clouds/data/gee/gdrive17AUG2018Afternoon/2017-01-03_MOD09GA_background_removal_zero_inputated_image_with_cf_50perc_grid_size10-0000017664-0000052992.tif
Reading /project/foster/clouds/data/gee/gdrive17AUG2018Afternoon/2017-01-06_MOD09GA_background_removal_zero_inputated_image_with_cf_50perc_grid_size10-0000000000-0000035328.tif
Reading /project/foster/clouds/data/gee/gdrive17AUG2018Afternoon/2017-01-07_MOD09GA_background_removal_zero_inputated_image_with_cf_50perc_grid_size10-0000000000-0000052992.tif
Reading /project/foster/clouds/data/gee/gdrive17AUG2018Afternoon/2017-01-02_MOD09GA_background_removal_zero_inputated_image_with_cf_50perc_grid_size10-0000017664-0000035328.tif
Writing to 7-4.tfrecord
Writing to 9-6.tfrecord
Writing to 2-5.tfrecord
Writing to 6-5.tfrecord
Writing to 14-2.tfrecord
Writing to 7-5.tfrecord
Reading /project/foster/clouds/data/gee/gdrive17AUG2018Afternoon/2017-01-04_MOD09GA_background_removal_zero_inputated_image_with_cf_50perc_grid_size10-0000017664-0000070656.tif
Writing to 8-6.tfrecord
Writing to 12-3.tfrecord
Writing to 6-6.tfrecord
Reading /project/foster/clouds/data/gee/gdrive17AUG2018Afternoon/2017-01-08_MOD09GA_background_removal_zero_inputated_image_with_cf_50perc_grid_size10-0000000000-0000000000.tif
Writing to 1-4.tfrecord
Reading /project/foster/clouds/data/gee/gdrive17AUG2018Afternoon/2017-01-05_MOD09GA_background_removal_zero_inputated_image_with_cf_50perc_grid_size10-0000000000-0000070656.tif
Reading /project/foster/clouds/data/gee/gdrive17AUG2018Afternoon/2017-01-06_MOD09GA_background_removal_zero_inputated_image_with_cf_50perc_grid_size10-0000000000-0000000000.tif
Reading /project/foster/clouds/data/gee/gdrive17AUG2018Afternoon/2017-01-08_MOD09GA_background_removal_zero_inputated_image_with_cf_50perc_grid_size10-0000000000-0000052992.tif
Reading /project/foster/clouds/data/gee/gdrive17AUG2018Afternoon/2017-01-06_MOD09GA_background_removal_zero_inputated_image_with_cf_50perc_grid_size10-0000017664-0000000000.tif
Reading /project/foster/clouds/data/gee/gdrive17AUG2018Afternoon/2017-01-04_MOD09GA_background_removal_zero_inputated_image_with_cf_50perc_grid_size10-0000000000-0000052992.tif
Writing to 3-4.tfrecord
Writing to 11-5.tfrecord
Writing to 0-4.tfrecord
Writing to 5-6.tfrecord
Writing to 10-4.tfrecord
Writing to 4-7.tfrecord
Writing to 8-7.tfrecord
Reading /project/foster/clouds/data/gee/gdrive17AUG2018Afternoon/2017-01-08_MOD09GA_background_removal_zero_inputated_image_with_cf_50perc_grid_size10-0000000000-0000035328.tif
Reading /project/foster/clouds/data/gee/gdrive17AUG2018Afternoon/2017-01-07_MOD09GA_background_removal_zero_inputated_image_with_cf_50perc_grid_size10-0000000000-0000017664.tif
Writing to 0-5.tfrecord
Writing to 11-6.tfrecord
Writing to 5-7.tfrecord
Writing to 10-5.tfrecord
Writing to 4-8.tfrecord
Writing to 15-7.tfrecord
Writing to 7-6.tfrecord
Writing to 14-3.tfrecord
Writing to 11-7.tfrecord
Writing to 5-8.tfrecord
Reading /project/foster/clouds/data/gee/gdrive17AUG2018Afternoon/2017-01-08_MOD09GA_background_removal_zero_inputated_image_with_cf_50perc_grid_size10-0000000000-0000017664.tif
Writing to 0-6.tfrecord
Writing to 15-8.tfrecord
Writing to 10-6.tfrecord
Writing to 4-9.tfrecord
Reading /project/foster/clouds/data/gee/gdrive17AUG2018Afternoon/2017-01-05_MOD09GA_background_removal_zero_inputated_image_with_cf_50perc_grid_size10-0000017664-0000052992.tif
Writing to 6-7.tfrecord
Reading /project/foster/clouds/data/gee/gdrive17AUG2018Afternoon/2017-01-07_MOD09GA_background_removal_zero_inputated_image_with_cf_50perc_grid_size10-0000017664-0000052992.tif
Writing to 11-8.tfrecord
Reading /project/foster/clouds/data/gee/gdrive17AUG2018Afternoon/2017-01-06_MOD09GA_background_removal_zero_inputated_image_with_cf_50perc_grid_size10-0000017664-0000052992.tif
Writing to 15-9.tfrecord
Writing to 6-8.tfrecord
Writing to 11-9.tfrecord
Reading /project/foster/clouds/data/gee/gdrive17AUG2018Afternoon/2017-01-06_MOD09GA_background_removal_zero_inputated_image_with_cf_50perc_grid_size10-0000017664-0000070656.tif
Writing to 15-10.tfrecord
Writing to 2-6.tfrecord
Reading /project/foster/clouds/data/gee/gdrive17AUG2018Afternoon/2017-01-02_MOD09GA_background_removal_zero_inputated_image_with_cf_50perc_grid_size10-0000017664-0000070656.tif
Reading /project/foster/clouds/data/gee/gdrive17AUG2018Afternoon/2017-01-08_MOD09GA_background_removal_zero_inputated_image_with_cf_50perc_grid_size10-0000017664-0000070656.tif
Writing to 10-7.tfrecord
Writing to 12-4.tfrecord
Writing to 0-7.tfrecord
Writing to 8-8.tfrecord
Reading /project/foster/clouds/data/gee/gdrive17AUG2018Afternoon/2017-01-07_MOD09GA_background_removal_zero_inputated_image_with_cf_50perc_grid_size10-0000000000-0000070656.tif
Reading /project/foster/clouds/data/gee/gdrive17AUG2018Afternoon/2017-01-09_MOD09GA_background_removal_zero_inputated_image_with_cf_50perc_grid_size10-0000017664-0000017664.tif
Writing to 4-10.tfrecord
Writing to 1-5.tfrecord
Reading /project/foster/clouds/data/gee/gdrive17AUG2018Afternoon/2017-01-09_MOD09GA_background_removal_zero_inputated_image_with_cf_50perc_grid_size10-0000000000-0000070656.tif
Writing to 11-10.tfrecord
Writing to 9-7.tfrecord
Reading /project/foster/clouds/data/gee/gdrive17AUG2018Afternoon/2017-01-08_MOD09GA_background_removal_zero_inputated_image_with_cf_50perc_grid_size10-0000000000-0000070656.tif
Writing to 8-9.tfrecord
Writing to 15-11.tfrecord
Reading /project/foster/clouds/data/gee/gdrive17AUG2018Afternoon/2017-01-08_MOD09GA_background_removal_zero_inputated_image_with_cf_50perc_grid_size10-0000017664-0000000000.tif
Reading /project/foster/clouds/data/gee/gdrive17AUG2018Afternoon/2017-01-10_MOD09GA_background_removal_zero_inputated_image_with_cf_50perc_grid_size10-0000017664-0000000000.tif
Writing to 7-7.tfrecord
Writing to 13-6.tfrecord
Writing to 8-10.tfrecord
Writing to 14-4.tfrecord
Writing to 7-8.tfrecord
Reading /project/foster/clouds/data/gee/gdrive17AUG2018Afternoon/2017-01-09_MOD09GA_background_removal_zero_inputated_image_with_cf_50perc_grid_size10-0000017664-0000052992.tif
Writing to 3-5.tfrecord
Reading /project/foster/clouds/data/gee/gdrive17AUG2018Afternoon/2017-01-10_MOD09GA_background_removal_zero_inputated_image_with_cf_50perc_grid_size10-0000000000-0000017664.tif
Writing to 5-9.tfrecord
Writing to 10-8.tfrecord
Writing to 4-11.tfrecord
Reading /project/foster/clouds/data/gee/gdrive17AUG2018Afternoon/2017-01-12_MOD09GA_background_removal_zero_inputated_image_with_cf_50perc_grid_size10-0000000000-0000017664.tif
Writing to 2-7.tfrecord
Reading /project/foster/clouds/data/gee/gdrive17AUG2018Afternoon/2017-01-05_MOD09GA_background_removal_zero_inputated_image_with_cf_50perc_grid_size10-0000017664-0000017664.tif
Writing to 10-9.tfrecord
Writing to 12-5.tfrecord
Writing to 8-11.tfrecord
Reading /project/foster/clouds/data/gee/gdrive17AUG2018Afternoon/2017-01-11_MOD09GA_background_removal_zero_inputated_image_with_cf_50perc_grid_size10-0000000000-0000070656.tif
Writing to 10-10.tfrecord
Reading /project/foster/clouds/data/gee/gdrive17AUG2018Afternoon/2017-01-07_MOD09GA_background_removal_zero_inputated_image_with_cf_50perc_grid_size10-0000000000-0000000000.tif
Reading /project/foster/clouds/data/gee/gdrive17AUG2018Afternoon/2017-01-07_MOD09GA_background_removal_zero_inputated_image_with_cf_50perc_grid_size10-0000017664-0000017664.tif
Reading /project/foster/clouds/data/gee/gdrive17AUG2018Afternoon/2017-01-10_MOD09GA_background_removal_zero_inputated_image_with_cf_50perc_grid_size10-0000000000-0000000000.tif
Reading /project/foster/clouds/data/gee/gdrive17AUG2018Afternoon/2017-01-04_MOD09GA_background_removal_zero_inputated_image_with_cf_50perc_grid_size10-0000017664-0000000000.tif
Writing to 13-7.tfrecord
Writing to 6-9.tfrecord
Writing to 7-9.tfrecord
Writing to 1-6.tfrecord
Writing to 9-8.tfrecord
Writing to 11-11.tfrecord
Writing to 2-8.tfrecord
Writing to 15-12.tfrecord
Writing to 0-8.tfrecord
Writing to 11-12.tfrecord
Writing to 8-12.tfrecord
Writing to 2-9.tfrecord
Writing to 4-12.tfrecord
Reading /project/foster/clouds/data/gee/gdrive17AUG2018Afternoon/2017-01-09_MOD09GA_background_removal_zero_inputated_image_with_cf_50perc_grid_size10-0000000000-0000035328.tif
Writing to 12-6.tfrecord
Reading /project/foster/clouds/data/gee/gdrive17AUG2018Afternoon/2017-01-11_MOD09GA_background_removal_zero_inputated_image_with_cf_50perc_grid_size10-0000000000-0000000000.tif
Writing to 8-13.tfrecord
Writing to 11-13.tfrecord
Writing to 13-8.tfrecord
Reading /project/foster/clouds/data/gee/gdrive17AUG2018Afternoon/2017-01-13_MOD09GA_background_removal_zero_inputated_image_with_cf_50perc_grid_size10-0000000000-0000000000.tif
Writing to 6-10.tfrecord
Reading /project/foster/clouds/data/gee/gdrive17AUG2018Afternoon/2017-01-11_MOD09GA_background_removal_zero_inputated_image_with_cf_50perc_grid_size10-0000000000-0000035328.tif
Writing to 10-11.tfrecord
Writing to 12-7.tfrecord
Writing to 11-14.tfrecord
Reading /project/foster/clouds/data/gee/gdrive17AUG2018Afternoon/2017-01-11_MOD09GA_background_removal_zero_inputated_image_with_cf_50perc_grid_size10-0000017664-0000035328.tif
Writing to 5-10.tfrecord
Writing to 10-12.tfrecord
Reading /project/foster/clouds/data/gee/gdrive17AUG2018Afternoon/2017-01-08_MOD09GA_background_removal_zero_inputated_image_with_cf_50perc_grid_size10-0000017664-0000017664.tif
Writing to 14-5.tfrecord
Reading /project/foster/clouds/data/gee/gdrive17AUG2018Afternoon/2017-01-11_MOD09GA_background_removal_zero_inputated_image_with_cf_50perc_grid_size10-0000017664-0000017664.tif
Writing to 15-13.tfrecord
Reading /project/foster/clouds/data/gee/gdrive17AUG2018Afternoon/2017-01-06_MOD09GA_background_removal_zero_inputated_image_with_cf_50perc_grid_size10-0000000000-0000017664.tif
Writing to 4-13.tfrecord
Writing to 12-8.tfrecord
Writing to 2-10.tfrecord
Writing to 1-7.tfrecord
Writing to 11-15.tfrecord
Reading /project/foster/clouds/data/gee/gdrive17AUG2018Afternoon/2017-01-07_MOD09GA_background_removal_zero_inputated_image_with_cf_50perc_grid_size10-0000017664-0000070656.tif
Writing to 7-10.tfrecord
Writing to 10-13.tfrecord
Writing to 8-14.tfrecord
Reading /project/foster/clouds/data/gee/gdrive17AUG2018Afternoon/2017-01-13_MOD09GA_background_removal_zero_inputated_image_with_cf_50perc_grid_size10-0000000000-0000052992.tif
Writing to 2-11.tfrecord
Writing to 12-9.tfrecord
Writing to 6-11.tfrecord
Writing to 4-14.tfrecord
Reading /project/foster/clouds/data/gee/gdrive17AUG2018Afternoon/2017-01-10_MOD09GA_background_removal_zero_inputated_image_with_cf_50perc_grid_size10-0000000000-0000035328.tif
Writing to 9-9.tfrecord
Writing to 10-14.tfrecord
Writing to 8-15.tfrecord
Reading /project/foster/clouds/data/gee/gdrive17AUG2018Afternoon/2017-01-13_MOD09GA_background_removal_zero_inputated_image_with_cf_50perc_grid_size10-0000000000-0000035328.tif
Reading /project/foster/clouds/data/gee/gdrive17AUG2018Afternoon/2017-01-12_MOD09GA_background_removal_zero_inputated_image_with_cf_50perc_grid_size10-0000017664-0000017664.tif
Writing to 6-12.tfrecord
Writing to 2-12.tfrecord
Reading /project/foster/clouds/data/gee/gdrive17AUG2018Afternoon/2017-01-14_MOD09GA_background_removal_zero_inputated_image_with_cf_50perc_grid_size10-0000017664-0000017664.tif
Writing to 0-9.tfrecord
Reading /project/foster/clouds/data/gee/gdrive17AUG2018Afternoon/2017-01-09_MOD09GA_background_removal_zero_inputated_image_with_cf_50perc_grid_size10-0000017664-0000035328.tif
Writing to 6-13.tfrecord
Reading /project/foster/clouds/data/gee/gdrive17AUG2018Afternoon/2017-01-07_MOD09GA_background_removal_zero_inputated_image_with_cf_50perc_grid_size10-0000000000-0000035328.tif
Reading /project/foster/clouds/data/gee/gdrive17AUG2018Afternoon/2017-01-10_MOD09GA_background_removal_zero_inputated_image_with_cf_50perc_grid_size10-0000017664-0000052992.tif
Reading /project/foster/clouds/data/gee/gdrive17AUG2018Afternoon/2017-01-12_MOD09GA_background_removal_zero_inputated_image_with_cf_50perc_grid_size10-0000017664-0000052992.tif
Writing to 3-6.tfrecord
Writing to 13-9.tfrecord
Reading /project/foster/clouds/data/gee/gdrive17AUG2018Afternoon/2017-01-09_MOD09GA_background_removal_zero_inputated_image_with_cf_50perc_grid_size10-0000000000-0000000000.tif
Writing to 4-15.tfrecord
Reading /project/foster/clouds/data/gee/gdrive17AUG2018Afternoon/2017-01-08_MOD09GA_background_removal_zero_inputated_image_with_cf_50perc_grid_size10-0000017664-0000035328.tif
Writing to 2-13.tfrecord
Writing to 15-14.tfrecord
Writing to 8-16.tfrecord
Writing to 11-16.tfrecord
Writing to 5-11.tfrecord
Reading /project/foster/clouds/data/gee/gdrive17AUG2018Afternoon/2017-01-12_MOD09GA_background_removal_zero_inputated_image_with_cf_50perc_grid_size10-0000000000-0000070656.tif
Writing to 12-10.tfrecord
Writing to 15-15.tfrecord
Writing to 8-17.tfrecord
Writing to 6-14.tfrecord
Reading /project/foster/clouds/data/gee/gdrive17AUG2018Afternoon/2017-01-16_MOD09GA_background_removal_zero_inputated_image_with_cf_50perc_grid_size10-0000000000-0000035328.tif
Reading /project/foster/clouds/data/gee/gdrive17AUG2018Afternoon/2017-01-14_MOD09GA_background_removal_zero_inputated_image_with_cf_50perc_grid_size10-0000000000-0000070656.tif
Writing to 10-15.tfrecord
Reading /project/foster/clouds/data/gee/gdrive17AUG2018Afternoon/2017-01-13_MOD09GA_background_removal_zero_inputated_image_with_cf_50perc_grid_size10-0000017664-0000035328.tif
Writing to 11-17.tfrecord
Writing to 12-11.tfrecord
Writing to 14-6.tfrecord
Writing to 10-16.tfrecord
Writing to 11-18.tfrecord
Writing to 1-8.tfrecord
Writing to 14-7.tfrecord
Writing to 2-14.tfrecord
Writing to 11-19.tfrecord
Writing to 7-11.tfrecord
Writing to 10-17.tfrecord
Reading /project/foster/clouds/data/gee/gdrive17AUG2018Afternoon/2017-01-14_MOD09GA_background_removal_zero_inputated_image_with_cf_50perc_grid_size10-0000017664-0000052992.tif
Writing to 4-16.tfrecord
Reading /project/foster/clouds/data/gee/gdrive17AUG2018Afternoon/2017-01-09_MOD09GA_background_removal_zero_inputated_image_with_cf_50perc_grid_size10-0000017664-0000000000.tif
Reading /project/foster/clouds/data/gee/gdrive17AUG2018Afternoon/2017-01-14_MOD09GA_background_removal_zero_inputated_image_with_cf_50perc_grid_size10-0000000000-0000035328.tif
Writing to 15-16.tfrecord
Writing to 14-8.tfrecord
Writing to 6-15.tfrecord
Writing to 2-15.tfrecord
Writing to 11-20.tfrecord
Reading /project/foster/clouds/data/gee/gdrive17AUG2018Afternoon/2017-01-14_MOD09GA_background_removal_zero_inputated_image_with_cf_50perc_grid_size10-0000017664-0000070656.tif
Reading /project/foster/clouds/data/gee/gdrive17AUG2018Afternoon/2017-01-08_MOD09GA_background_removal_zero_inputated_image_with_cf_50perc_grid_size10-0000017664-0000052992.tif
Writing to 9-10.tfrecord
Reading /project/foster/clouds/data/gee/gdrive17AUG2018Afternoon/2017-01-15_MOD09GA_background_removal_zero_inputated_image_with_cf_50perc_grid_size10-0000000000-0000052992.tif
Reading /project/foster/clouds/data/gee/gdrive17AUG2018Afternoon/2017-01-14_MOD09GA_background_removal_zero_inputated_image_with_cf_50perc_grid_size10-0000000000-0000000000.tif
Reading /project/foster/clouds/data/gee/gdrive17AUG2018Afternoon/2017-01-16_MOD09GA_background_removal_zero_inputated_image_with_cf_50perc_grid_size10-0000000000-0000000000.tif
Writing to 8-18.tfrecord
Writing to 12-12.tfrecord
Writing to 11-21.tfrecord
Writing to 3-7.tfrecord
Writing to 10-18.tfrecord
Writing to 8-19.tfrecord
Reading /project/foster/clouds/data/gee/gdrive17AUG2018Afternoon/2017-01-16_MOD09GA_background_removal_zero_inputated_image_with_cf_50perc_grid_size10-0000000000-0000070656.tif
Reading /project/foster/clouds/data/gee/gdrive17AUG2018Afternoon/2017-01-16_MOD09GA_background_removal_zero_inputated_image_with_cf_50perc_grid_size10-0000017664-0000000000.tif
Writing to 14-9.tfrecord
Writing to 0-10.tfrecord
Reading /project/foster/clouds/data/gee/gdrive17AUG2018Afternoon/2017-01-10_MOD09GA_background_removal_zero_inputated_image_with_cf_50perc_grid_size10-0000000000-0000070656.tif
Writing to 8-20.tfrecord
Reading /project/foster/clouds/data/gee/gdrive17AUG2018Afternoon/2017-01-11_MOD09GA_background_removal_zero_inputated_image_with_cf_50perc_grid_size10-0000000000-0000052992.tif
Writing to 13-10.tfrecord
Reading /project/foster/clouds/data/gee/gdrive17AUG2018Afternoon/2017-01-11_MOD09GA_background_removal_zero_inputated_image_with_cf_50perc_grid_size10-0000017664-0000052992.tif
Reading /project/foster/clouds/data/gee/gdrive17AUG2018Afternoon/2017-01-17_MOD09GA_background_removal_zero_inputated_image_with_cf_50perc_grid_size10-0000017664-0000052992.tif
Writing to 2-16.tfrecord
Writing to 5-12.tfrecord
Writing to 6-16.tfrecord
Writing to 15-17.tfrecord
Writing to 1-9.tfrecord
Reading /project/foster/clouds/data/gee/gdrive17AUG2018Afternoon/2017-01-18_MOD09GA_background_removal_zero_inputated_image_with_cf_50perc_grid_size10-0000000000-0000017664.tif
Reading /project/foster/clouds/data/gee/gdrive17AUG2018Afternoon/2017-01-11_MOD09GA_background_removal_zero_inputated_image_with_cf_50perc_grid_size10-0000000000-0000017664.tif
Writing to 2-17.tfrecord
Writing to 6-17.tfrecord
Writing to 10-19.tfrecord
Writing to 15-18.tfrecord
Writing to 14-10.tfrecord
Reading /project/foster/clouds/data/gee/gdrive17AUG2018Afternoon/2017-01-18_MOD09GA_background_removal_zero_inputated_image_with_cf_50perc_grid_size10-0000000000-0000000000.tif
Writing to 6-18.tfrecord
Writing to 8-21.tfrecord
Reading /project/foster/clouds/data/gee/gdrive17AUG2018Afternoon/2017-01-15_MOD09GA_background_removal_zero_inputated_image_with_cf_50perc_grid_size10-0000017664-0000017664.tif
Reading /project/foster/clouds/data/gee/gdrive17AUG2018Afternoon/2017-01-19_MOD09GA_background_removal_zero_inputated_image_with_cf_50perc_grid_size10-0000000000-0000070656.tif
Reading /project/foster/clouds/data/gee/gdrive17AUG2018Afternoon/2017-01-10_MOD09GA_background_removal_zero_inputated_image_with_cf_50perc_grid_size10-0000000000-0000052992.tif
Reading /project/foster/clouds/data/gee/gdrive17AUG2018Afternoon/2017-01-05_MOD09GA_background_removal_zero_inputated_image_with_cf_50perc_grid_size10-0000017664-0000070656.tif
Writing to 12-13.tfrecord
Writing to 14-11.tfrecord
Reading /project/foster/clouds/data/gee/gdrive17AUG2018Afternoon/2017-01-17_MOD09GA_background_removal_zero_inputated_image_with_cf_50perc_grid_size10-0000017664-0000017664.tif
Writing to 0-11.tfrecord
Writing to 3-8.tfrecord
Writing to 2-18.tfrecord
Writing to 9-11.tfrecord
Reading /project/foster/clouds/data/gee/gdrive17AUG2018Afternoon/2017-01-10_MOD09GA_background_removal_zero_inputated_image_with_cf_50perc_grid_size10-0000017664-0000017664.tif
Writing to 11-22.tfrecord
Writing to 6-19.tfrecord
Writing to 7-12.tfrecord
Writing to 2-19.tfrecord
Writing to 8-22.tfrecord
Writing to 15-19.tfrecord
Reading /project/foster/clouds/data/gee/gdrive17AUG2018Afternoon/2017-01-13_MOD09GA_background_removal_zero_inputated_image_with_cf_50perc_grid_size10-0000000000-0000070656.tif
Writing to 4-17.tfrecord
Reading /project/foster/clouds/data/gee/gdrive17AUG2018Afternoon/2017-01-17_MOD09GA_background_removal_zero_inputated_image_with_cf_50perc_grid_size10-0000000000-0000035328.tif
Writing to 10-20.tfrecord
Writing to 6-20.tfrecord
Reading /project/foster/clouds/data/gee/gdrive17AUG2018Afternoon/2017-01-19_MOD09GA_background_removal_zero_inputated_image_with_cf_50perc_grid_size10-0000000000-0000035328.tif
Writing to 8-23.tfrecord
Reading /project/foster/clouds/data/gee/gdrive17AUG2018Afternoon/2017-01-21_MOD09GA_background_removal_zero_inputated_image_with_cf_50perc_grid_size10-0000000000-0000000000.tif
Reading /project/foster/clouds/data/gee/gdrive17AUG2018Afternoon/2017-01-09_MOD09GA_background_removal_zero_inputated_image_with_cf_50perc_grid_size10-0000017664-0000070656.tif
Writing to 10-21.tfrecord
Writing to 0-12.tfrecord
Writing to 10-22.tfrecord
Reading /project/foster/clouds/data/gee/gdrive17AUG2018Afternoon/2017-01-12_MOD09GA_background_removal_zero_inputated_image_with_cf_50perc_grid_size10-0000000000-0000035328.tif
Reading /project/foster/clouds/data/gee/gdrive17AUG2018Afternoon/2017-01-12_MOD09GA_background_removal_zero_inputated_image_with_cf_50perc_grid_size10-0000000000-0000000000.tif
Reading /project/foster/clouds/data/gee/gdrive17AUG2018Afternoon/2017-01-19_MOD09GA_background_removal_zero_inputated_image_with_cf_50perc_grid_size10-0000017664-0000017664.tif
Writing to 1-10.tfrecord
Writing to 2-20.tfrecord
Writing to 12-14.tfrecord
Writing to 11-23.tfrecord
Writing to 13-11.tfrecord
Writing to 7-13.tfrecord
Writing to 10-23.tfrecord
Writing to 6-21.tfrecord
Writing to 8-24.tfrecord
Writing to 2-21.tfrecord
Writing to 5-13.tfrecord
Writing to 3-9.tfrecord
Writing to 9-12.tfrecord
Writing to 6-22.tfrecord
Writing to 10-24.tfrecord
Writing to 2-22.tfrecord
Reading /project/foster/clouds/data/gee/gdrive17AUG2018Afternoon/2017-01-21_MOD09GA_background_removal_zero_inputated_image_with_cf_50perc_grid_size10-0000000000-0000035328.tif
Writing to 8-25.tfrecord
Writing to 14-12.tfrecord
Writing to 4-18.tfrecord
Reading /project/foster/clouds/data/gee/gdrive17AUG2018Afternoon/2017-01-07_MOD09GA_background_removal_zero_inputated_image_with_cf_50perc_grid_size10-0000017664-0000000000.tif
Reading /project/foster/clouds/data/gee/gdrive17AUG2018Afternoon/2017-01-22_MOD09GA_background_removal_zero_inputated_image_with_cf_50perc_grid_size10-0000017664-0000017664.tif
Writing to 0-13.tfrecord
Writing to 6-23.tfrecord
Writing to 15-20.tfrecord
Writing to 14-13.tfrecord
Reading /project/foster/clouds/data/gee/gdrive17AUG2018Afternoon/2017-01-20_MOD09GA_background_removal_zero_inputated_image_with_cf_50perc_grid_size10-0000017664-0000052992.tif
Writing to 0-14.tfrecord
Writing to 14-14.tfrecord
Reading /project/foster/clouds/data/gee/gdrive17AUG2018Afternoon/2017-01-13_MOD09GA_background_removal_zero_inputated_image_with_cf_50perc_grid_size10-0000017664-0000017664.tif
Writing to 0-15.tfrecord
Reading /project/foster/clouds/data/gee/gdrive17AUG2018Afternoon/2017-01-11_MOD09GA_background_removal_zero_inputated_image_with_cf_50perc_grid_size10-0000017664-0000000000.tif
Writing to 8-26.tfrecord
Reading /project/foster/clouds/data/gee/gdrive17AUG2018Afternoon/2017-01-13_MOD09GA_background_removal_zero_inputated_image_with_cf_50perc_grid_size10-0000017664-0000052992.tif
Writing to 6-24.tfrecord
Reading /project/foster/clouds/data/gee/gdrive17AUG2018Afternoon/2017-01-07_MOD09GA_background_removal_zero_inputated_image_with_cf_50perc_grid_size10-0000017664-0000035328.tif
Reading /project/foster/clouds/data/gee/gdrive17AUG2018Afternoon/2017-01-18_MOD09GA_background_removal_zero_inputated_image_with_cf_50perc_grid_size10-0000017664-0000052992.tif
Reading /project/foster/clouds/data/gee/gdrive17AUG2018Afternoon/2017-01-24_MOD09GA_background_removal_zero_inputated_image_with_cf_50perc_grid_size10-0000000000-0000035328.tif
Writing to 5-14.tfrecord
Reading /project/foster/clouds/data/gee/gdrive17AUG2018Afternoon/2017-01-22_MOD09GA_background_removal_zero_inputated_image_with_cf_50perc_grid_size10-0000000000-0000070656.tif
Writing to 10-25.tfrecord
Writing to 10-26.tfrecord
Writing to 13-12.tfrecord
Writing to 14-15.tfrecord
Writing to 12-15.tfrecord
Writing to 11-24.tfrecord
Reading /project/foster/clouds/data/gee/gdrive17AUG2018Afternoon/2017-01-16_MOD09GA_background_removal_zero_inputated_image_with_cf_50perc_grid_size10-0000017664-0000070656.tif
Reading /project/foster/clouds/data/gee/gdrive17AUG2018Afternoon/2017-01-09_MOD09GA_background_removal_zero_inputated_image_with_cf_50perc_grid_size10-0000000000-0000017664.tif
Writing to 2-23.tfrecord
Writing to 0-16.tfrecord
Reading /project/foster/clouds/data/gee/gdrive17AUG2018Afternoon/2017-01-15_MOD09GA_background_removal_zero_inputated_image_with_cf_50perc_grid_size10-0000000000-0000035328.tif
Reading /project/foster/clouds/data/gee/gdrive17AUG2018Afternoon/2017-01-15_MOD09GA_background_removal_zero_inputated_image_with_cf_50perc_grid_size10-0000000000-0000000000.tif
Reading /project/foster/clouds/data/gee/gdrive17AUG2018Afternoon/2017-01-15_MOD09GA_background_removal_zero_inputated_image_with_cf_50perc_grid_size10-0000000000-0000070656.tif
Writing to 10-27.tfrecord
Reading /project/foster/clouds/data/gee/gdrive17AUG2018Afternoon/2017-01-20_MOD09GA_background_removal_zero_inputated_image_with_cf_50perc_grid_size10-0000000000-0000070656.tif
Writing to 7-14.tfrecord
Reading /project/foster/clouds/data/gee/gdrive17AUG2018Afternoon/2017-01-22_MOD09GA_background_removal_zero_inputated_image_with_cf_50perc_grid_size10-0000017664-0000052992.tif
Writing to 15-21.tfrecord
Writing to 6-25.tfrecord
Writing to 4-19.tfrecord
Writing to 8-27.tfrecord
Reading /project/foster/clouds/data/gee/gdrive17AUG2018Afternoon/2017-01-13_MOD09GA_background_removal_zero_inputated_image_with_cf_50perc_grid_size10-0000000000-0000017664.tif
Writing to 8-28.tfrecord
Writing to 3-10.tfrecord
Writing to 2-24.tfrecord
Writing to 0-17.tfrecord
Reading /project/foster/clouds/data/gee/gdrive17AUG2018Afternoon/2017-01-15_MOD09GA_background_removal_zero_inputated_image_with_cf_50perc_grid_size10-0000017664-0000052992.tif
Writing to 8-29.tfrecord
Writing to 2-25.tfrecord
Writing to 5-15.tfrecord
Writing to 0-18.tfrecord
Reading /project/foster/clouds/data/gee/gdrive17AUG2018Afternoon/2017-01-22_MOD09GA_background_removal_zero_inputated_image_with_cf_50perc_grid_size10-0000000000-0000000000.tif
Writing to 14-16.tfrecord
Writing to 1-11.tfrecord
Reading /project/foster/clouds/data/gee/gdrive17AUG2018Afternoon/2017-01-17_MOD09GA_background_removal_zero_inputated_image_with_cf_50perc_grid_size10-0000000000-0000000000.tif
Reading /project/foster/clouds/data/gee/gdrive17AUG2018Afternoon/2017-01-18_MOD09GA_background_removal_zero_inputated_image_with_cf_50perc_grid_size10-0000017664-0000000000.tif
Writing to 8-30.tfrecord
Writing to 14-17.tfrecord
Reading /project/foster/clouds/data/gee/gdrive17AUG2018Afternoon/2017-01-25_MOD09GA_background_removal_zero_inputated_image_with_cf_50perc_grid_size10-0000017664-0000052992.tif
Writing to 11-25.tfrecord
Reading /project/foster/clouds/data/gee/gdrive17AUG2018Afternoon/2017-01-19_MOD09GA_background_removal_zero_inputated_image_with_cf_50perc_grid_size10-0000017664-0000035328.tif
Writing to 4-20.tfrecord
Reading /project/foster/clouds/data/gee/gdrive17AUG2018Afternoon/2017-01-12_MOD09GA_background_removal_zero_inputated_image_with_cf_50perc_grid_size10-0000017664-0000035328.tif
Writing to 14-18.tfrecord
Reading /project/foster/clouds/data/gee/gdrive17AUG2018Afternoon/2017-01-24_MOD09GA_background_removal_zero_inputated_image_with_cf_50perc_grid_size10-0000000000-0000070656.tif
Reading /project/foster/clouds/data/gee/gdrive17AUG2018Afternoon/2017-01-17_MOD09GA_background_removal_zero_inputated_image_with_cf_50perc_grid_size10-0000000000-0000070656.tif
Writing to 9-13.tfrecord
Writing to 15-22.tfrecord
Writing to 7-15.tfrecord
Reading /project/foster/clouds/data/gee/gdrive17AUG2018Afternoon/2017-01-16_MOD09GA_background_removal_zero_inputated_image_with_cf_50perc_grid_size10-0000017664-0000052992.tif
Writing to 13-13.tfrecord
Reading /project/foster/clouds/data/gee/gdrive17AUG2018Afternoon/2017-01-20_MOD09GA_background_removal_zero_inputated_image_with_cf_50perc_grid_size10-0000000000-0000017664.tif
Reading /project/foster/clouds/data/gee/gdrive17AUG2018Afternoon/2017-01-27_MOD09GA_background_removal_zero_inputated_image_with_cf_50perc_grid_size10-0000000000-0000070656.tif
Reading /project/foster/clouds/data/gee/gdrive17AUG2018Afternoon/2017-01-09_MOD09GA_background_removal_zero_inputated_image_with_cf_50perc_grid_size10-0000000000-0000052992.tif
Writing to 11-26.tfrecord
Writing to 2-26.tfrecord
Reading /project/foster/clouds/data/gee/gdrive17AUG2018Afternoon/2017-01-12_MOD09GA_background_removal_zero_inputated_image_with_cf_50perc_grid_size10-0000017664-0000070656.tif
Writing to 14-19.tfrecord
Writing to 12-16.tfrecord
Writing to 6-26.tfrecord
Reading /project/foster/clouds/data/gee/gdrive17AUG2018Afternoon/2017-01-21_MOD09GA_background_removal_zero_inputated_image_with_cf_50perc_grid_size10-0000000000-0000052992.tif
Writing to 0-19.tfrecord
Writing to 4-21.tfrecord
Writing to 2-27.tfrecord
Reading /project/foster/clouds/data/gee/gdrive17AUG2018Afternoon/2017-01-18_MOD09GA_background_removal_zero_inputated_image_with_cf_50perc_grid_size10-0000000000-0000070656.tif
Writing to 10-28.tfrecord
Writing to 7-16.tfrecord
Reading /project/foster/clouds/data/gee/gdrive17AUG2018Afternoon/2017-01-14_MOD09GA_background_removal_zero_inputated_image_with_cf_50perc_grid_size10-0000017664-0000000000.tif
Writing to 8-31.tfrecord
Writing to 4-22.tfrecord
Writing to 0-20.tfrecord
Writing to 2-28.tfrecord
Reading /project/foster/clouds/data/gee/gdrive17AUG2018Afternoon/2017-01-19_MOD09GA_background_removal_zero_inputated_image_with_cf_50perc_grid_size10-0000000000-0000000000.tif
Reading /project/foster/clouds/data/gee/gdrive17AUG2018Afternoon/2017-01-23_MOD09GA_background_removal_zero_inputated_image_with_cf_50perc_grid_size10-0000017664-0000017664.tif
Writing to 8-32.tfrecord
Reading /project/foster/clouds/data/gee/gdrive17AUG2018Afternoon/2017-01-18_MOD09GA_background_removal_zero_inputated_image_with_cf_50perc_grid_size10-0000017664-0000017664.tif
Writing to 1-12.tfrecord
Reading /project/foster/clouds/data/gee/gdrive17AUG2018Afternoon/2017-01-24_MOD09GA_background_removal_zero_inputated_image_with_cf_50perc_grid_size10-0000000000-0000000000.tif
Reading /project/foster/clouds/data/gee/gdrive17AUG2018Afternoon/2017-01-29_MOD09GA_background_removal_zero_inputated_image_with_cf_50perc_grid_size10-0000000000-0000000000.tif
Writing to 14-20.tfrecord
Writing to 3-11.tfrecord
Reading /project/foster/clouds/data/gee/gdrive17AUG2018Afternoon/2017-01-16_MOD09GA_background_removal_zero_inputated_image_with_cf_50perc_grid_size10-0000000000-0000017664.tif
Writing to 3-12.tfrecord
Writing to 14-21.tfrecord
Reading /project/foster/clouds/data/gee/gdrive17AUG2018Afternoon/2017-01-20_MOD09GA_background_removal_zero_inputated_image_with_cf_50perc_grid_size10-0000000000-0000000000.tif
Writing to 11-27.tfrecord
Writing to 0-21.tfrecord
Writing to 2-29.tfrecord
Writing to 3-13.tfrecord
Writing to 9-14.tfrecord
Writing to 13-14.tfrecord
Writing to 11-28.tfrecord
Writing to 5-16.tfrecord
Reading /project/foster/clouds/data/gee/gdrive17AUG2018Afternoon/2017-01-25_MOD09GA_background_removal_zero_inputated_image_with_cf_50perc_grid_size10-0000000000-0000035328.tif
Writing to 0-22.tfrecord
Reading /project/foster/clouds/data/gee/gdrive17AUG2018Afternoon/2017-01-20_MOD09GA_background_removal_zero_inputated_image_with_cf_50perc_grid_size10-0000000000-0000035328.tif
Writing to 4-23.tfrecord
Writing to 3-14.tfrecord
Writing to 11-29.tfrecord
Writing to 12-17.tfrecord
Writing to 4-24.tfrecord
Writing to 11-30.tfrecord
Writing to 10-29.tfrecord
Writing to 7-17.tfrecord
Writing to 8-33.tfrecord
Writing to 10-30.tfrecord
Reading /project/foster/clouds/data/gee/gdrive17AUG2018Afternoon/2017-01-22_MOD09GA_background_removal_zero_inputated_image_with_cf_50perc_grid_size10-0000017664-0000070656.tif
Reading /project/foster/clouds/data/gee/gdrive17AUG2018Afternoon/2017-01-26_MOD09GA_background_removal_zero_inputated_image_with_cf_50perc_grid_size10-0000000000-0000000000.tif
Writing to 7-18.tfrecord
Writing to 15-23.tfrecord
Writing to 14-22.tfrecord
Reading /project/foster/clouds/data/gee/gdrive17AUG2018Afternoon/2017-01-16_MOD09GA_background_removal_zero_inputated_image_with_cf_50perc_grid_size10-0000017664-0000017664.tif
Writing to 1-13.tfrecord
Writing to 11-31.tfrecord
Writing to 2-30.tfrecord
Writing to 7-19.tfrecord
Writing to 14-23.tfrecord
Reading /project/foster/clouds/data/gee/gdrive17AUG2018Afternoon/2017-01-14_MOD09GA_background_removal_zero_inputated_image_with_cf_50perc_grid_size10-0000000000-0000052992.tif
Reading /project/foster/clouds/data/gee/gdrive17AUG2018Afternoon/2017-01-24_MOD09GA_background_removal_zero_inputated_image_with_cf_50perc_grid_size10-0000017664-0000000000.tif
Writing to 0-23.tfrecord
Reading /project/foster/clouds/data/gee/gdrive17AUG2018Afternoon/2017-01-21_MOD09GA_background_removal_zero_inputated_image_with_cf_50perc_grid_size10-0000017664-0000017664.tif
Writing to 6-27.tfrecord
Reading /project/foster/clouds/data/gee/gdrive17AUG2018Afternoon/2017-01-10_MOD09GA_background_removal_zero_inputated_image_with_cf_50perc_grid_size10-0000017664-0000070656.tif
Writing to 9-15.tfrecord
Writing to 0-24.tfrecord
Writing to 13-15.tfrecord
Writing to 11-32.tfrecord
Reading /project/foster/clouds/data/gee/gdrive17AUG2018Afternoon/2017-01-26_MOD09GA_background_removal_zero_inputated_image_with_cf_50perc_grid_size10-0000000000-0000017664.tif
Writing to 10-31.tfrecord
Writing to 14-24.tfrecord
Writing to 0-25.tfrecord
Reading /project/foster/clouds/data/gee/gdrive17AUG2018Afternoon/2017-01-21_MOD09GA_background_removal_zero_inputated_image_with_cf_50perc_grid_size10-0000017664-0000052992.tif
Writing to 3-15.tfrecord
Reading /project/foster/clouds/data/gee/gdrive17AUG2018Afternoon/2017-01-11_MOD09GA_background_removal_zero_inputated_image_with_cf_50perc_grid_size10-0000017664-0000070656.tif
Reading /project/foster/clouds/data/gee/gdrive17AUG2018Afternoon/2017-01-23_MOD09GA_background_removal_zero_inputated_image_with_cf_50perc_grid_size10-0000000000-0000035328.tif
Writing to 10-32.tfrecord
Writing to 2-31.tfrecord
Reading /project/foster/clouds/data/gee/gdrive17AUG2018Afternoon/2017-01-27_MOD09GA_background_removal_zero_inputated_image_with_cf_50perc_grid_size10-0000017664-0000017664.tif
Writing to 4-25.tfrecord
Writing to 15-24.tfrecord
Writing to 12-18.tfrecord
Writing to 9-16.tfrecord
Reading /project/foster/clouds/data/gee/gdrive17AUG2018Afternoon/2017-01-14_MOD09GA_background_removal_zero_inputated_image_with_cf_50perc_grid_size10-0000017664-0000035328.tif
Writing to 0-26.tfrecord
Reading /project/foster/clouds/data/gee/gdrive17AUG2018Afternoon/2017-01-20_MOD09GA_background_removal_zero_inputated_image_with_cf_50perc_grid_size10-0000017664-0000017664.tif
Writing to 8-34.tfrecord
Reading /project/foster/clouds/data/gee/gdrive17AUG2018Afternoon/2017-01-23_MOD09GA_background_removal_zero_inputated_image_with_cf_50perc_grid_size10-0000000000-0000070656.tif
Writing to 7-20.tfrecord
Writing to 10-33.tfrecord
Reading /project/foster/clouds/data/gee/gdrive17AUG2018Afternoon/2017-01-17_MOD09GA_background_removal_zero_inputated_image_with_cf_50perc_grid_size10-0000017664-0000035328.tif
Reading /project/foster/clouds/data/gee/gdrive17AUG2018Afternoon/2017-01-12_MOD09GA_background_removal_zero_inputated_image_with_cf_50perc_grid_size10-0000017664-0000000000.tif
Writing to 11-33.tfrecord
Writing to 14-25.tfrecord
Writing to 1-14.tfrecord
Reading /project/foster/clouds/data/gee/gdrive17AUG2018Afternoon/2017-01-29_MOD09GA_background_removal_zero_inputated_image_with_cf_50perc_grid_size10-0000000000-0000035328.tif
Writing to 11-34.tfrecord
Writing to 5-17.tfrecord
Writing to 14-26.tfrecord
Writing to 6-28.tfrecord
Writing to 9-17.tfrecord
Writing to 11-35.tfrecord
Writing to 0-27.tfrecord
Writing to 14-27.tfrecord
Reading /project/foster/clouds/data/gee/gdrive17AUG2018Afternoon/2017-01-27_MOD09GA_background_removal_zero_inputated_image_with_cf_50perc_grid_size10-0000017664-0000035328.tif
Reading /project/foster/clouds/data/gee/gdrive17AUG2018Afternoon/2017-01-13_MOD09GA_background_removal_zero_inputated_image_with_cf_50perc_grid_size10-0000017664-0000000000.tif
Writing to 0-28.tfrecord
Reading /project/foster/clouds/data/gee/gdrive17AUG2018Afternoon/2017-01-25_MOD09GA_background_removal_zero_inputated_image_with_cf_50perc_grid_size10-0000000000-0000000000.tif
Writing to 14-28.tfrecord
Reading /project/foster/clouds/data/gee/gdrive17AUG2018Afternoon/2017-01-24_MOD09GA_background_removal_zero_inputated_image_with_cf_50perc_grid_size10-0000017664-0000052992.tif
Writing to 4-26.tfrecord
Writing to 3-16.tfrecord
Writing to 2-32.tfrecord
Reading /project/foster/clouds/data/gee/gdrive17AUG2018Afternoon/2017-01-22_MOD09GA_background_removal_zero_inputated_image_with_cf_50perc_grid_size10-0000000000-0000035328.tif
Reading /project/foster/clouds/data/gee/gdrive17AUG2018Afternoon/2017-01-10_MOD09GA_background_removal_zero_inputated_image_with_cf_50perc_grid_size10-0000017664-0000035328.tif
Writing to 10-34.tfrecord
Writing to 12-19.tfrecord
Writing to 13-16.tfrecord
Writing to 11-36.tfrecord
Reading /project/foster/clouds/data/gee/gdrive17AUG2018Afternoon/2017-01-18_MOD09GA_background_removal_zero_inputated_image_with_cf_50perc_grid_size10-0000000000-0000035328.tif
Writing to 10-35.tfrecord
Writing to 15-25.tfrecord
Reading /project/foster/clouds/data/gee/gdrive17AUG2018Afternoon/2017-01-30_MOD09GA_background_removal_zero_inputated_image_with_cf_50perc_grid_size10-0000017664-0000017664.tif
Reading /project/foster/clouds/data/gee/gdrive17AUG2018Afternoon/2017-01-16_MOD09GA_background_removal_zero_inputated_image_with_cf_50perc_grid_size10-0000000000-0000052992.tif
Writing to 7-21.tfrecord
Reading /project/foster/clouds/data/gee/gdrive17AUG2018Afternoon/2017-01-29_MOD09GA_background_removal_zero_inputated_image_with_cf_50perc_grid_size10-0000000000-0000052992.tif
Reading /project/foster/clouds/data/gee/gdrive17AUG2018Afternoon/2017-01-19_MOD09GA_background_removal_zero_inputated_image_with_cf_50perc_grid_size10-0000000000-0000052992.tif
Writing to 10-36.tfrecord
Reading /project/foster/clouds/data/gee/gdrive17AUG2018Afternoon/2017-01-26_MOD09GA_background_removal_zero_inputated_image_with_cf_50perc_grid_size10-0000000000-0000070656.tif
Reading /project/foster/clouds/data/gee/gdrive17AUG2018Afternoon/2017-01-14_MOD09GA_background_removal_zero_inputated_image_with_cf_50perc_grid_size10-0000000000-0000017664.tif
Writing to 10-37.tfrecord
Reading /project/foster/clouds/data/gee/gdrive17AUG2018Afternoon/2017-01-30_MOD09GA_background_removal_zero_inputated_image_with_cf_50perc_grid_size10-0000017664-0000052992.tif
Writing to 1-15.tfrecord
Writing to 0-29.tfrecord
Reading /project/foster/clouds/data/gee/gdrive17AUG2018Afternoon/2017-01-21_MOD09GA_background_removal_zero_inputated_image_with_cf_50perc_grid_size10-0000017664-0000035328.tif
Writing to 8-35.tfrecord
Writing to 6-29.tfrecord
Writing to 4-27.tfrecord
Writing to 14-29.tfrecord
Reading /project/foster/clouds/data/gee/gdrive17AUG2018Afternoon/2017-01-15_MOD09GA_background_removal_zero_inputated_image_with_cf_50perc_grid_size10-0000000000-0000017664.tif
Writing to 0-30.tfrecord
Reading /project/foster/clouds/data/gee/gdrive17AUG2018Afternoon/2017-01-26_MOD09GA_background_removal_zero_inputated_image_with_cf_50perc_grid_size10-0000017664-0000052992.tif
Writing to 5-18.tfrecord
Writing to 4-28.tfrecord
Writing to 14-30.tfrecord
Reading /project/foster/clouds/data/gee/gdrive17AUG2018Afternoon/2017-01-26_MOD09GA_background_removal_zero_inputated_image_with_cf_50perc_grid_size10-0000017664-0000017664.tif
Writing to 11-37.tfrecord
Reading /project/foster/clouds/data/gee/gdrive17AUG2018Afternoon/2017-01-28_MOD09GA_background_removal_zero_inputated_image_with_cf_50perc_grid_size10-0000000000-0000000000.tif
Reading /project/foster/clouds/data/gee/gdrive17AUG2018Afternoon/2017-01-25_MOD09GA_background_removal_zero_inputated_image_with_cf_50perc_grid_size10-0000017664-0000017664.tif
Writing to 11-38.tfrecord
Writing to 11-39.tfrecord
Writing to 0-31.tfrecord
Writing to 15-26.tfrecord
Writing to 2-33.tfrecord
Writing to 13-17.tfrecord
Writing to 0-32.tfrecord
Reading /project/foster/clouds/data/gee/gdrive17AUG2018Afternoon/2017-01-28_MOD09GA_background_removal_zero_inputated_image_with_cf_50perc_grid_size10-0000000000-0000070656.tif
Reading /project/foster/clouds/data/gee/gdrive17AUG2018Afternoon/2017-01-28_MOD09GA_background_removal_zero_inputated_image_with_cf_50perc_grid_size10-0000000000-0000035328.tif
Writing to 9-18.tfrecord
Writing to 7-22.tfrecord
Writing to 11-40.tfrecord
Writing to 8-36.tfrecord
Writing to 12-20.tfrecord
Writing to 14-31.tfrecord
Writing to 4-29.tfrecord
Writing to 3-17.tfrecord
Writing to 10-38.tfrecord
Rank 10 wrote 380382 patches
Rank 10 done.
Writing to 1-16.tfrecord
Writing to 2-34.tfrecord
Rank 8 wrote 363596 patches
Rank 8 done.
Reading /project/foster/clouds/data/gee/gdrive17AUG2018Afternoon/2017-01-23_MOD09GA_background_removal_zero_inputated_image_with_cf_50perc_grid_size10-0000000000-0000052992.tif
Writing to 6-30.tfrecord
Writing to 5-19.tfrecord
Writing to 2-35.tfrecord
Writing to 13-18.tfrecord
Reading /project/foster/clouds/data/gee/gdrive17AUG2018Afternoon/2017-01-30_MOD09GA_background_removal_zero_inputated_image_with_cf_50perc_grid_size10-0000000000-0000000000.tif
Reading /project/foster/clouds/data/gee/gdrive17AUG2018Afternoon/2017-01-12_MOD09GA_background_removal_zero_inputated_image_with_cf_50perc_grid_size10-0000000000-0000052992.tif
Reading /project/foster/clouds/data/gee/gdrive17AUG2018Afternoon/2017-01-30_MOD09GA_background_removal_zero_inputated_image_with_cf_50perc_grid_size10-0000017664-0000070656.tif
Writing to 0-33.tfrecord
Reading /project/foster/clouds/data/gee/gdrive17AUG2018Afternoon/2017-01-27_MOD09GA_background_removal_zero_inputated_image_with_cf_50perc_grid_size10-0000000000-0000035328.tif
Writing to 0-34.tfrecord
Writing to 9-19.tfrecord
Writing to 14-32.tfrecord
Writing to 7-23.tfrecord
Writing to 4-30.tfrecord
Writing to 0-35.tfrecord
Writing to 11-41.tfrecord
Writing to 12-21.tfrecord
Reading /project/foster/clouds/data/gee/gdrive17AUG2018Afternoon/2017-01-23_MOD09GA_background_removal_zero_inputated_image_with_cf_50perc_grid_size10-0000017664-0000052992.tif
Reading /project/foster/clouds/data/gee/gdrive17AUG2018Afternoon/2017-01-29_MOD09GA_background_removal_zero_inputated_image_with_cf_50perc_grid_size10-0000017664-0000052992.tif
Writing to 15-27.tfrecord
Rank 11 wrote 414594 patches
Rank 11 done.
Writing to 3-18.tfrecord
Writing to 0-36.tfrecord
Writing to 2-36.tfrecord
Reading /project/foster/clouds/data/gee/gdrive17AUG2018Afternoon/2017-01-31_MOD09GA_background_removal_zero_inputated_image_with_cf_50perc_grid_size10-0000000000-0000070656.tif
Writing to 13-19.tfrecord
Writing to 5-20.tfrecord
Writing to 9-20.tfrecord
Writing to 6-31.tfrecord
Writing to 7-24.tfrecord
Writing to 12-22.tfrecord
Writing to 0-37.tfrecord
Writing to 14-33.tfrecord
Writing to 1-17.tfrecord
Reading /project/foster/clouds/data/gee/gdrive17AUG2018Afternoon/2017-01-19_MOD09GA_background_removal_zero_inputated_image_with_cf_50perc_grid_size10-0000017664-0000052992.tif
Writing to 0-38.tfrecord
Reading /project/foster/clouds/data/gee/gdrive17AUG2018Afternoon/2017-01-25_MOD09GA_background_removal_zero_inputated_image_with_cf_50perc_grid_size10-0000000000-0000070656.tif
Writing to 15-28.tfrecord
Rank 0 wrote 387304 patches
Rank 0 done.
Reading /project/foster/clouds/data/gee/gdrive17AUG2018Afternoon/2017-01-15_MOD09GA_background_removal_zero_inputated_image_with_cf_50perc_grid_size10-0000017664-0000070656.tif
Writing to 9-21.tfrecord
Reading /project/foster/clouds/data/gee/gdrive17AUG2018Afternoon/2017-01-29_MOD09GA_background_removal_zero_inputated_image_with_cf_50perc_grid_size10-0000017664-0000017664.tif
Writing to 13-20.tfrecord
Writing to 2-37.tfrecord
Reading /project/foster/clouds/data/gee/gdrive17AUG2018Afternoon/2017-01-16_MOD09GA_background_removal_zero_inputated_image_with_cf_50perc_grid_size10-0000017664-0000035328.tif
Writing to 3-19.tfrecord
Reading /project/foster/clouds/data/gee/gdrive17AUG2018Afternoon/2017-01-17_MOD09GA_background_removal_zero_inputated_image_with_cf_50perc_grid_size10-0000017664-0000070656.tif
Writing to 6-32.tfrecord
Writing to 4-31.tfrecord
Writing to 7-25.tfrecord
Writing to 12-23.tfrecord
Reading /project/foster/clouds/data/gee/gdrive17AUG2018Afternoon/2017-01-20_MOD09GA_background_removal_zero_inputated_image_with_cf_50perc_grid_size10-0000017664-0000070656.tif
Writing to 9-22.tfrecord
Reading /project/foster/clouds/data/gee/gdrive17AUG2018Afternoon/2017-01-19_MOD09GA_background_removal_zero_inputated_image_with_cf_50perc_grid_size10-0000017664-0000000000.tif
Reading /project/foster/clouds/data/gee/gdrive17AUG2018Afternoon/2017-01-31_MOD09GA_background_removal_zero_inputated_image_with_cf_50perc_grid_size10-0000017664-0000017664.tif
Writing to 5-21.tfrecord
Writing to 1-18.tfrecord
Writing to 7-26.tfrecord
Reading /project/foster/clouds/data/gee/gdrive17AUG2018Afternoon/2017-01-21_MOD09GA_background_removal_zero_inputated_image_with_cf_50perc_grid_size10-0000000000-0000070656.tif
Reading /project/foster/clouds/data/gee/gdrive17AUG2018Afternoon/2017-01-15_MOD09GA_background_removal_zero_inputated_image_with_cf_50perc_grid_size10-0000017664-0000035328.tif
Reading /project/foster/clouds/data/gee/gdrive17AUG2018Afternoon/2017-01-22_MOD09GA_background_removal_zero_inputated_image_with_cf_50perc_grid_size10-0000017664-0000000000.tif
Reading /project/foster/clouds/data/gee/gdrive17AUG2018Afternoon/2017-01-17_MOD09GA_background_removal_zero_inputated_image_with_cf_50perc_grid_size10-0000017664-0000000000.tif
Writing to 15-29.tfrecord
Writing to 6-33.tfrecord
Writing to 1-19.tfrecord
Writing to 9-23.tfrecord
Writing to 14-34.tfrecord
Reading /project/foster/clouds/data/gee/gdrive17AUG2018Afternoon/2017-01-21_MOD09GA_background_removal_zero_inputated_image_with_cf_50perc_grid_size10-0000000000-0000017664.tif
Writing to 2-38.tfrecord
Writing to 1-20.tfrecord
Reading /project/foster/clouds/data/gee/gdrive17AUG2018Afternoon/2017-01-28_MOD09GA_background_removal_zero_inputated_image_with_cf_50perc_grid_size10-0000017664-0000052992.tif
Reading /project/foster/clouds/data/gee/gdrive17AUG2018Afternoon/2017-01-13_MOD09GA_background_removal_zero_inputated_image_with_cf_50perc_grid_size10-0000017664-0000070656.tif
Reading /project/foster/clouds/data/gee/gdrive17AUG2018Afternoon/2017-01-24_MOD09GA_background_removal_zero_inputated_image_with_cf_50perc_grid_size10-0000000000-0000017664.tif
Writing to 12-24.tfrecord
Writing to 6-34.tfrecord
Writing to 4-32.tfrecord
Writing to 1-21.tfrecord
Reading /project/foster/clouds/data/gee/gdrive17AUG2018Afternoon/2017-01-15_MOD09GA_background_removal_zero_inputated_image_with_cf_50perc_grid_size10-0000017664-0000000000.tif
Writing to 12-25.tfrecord
Reading /project/foster/clouds/data/gee/gdrive17AUG2018Afternoon/2017-01-30_MOD09GA_background_removal_zero_inputated_image_with_cf_50perc_grid_size10-0000000000-0000070656.tif
Reading /project/foster/clouds/data/gee/gdrive17AUG2018Afternoon/2017-01-23_MOD09GA_background_removal_zero_inputated_image_with_cf_50perc_grid_size10-0000000000-0000000000.tif
Writing to 13-21.tfrecord
Writing to 9-24.tfrecord
Reading /project/foster/clouds/data/gee/gdrive17AUG2018Afternoon/2017-01-27_MOD09GA_background_removal_zero_inputated_image_with_cf_50perc_grid_size10-0000000000-0000000000.tif
Reading /project/foster/clouds/data/gee/gdrive17AUG2018Afternoon/2017-01-31_MOD09GA_background_removal_zero_inputated_image_with_cf_50perc_grid_size10-0000000000-0000035328.tif
Writing to 7-27.tfrecord
Writing to 3-20.tfrecord
Writing to 15-30.tfrecord
Reading /project/foster/clouds/data/gee/gdrive17AUG2018Afternoon/2017-01-19_MOD09GA_background_removal_zero_inputated_image_with_cf_50perc_grid_size10-0000000000-0000017664.tif
Writing to 6-35.tfrecord
Writing to 9-25.tfrecord
Writing to 7-28.tfrecord
Writing to 6-36.tfrecord
Reading /project/foster/clouds/data/gee/gdrive17AUG2018Afternoon/2017-01-18_MOD09GA_background_removal_zero_inputated_image_with_cf_50perc_grid_size10-0000000000-0000052992.tif
Writing to 9-26.tfrecord
Rank 6 wrote 366145 patches
Rank 6 done.
Writing to 7-29.tfrecord
Reading /project/foster/clouds/data/gee/gdrive17AUG2018Afternoon/2017-01-17_MOD09GA_background_removal_zero_inputated_image_with_cf_50perc_grid_size10-0000000000-0000017664.tif
Reading /project/foster/clouds/data/gee/gdrive17AUG2018Afternoon/2017-01-22_MOD09GA_background_removal_zero_inputated_image_with_cf_50perc_grid_size10-0000017664-0000035328.tif
Writing to 12-26.tfrecord
Writing to 2-39.tfrecord
Reading /project/foster/clouds/data/gee/gdrive17AUG2018Afternoon/2017-01-25_MOD09GA_background_removal_zero_inputated_image_with_cf_50perc_grid_size10-0000017664-0000035328.tif
Writing to 12-27.tfrecord
Reading /project/foster/clouds/data/gee/gdrive17AUG2018Afternoon/2017-01-17_MOD09GA_background_removal_zero_inputated_image_with_cf_50perc_grid_size10-0000000000-0000052992.tif
Writing to 12-28.tfrecord
Reading /project/foster/clouds/data/gee/gdrive17AUG2018Afternoon/2017-01-24_MOD09GA_background_removal_zero_inputated_image_with_cf_50perc_grid_size10-0000017664-0000017664.tif
Writing to 9-27.tfrecord
Writing to 7-30.tfrecord
Reading /project/foster/clouds/data/gee/gdrive17AUG2018Afternoon/2017-01-24_MOD09GA_background_removal_zero_inputated_image_with_cf_50perc_grid_size10-0000000000-0000052992.tif
Rank 2 wrote 394413 patches
Rank 2 done.
Reading /project/foster/clouds/data/gee/gdrive17AUG2018Afternoon/2017-01-27_MOD09GA_background_removal_zero_inputated_image_with_cf_50perc_grid_size10-0000000000-0000052992.tif
Writing to 15-31.tfrecord
Writing to 14-35.tfrecord
Writing to 4-33.tfrecord
Reading /project/foster/clouds/data/gee/gdrive17AUG2018Afternoon/2017-01-24_MOD09GA_background_removal_zero_inputated_image_with_cf_50perc_grid_size10-0000017664-0000070656.tif
Writing to 5-22.tfrecord
Writing to 12-29.tfrecord
Reading /project/foster/clouds/data/gee/gdrive17AUG2018Afternoon/2017-01-26_MOD09GA_background_removal_zero_inputated_image_with_cf_50perc_grid_size10-0000000000-0000035328.tif
Writing to 1-22.tfrecord
Writing to 3-21.tfrecord
Writing to 9-28.tfrecord
Writing to 7-31.tfrecord
Writing to 13-22.tfrecord
Writing to 3-22.tfrecord
Writing to 3-23.tfrecord
Writing to 12-30.tfrecord
Writing to 4-34.tfrecord
Writing to 14-36.tfrecord
Writing to 7-32.tfrecord
Writing to 12-31.tfrecord
Writing to 15-32.tfrecord
Reading /project/foster/clouds/data/gee/gdrive17AUG2018Afternoon/2017-01-26_MOD09GA_background_removal_zero_inputated_image_with_cf_50perc_grid_size10-0000017664-0000000000.tif
Writing to 12-32.tfrecord
Writing to 5-23.tfrecord
Reading /project/foster/clouds/data/gee/gdrive17AUG2018Afternoon/2017-01-27_MOD09GA_background_removal_zero_inputated_image_with_cf_50perc_grid_size10-0000017664-0000052992.tif
Writing to 9-29.tfrecord
Reading /project/foster/clouds/data/gee/gdrive17AUG2018Afternoon/2017-01-28_MOD09GA_background_removal_zero_inputated_image_with_cf_50perc_grid_size10-0000000000-0000017664.tif
Writing to 1-23.tfrecord
Writing to 12-33.tfrecord
Reading /project/foster/clouds/data/gee/gdrive17AUG2018Afternoon/2017-01-28_MOD09GA_background_removal_zero_inputated_image_with_cf_50perc_grid_size10-0000017664-0000017664.tif
Reading /project/foster/clouds/data/gee/gdrive17AUG2018Afternoon/2017-01-29_MOD09GA_background_removal_zero_inputated_image_with_cf_50perc_grid_size10-0000000000-0000070656.tif
Writing to 3-24.tfrecord
Writing to 13-23.tfrecord
Writing to 7-33.tfrecord
Writing to 14-37.tfrecord
Writing to 12-34.tfrecord
Writing to 15-33.tfrecord
Reading /project/foster/clouds/data/gee/gdrive17AUG2018Afternoon/2017-01-18_MOD09GA_background_removal_zero_inputated_image_with_cf_50perc_grid_size10-0000017664-0000070656.tif
Reading /project/foster/clouds/data/gee/gdrive17AUG2018Afternoon/2017-01-31_MOD09GA_background_removal_zero_inputated_image_with_cf_50perc_grid_size10-0000000000-0000000000.tif
Writing to 15-34.tfrecord
Writing to 4-35.tfrecord
Writing to 5-24.tfrecord
Rank 14 wrote 373696 patches
Rank 14 done.
Writing to 9-30.tfrecord
Writing to 1-24.tfrecord
Writing to 15-35.tfrecord
Writing to 3-25.tfrecord
Writing to 7-34.tfrecord
Writing to 12-35.tfrecord
Writing to 13-24.tfrecord
Reading /project/foster/clouds/data/gee/gdrive17AUG2018Afternoon/2017-01-20_MOD09GA_background_removal_zero_inputated_image_with_cf_50perc_grid_size10-0000017664-0000000000.tif
Reading /project/foster/clouds/data/gee/gdrive17AUG2018Afternoon/2017-01-30_MOD09GA_background_removal_zero_inputated_image_with_cf_50perc_grid_size10-0000000000-0000035328.tif
Reading /project/foster/clouds/data/gee/gdrive17AUG2018Afternoon/2017-01-20_MOD09GA_background_removal_zero_inputated_image_with_cf_50perc_grid_size10-0000017664-0000035328.tif
Writing to 3-26.tfrecord
Writing to 4-36.tfrecord
Writing to 5-25.tfrecord
Writing to 9-31.tfrecord
Reading /project/foster/clouds/data/gee/gdrive17AUG2018Afternoon/2017-01-22_MOD09GA_background_removal_zero_inputated_image_with_cf_50perc_grid_size10-0000000000-0000017664.tif
Reading /project/foster/clouds/data/gee/gdrive17AUG2018Afternoon/2017-01-29_MOD09GA_background_removal_zero_inputated_image_with_cf_50perc_grid_size10-0000017664-0000035328.tif
Writing to 1-25.tfrecord
Writing to 15-36.tfrecord
Writing to 7-35.tfrecord
Writing to 12-36.tfrecord
Writing to 13-25.tfrecord
Reading /project/foster/clouds/data/gee/gdrive17AUG2018Afternoon/2017-01-18_MOD09GA_background_removal_zero_inputated_image_with_cf_50perc_grid_size10-0000017664-0000035328.tif
Reading /project/foster/clouds/data/gee/gdrive17AUG2018Afternoon/2017-01-28_MOD09GA_background_removal_zero_inputated_image_with_cf_50perc_grid_size10-0000017664-0000070656.tif
Writing to 4-37.tfrecord
Reading /project/foster/clouds/data/gee/gdrive17AUG2018Afternoon/2017-01-25_MOD09GA_background_removal_zero_inputated_image_with_cf_50perc_grid_size10-0000017664-0000070656.tif
Writing to 3-27.tfrecord
Reading /project/foster/clouds/data/gee/gdrive17AUG2018Afternoon/2017-01-19_MOD09GA_background_removal_zero_inputated_image_with_cf_50perc_grid_size10-0000017664-0000070656.tif
Rank 12 wrote 367007 patches
Rank 12 done.
Writing to 5-26.tfrecord
Writing to 9-32.tfrecord
Reading /project/foster/clouds/data/gee/gdrive17AUG2018Afternoon/2017-01-22_MOD09GA_background_removal_zero_inputated_image_with_cf_50perc_grid_size10-0000000000-0000052992.tif
Writing to 1-26.tfrecord
Reading /project/foster/clouds/data/gee/gdrive17AUG2018Afternoon/2017-01-30_MOD09GA_background_removal_zero_inputated_image_with_cf_50perc_grid_size10-0000017664-0000000000.tif
Writing to 15-37.tfrecord
Writing to 7-36.tfrecord
Writing to 13-26.tfrecord
Reading /project/foster/clouds/data/gee/gdrive17AUG2018Afternoon/2017-01-31_MOD09GA_background_removal_zero_inputated_image_with_cf_50perc_grid_size10-0000000000-0000052992.tif
Rank 7 wrote 363081 patches
Rank 7 done.
Reading /project/foster/clouds/data/gee/gdrive17AUG2018Afternoon/2017-01-20_MOD09GA_background_removal_zero_inputated_image_with_cf_50perc_grid_size10-0000000000-0000052992.tif
Reading /project/foster/clouds/data/gee/gdrive17AUG2018Afternoon/2017-01-27_MOD09GA_background_removal_zero_inputated_image_with_cf_50perc_grid_size10-0000017664-0000000000.tif
Reading /project/foster/clouds/data/gee/gdrive17AUG2018Afternoon/2017-01-21_MOD09GA_background_removal_zero_inputated_image_with_cf_50perc_grid_size10-0000017664-0000000000.tif
Writing to 4-38.tfrecord
Writing to 3-28.tfrecord
Reading /project/foster/clouds/data/gee/gdrive17AUG2018Afternoon/2017-01-31_MOD09GA_background_removal_zero_inputated_image_with_cf_50perc_grid_size10-0000017664-0000052992.tif
Writing to 5-27.tfrecord
Writing to 9-33.tfrecord
Writing to 1-27.tfrecord
Reading /project/foster/clouds/data/gee/gdrive17AUG2018Afternoon/2017-01-29_MOD09GA_background_removal_zero_inputated_image_with_cf_50perc_grid_size10-0000000000-0000017664.tif
Writing to 15-38.tfrecord
Reading /project/foster/clouds/data/gee/gdrive17AUG2018Afternoon/2017-01-23_MOD09GA_background_removal_zero_inputated_image_with_cf_50perc_grid_size10-0000000000-0000017664.tif
Writing to 13-27.tfrecord
Writing to 4-39.tfrecord
Writing to 3-29.tfrecord
Writing to 5-28.tfrecord
Rank 4 wrote 391321 patches
Rank 4 done.
Writing to 9-34.tfrecord
Writing to 1-28.tfrecord
Writing to 15-39.tfrecord
Writing to 13-28.tfrecord
Reading /project/foster/clouds/data/gee/gdrive17AUG2018Afternoon/2017-01-23_MOD09GA_background_removal_zero_inputated_image_with_cf_50perc_grid_size10-0000017664-0000035328.tif
Writing to 3-30.tfrecord
Writing to 5-29.tfrecord
Writing to 9-35.tfrecord
Writing to 1-29.tfrecord
Writing to 15-40.tfrecord
Writing to 13-29.tfrecord
Reading /project/foster/clouds/data/gee/gdrive17AUG2018Afternoon/2017-01-25_MOD09GA_background_removal_zero_inputated_image_with_cf_50perc_grid_size10-0000000000-0000052992.tif
Writing to 3-31.tfrecord
Writing to 5-30.tfrecord
Writing to 9-36.tfrecord
Writing to 1-30.tfrecord
Writing to 15-41.tfrecord
Writing to 13-30.tfrecord
Rank 15 wrote 411557 patches
Rank 15 done.
Reading /project/foster/clouds/data/gee/gdrive17AUG2018Afternoon/2017-01-23_MOD09GA_background_removal_zero_inputated_image_with_cf_50perc_grid_size10-0000017664-0000070656.tif
Reading /project/foster/clouds/data/gee/gdrive17AUG2018Afternoon/2017-01-24_MOD09GA_background_removal_zero_inputated_image_with_cf_50perc_grid_size10-0000017664-0000035328.tif
Writing to 3-32.tfrecord
Writing to 5-31.tfrecord
Writing to 9-37.tfrecord
Reading /project/foster/clouds/data/gee/gdrive17AUG2018Afternoon/2017-01-30_MOD09GA_background_removal_zero_inputated_image_with_cf_50perc_grid_size10-0000017664-0000035328.tif
Reading /project/foster/clouds/data/gee/gdrive17AUG2018Afternoon/2017-01-21_MOD09GA_background_removal_zero_inputated_image_with_cf_50perc_grid_size10-0000017664-0000070656.tif
Writing to 1-31.tfrecord
Reading /project/foster/clouds/data/gee/gdrive17AUG2018Afternoon/2017-01-25_MOD09GA_background_removal_zero_inputated_image_with_cf_50perc_grid_size10-0000017664-0000000000.tif
Writing to 13-31.tfrecord
Reading /project/foster/clouds/data/gee/gdrive17AUG2018Afternoon/2017-01-26_MOD09GA_background_removal_zero_inputated_image_with_cf_50perc_grid_size10-0000000000-0000052992.tif
Writing to 3-33.tfrecord
Writing to 5-32.tfrecord
Writing to 9-38.tfrecord
Reading /project/foster/clouds/data/gee/gdrive17AUG2018Afternoon/2017-01-27_MOD09GA_background_removal_zero_inputated_image_with_cf_50perc_grid_size10-0000000000-0000017664.tif
Reading /project/foster/clouds/data/gee/gdrive17AUG2018Afternoon/2017-01-23_MOD09GA_background_removal_zero_inputated_image_with_cf_50perc_grid_size10-0000017664-0000000000.tif
Writing to 1-32.tfrecord
Rank 9 wrote 382876 patches
Rank 9 done.
Writing to 13-32.tfrecord
Reading /project/foster/clouds/data/gee/gdrive17AUG2018Afternoon/2017-01-25_MOD09GA_background_removal_zero_inputated_image_with_cf_50perc_grid_size10-0000000000-0000017664.tif
Writing to 3-34.tfrecord
Writing to 5-33.tfrecord
Writing to 1-33.tfrecord
Writing to 13-33.tfrecord
Writing to 3-35.tfrecord
Writing to 5-34.tfrecord
Reading /project/foster/clouds/data/gee/gdrive17AUG2018Afternoon/2017-01-26_MOD09GA_background_removal_zero_inputated_image_with_cf_50perc_grid_size10-0000017664-0000070656.tif
Writing to 1-34.tfrecord
Writing to 13-34.tfrecord
Reading /project/foster/clouds/data/gee/gdrive17AUG2018Afternoon/2017-01-28_MOD09GA_background_removal_zero_inputated_image_with_cf_50perc_grid_size10-0000017664-0000000000.tif
Writing to 3-36.tfrecord
Writing to 5-35.tfrecord
Writing to 1-35.tfrecord
Reading /project/foster/clouds/data/gee/gdrive17AUG2018Afternoon/2017-01-30_MOD09GA_background_removal_zero_inputated_image_with_cf_50perc_grid_size10-0000000000-0000017664.tif
Writing to 13-35.tfrecord
Reading /project/foster/clouds/data/gee/gdrive17AUG2018Afternoon/2017-01-28_MOD09GA_background_removal_zero_inputated_image_with_cf_50perc_grid_size10-0000017664-0000035328.tif
Reading /project/foster/clouds/data/gee/gdrive17AUG2018Afternoon/2017-01-26_MOD09GA_background_removal_zero_inputated_image_with_cf_50perc_grid_size10-0000017664-0000035328.tif
Writing to 3-37.tfrecord
Writing to 5-36.tfrecord
Writing to 1-36.tfrecord
Writing to 13-36.tfrecord
Reading /project/foster/clouds/data/gee/gdrive17AUG2018Afternoon/2017-01-27_MOD09GA_background_removal_zero_inputated_image_with_cf_50perc_grid_size10-0000017664-0000070656.tif
Reading /project/foster/clouds/data/gee/gdrive17AUG2018Afternoon/2017-01-30_MOD09GA_background_removal_zero_inputated_image_with_cf_50perc_grid_size10-0000000000-0000052992.tif
Reading /project/foster/clouds/data/gee/gdrive17AUG2018Afternoon/2017-01-28_MOD09GA_background_removal_zero_inputated_image_with_cf_50perc_grid_size10-0000000000-0000052992.tif
Writing to 3-38.tfrecord
Reading /project/foster/clouds/data/gee/gdrive17AUG2018Afternoon/2017-01-29_MOD09GA_background_removal_zero_inputated_image_with_cf_50perc_grid_size10-0000017664-0000000000.tif
Writing to 5-37.tfrecord
Writing to 1-37.tfrecord
Writing to 13-37.tfrecord
Reading /project/foster/clouds/data/gee/gdrive17AUG2018Afternoon/2017-01-31_MOD09GA_background_removal_zero_inputated_image_with_cf_50perc_grid_size10-0000000000-0000017664.tif
Writing to 3-39.tfrecord
Writing to 5-38.tfrecord
Writing to 1-38.tfrecord
Writing to 13-38.tfrecord
Reading /project/foster/clouds/data/gee/gdrive17AUG2018Afternoon/2017-01-31_MOD09GA_background_removal_zero_inputated_image_with_cf_50perc_grid_size10-0000017664-0000035328.tif
Writing to 3-40.tfrecord
Writing to 5-39.tfrecord
Writing to 1-39.tfrecord
Writing to 13-39.tfrecord
Writing to 3-41.tfrecord
Rank 3 wrote 410688 patches
Rank 3 done.
Writing to 5-40.tfrecord
Writing to 1-40.tfrecord
Writing to 13-40.tfrecord
Reading /project/foster/clouds/data/gee/gdrive17AUG2018Afternoon/2017-01-29_MOD09GA_background_removal_zero_inputated_image_with_cf_50perc_grid_size10-0000017664-0000070656.tif
Rank 13 wrote 404489 patches
Rank 13 done.
Writing to 5-41.tfrecord
Reading /project/foster/clouds/data/gee/gdrive17AUG2018Afternoon/2017-01-31_MOD09GA_background_removal_zero_inputated_image_with_cf_50perc_grid_size10-0000017664-0000070656.tif
Reading /project/foster/clouds/data/gee/gdrive17AUG2018Afternoon/2017-01-31_MOD09GA_background_removal_zero_inputated_image_with_cf_50perc_grid_size10-0000017664-0000000000.tif
Writing to 1-41.tfrecord
Rank 5 wrote 414146 patches
Rank 5 done.
Rank 1 wrote 414879 patches
Rank 1 done.
