/tmp/slurmd/job48437907/slurm_script: line 0: unalias: pine: not found
/tmp/slurmd/job48437907/slurm_script: line 0: unalias: quota: not found
/tmp/slurmd/job48437907/slurm_script: line 0: unalias: chsh: not found
/tmp/slurmd/job48437907/slurm_script: line 0: unalias: grpe: not found
/tmp/slurmd/job48437907/slurm_script: line 0: unalias: alloc: not found
/tmp/slurmd/job48437907/slurm_script: line 0: unalias: vi: not found
/tmp/slurmd/job48437907/slurm_script: line 0: unalias: chfn: not found
2018-08-14 15:05:18.667233: I tensorflow/core/platform/cpu_feature_guard.cc:141] Your CPU supports instructions that this TensorFlow binary was not compiled to use: AVX2 FMA
2018-08-14 15:05:18.880175: I tensorflow/core/common_runtime/gpu/gpu_device.cc:1392] Found device 0 with properties: 
name: Tesla K80 major: 3 minor: 7 memoryClockRate(GHz): 0.8235
pciBusID: 0000:89:00.0
totalMemory: 11.17GiB freeMemory: 11.10GiB
2018-08-14 15:05:18.880265: I tensorflow/core/common_runtime/gpu/gpu_device.cc:1471] Adding visible gpu devices: 0
2018-08-14 15:05:29.406110: I tensorflow/core/common_runtime/gpu/gpu_device.cc:952] Device interconnect StreamExecutor with strength 1 edge matrix:
2018-08-14 15:05:29.406179: I tensorflow/core/common_runtime/gpu/gpu_device.cc:958]      0 
2018-08-14 15:05:29.406194: I tensorflow/core/common_runtime/gpu/gpu_device.cc:971] 0:   N 
2018-08-14 15:05:29.406624: I tensorflow/core/common_runtime/gpu/gpu_device.cc:1084] Created TensorFlow device (/job:localhost/replica:0/task:0/device:GPU:0 with 10760 MB memory) -> physical GPU (device: 0, name: Tesla K80, pci bus id: 0000:89:00.0, compute capability: 3.7)
2018-08-14 15:05:38.083402: I tensorflow/core/common_runtime/gpu/gpu_device.cc:1471] Adding visible gpu devices: 0
2018-08-14 15:05:38.083476: I tensorflow/core/common_runtime/gpu/gpu_device.cc:952] Device interconnect StreamExecutor with strength 1 edge matrix:
2018-08-14 15:05:38.083490: I tensorflow/core/common_runtime/gpu/gpu_device.cc:958]      0 
2018-08-14 15:05:38.083499: I tensorflow/core/common_runtime/gpu/gpu_device.cc:971] 0:   N 
2018-08-14 15:05:38.083710: I tensorflow/core/common_runtime/gpu/gpu_device.cc:1084] Created TensorFlow device (/job:localhost/replica:0/task:0/device:GPU:0 with 10760 MB memory) -> physical GPU (device: 0, name: Tesla K80, pci bus id: 0000:89:00.0, compute capability: 3.7)
2018-08-15 16:22:57.439763: I tensorflow/core/common_runtime/gpu/gpu_device.cc:1471] Adding visible gpu devices: 0
2018-08-15 16:22:57.440961: I tensorflow/core/common_runtime/gpu/gpu_device.cc:952] Device interconnect StreamExecutor with strength 1 edge matrix:
2018-08-15 16:22:57.440980: I tensorflow/core/common_runtime/gpu/gpu_device.cc:958]      0 
2018-08-15 16:22:57.441010: I tensorflow/core/common_runtime/gpu/gpu_device.cc:971] 0:   N 
2018-08-15 16:22:57.441242: I tensorflow/core/common_runtime/gpu/gpu_device.cc:1084] Created TensorFlow device (/job:localhost/replica:0/task:0/device:GPU:0 with 10760 MB memory) -> physical GPU (device: 0, name: Tesla K80, pci bus id: 0000:89:00.0, compute capability: 3.7)
