/tmp/slurmd/job48403561/slurm_script: line 0: unalias: pine: not found
/tmp/slurmd/job48403561/slurm_script: line 0: unalias: quota: not found
/tmp/slurmd/job48403561/slurm_script: line 0: unalias: chsh: not found
/tmp/slurmd/job48403561/slurm_script: line 0: unalias: grpe: not found
/tmp/slurmd/job48403561/slurm_script: line 0: unalias: alloc: not found
/tmp/slurmd/job48403561/slurm_script: line 0: unalias: vi: not found
/tmp/slurmd/job48403561/slurm_script: line 0: unalias: chfn: not found
2018-08-13 14:59:39.575995: I tensorflow/core/platform/cpu_feature_guard.cc:141] Your CPU supports instructions that this TensorFlow binary was not compiled to use: AVX2 FMA
2018-08-13 14:59:39.843960: I tensorflow/core/common_runtime/gpu/gpu_device.cc:1392] Found device 0 with properties: 
name: Tesla K80 major: 3 minor: 7 memoryClockRate(GHz): 0.8235
pciBusID: 0000:09:00.0
totalMemory: 11.17GiB freeMemory: 11.10GiB
2018-08-13 14:59:39.844030: I tensorflow/core/common_runtime/gpu/gpu_device.cc:1471] Adding visible gpu devices: 0
2018-08-13 14:59:40.145804: I tensorflow/core/common_runtime/gpu/gpu_device.cc:952] Device interconnect StreamExecutor with strength 1 edge matrix:
2018-08-13 14:59:40.145869: I tensorflow/core/common_runtime/gpu/gpu_device.cc:958]      0 
2018-08-13 14:59:40.145881: I tensorflow/core/common_runtime/gpu/gpu_device.cc:971] 0:   N 
2018-08-13 14:59:40.146187: I tensorflow/core/common_runtime/gpu/gpu_device.cc:1084] Created TensorFlow device (/job:localhost/replica:0/task:0/device:GPU:0 with 10761 MB memory) -> physical GPU (device: 0, name: Tesla K80, pci bus id: 0000:09:00.0, compute capability: 3.7)
2018-08-14 09:30:42.176763: I tensorflow/core/common_runtime/gpu/gpu_device.cc:1471] Adding visible gpu devices: 0
2018-08-14 09:30:42.177968: I tensorflow/core/common_runtime/gpu/gpu_device.cc:952] Device interconnect StreamExecutor with strength 1 edge matrix:
2018-08-14 09:30:42.177998: I tensorflow/core/common_runtime/gpu/gpu_device.cc:958]      0 
2018-08-14 09:30:42.178011: I tensorflow/core/common_runtime/gpu/gpu_device.cc:971] 0:   N 
2018-08-14 09:30:42.178250: I tensorflow/core/common_runtime/gpu/gpu_device.cc:1084] Created TensorFlow device (/job:localhost/replica:0/task:0/device:GPU:0 with 10761 MB memory) -> physical GPU (device: 0, name: Tesla K80, pci bus id: 0000:09:00.0, compute capability: 3.7)
