Tensorflow version: 1.9.0
Current Git Commit: b'51ca358'
Flags:
	data:                      ['/project/foster/clouds/geotfr/1_of_8.tfrecords', '/project/foster/clouds/geotfr/2_of_8.tfrecords', '/project/foster/clouds/geotfr/3_of_8.tfrecords', '/project/foster/clouds/geotfr/4_of_8.tfrecords', '/project/foster/clouds/geotfr/5_of_8.tfrecords', '/project/foster/clouds/geotfr/6_of_8.tfrecords', '/project/foster/clouds/geotfr/7_of_8.tfrecords', '/project/foster/clouds/geotfr/8_of_8.tfrecords']
	batch_size:                32
	model_dir:                 out/m15_5layer_both/
	optimizer:                 adam
	steps_per_epoch:           1000
	n_layers:                  5
	epochs:                    500
	new_model:                 
	shape:                     (64, 64, 7)
	discriminator:             1
	lambda_disc:               0.01
	lambda_gradient_penalty:   10
	n_critic:                  5
	lambda_per:                1.0
	perceptual:                True
	display_imgs:              8
	red_bands:                 [1, 4, 5, 6]
	green_bands:               [0]
	blue_bands:                [2, 3]


